[2024-10-01T20:08:06.151+0700] {processor.py:186} INFO - Started process (PID=52187) to work on /Users/prabowo.kadir/.pyenv/versions/3.8.18/lib/python3.8/site-packages/airflow/example_dags/example_params_trigger_ui.py
[2024-10-01T20:08:06.152+0700] {processor.py:914} INFO - Processing file /Users/prabowo.kadir/.pyenv/versions/3.8.18/lib/python3.8/site-packages/airflow/example_dags/example_params_trigger_ui.py for tasks to queue
[2024-10-01T20:08:06.152+0700] {logging_mixin.py:190} INFO - [2024-10-01T20:08:06.152+0700] {dagbag.py:588} INFO - Filling up the DagBag from /Users/prabowo.kadir/.pyenv/versions/3.8.18/lib/python3.8/site-packages/airflow/example_dags/example_params_trigger_ui.py
[2024-10-01T20:08:06.217+0700] {processor.py:925} INFO - DAG(s) 'example_params_trigger_ui' retrieved from /Users/prabowo.kadir/.pyenv/versions/3.8.18/lib/python3.8/site-packages/airflow/example_dags/example_params_trigger_ui.py
[2024-10-01T20:08:06.371+0700] {logging_mixin.py:190} INFO - [2024-10-01T20:08:06.371+0700] {override.py:1900} INFO - Created Permission View: can delete on DAG:example_params_trigger_ui
[2024-10-01T20:08:06.379+0700] {logging_mixin.py:190} INFO - [2024-10-01T20:08:06.379+0700] {override.py:1900} INFO - Created Permission View: can edit on DAG:example_params_trigger_ui
[2024-10-01T20:08:06.392+0700] {logging_mixin.py:190} INFO - [2024-10-01T20:08:06.392+0700] {override.py:1900} INFO - Created Permission View: can read on DAG:example_params_trigger_ui
[2024-10-01T20:08:06.404+0700] {logging_mixin.py:190} INFO - [2024-10-01T20:08:06.404+0700] {override.py:1900} INFO - Created Permission View: can delete on DAG Run:example_params_trigger_ui
[2024-10-01T20:08:06.408+0700] {logging_mixin.py:190} INFO - [2024-10-01T20:08:06.408+0700] {override.py:1900} INFO - Created Permission View: menu access on DAG Run:example_params_trigger_ui
[2024-10-01T20:08:06.415+0700] {logging_mixin.py:190} INFO - [2024-10-01T20:08:06.415+0700] {override.py:1900} INFO - Created Permission View: can create on DAG Run:example_params_trigger_ui
[2024-10-01T20:08:06.427+0700] {logging_mixin.py:190} INFO - [2024-10-01T20:08:06.427+0700] {override.py:1900} INFO - Created Permission View: can read on DAG Run:example_params_trigger_ui
[2024-10-01T20:08:06.428+0700] {logging_mixin.py:190} INFO - [2024-10-01T20:08:06.428+0700] {dag.py:3239} INFO - Sync 1 DAGs
[2024-10-01T20:08:06.441+0700] {logging_mixin.py:190} INFO - [2024-10-01T20:08:06.441+0700] {dag.py:3262} INFO - Creating ORM DAG for example_params_trigger_ui
[2024-10-01T20:08:06.441+0700] {logging_mixin.py:190} INFO - [2024-10-01T20:08:06.441+0700] {dag.py:4180} INFO - Setting next_dagrun for example_params_trigger_ui to None, run_after=None
[2024-10-01T20:08:06.465+0700] {processor.py:208} INFO - Processing /Users/prabowo.kadir/.pyenv/versions/3.8.18/lib/python3.8/site-packages/airflow/example_dags/example_params_trigger_ui.py took 0.319 seconds
[2024-10-01T20:10:51.881+0700] {processor.py:186} INFO - Started process (PID=52388) to work on /Users/prabowo.kadir/.pyenv/versions/3.8.18/lib/python3.8/site-packages/airflow/example_dags/example_params_trigger_ui.py
[2024-10-01T20:10:51.882+0700] {processor.py:914} INFO - Processing file /Users/prabowo.kadir/.pyenv/versions/3.8.18/lib/python3.8/site-packages/airflow/example_dags/example_params_trigger_ui.py for tasks to queue
[2024-10-01T20:10:51.882+0700] {logging_mixin.py:190} INFO - [2024-10-01T20:10:51.882+0700] {dagbag.py:588} INFO - Filling up the DagBag from /Users/prabowo.kadir/.pyenv/versions/3.8.18/lib/python3.8/site-packages/airflow/example_dags/example_params_trigger_ui.py
[2024-10-01T20:10:51.944+0700] {processor.py:925} INFO - DAG(s) 'example_params_trigger_ui' retrieved from /Users/prabowo.kadir/.pyenv/versions/3.8.18/lib/python3.8/site-packages/airflow/example_dags/example_params_trigger_ui.py
[2024-10-01T20:10:52.012+0700] {logging_mixin.py:190} INFO - [2024-10-01T20:10:52.012+0700] {dag.py:3239} INFO - Sync 1 DAGs
[2024-10-01T20:10:52.017+0700] {logging_mixin.py:190} INFO - [2024-10-01T20:10:52.017+0700] {dag.py:4180} INFO - Setting next_dagrun for example_params_trigger_ui to None, run_after=None
[2024-10-01T20:10:52.029+0700] {processor.py:208} INFO - Processing /Users/prabowo.kadir/.pyenv/versions/3.8.18/lib/python3.8/site-packages/airflow/example_dags/example_params_trigger_ui.py took 0.151 seconds
[2024-10-01T20:13:19.197+0700] {processor.py:186} INFO - Started process (PID=52626) to work on /Users/prabowo.kadir/.pyenv/versions/3.8.18/lib/python3.8/site-packages/airflow/example_dags/example_params_trigger_ui.py
[2024-10-01T20:13:19.199+0700] {processor.py:914} INFO - Processing file /Users/prabowo.kadir/.pyenv/versions/3.8.18/lib/python3.8/site-packages/airflow/example_dags/example_params_trigger_ui.py for tasks to queue
[2024-10-01T20:13:19.200+0700] {logging_mixin.py:190} INFO - [2024-10-01T20:13:19.199+0700] {dagbag.py:588} INFO - Filling up the DagBag from /Users/prabowo.kadir/.pyenv/versions/3.8.18/lib/python3.8/site-packages/airflow/example_dags/example_params_trigger_ui.py
[2024-10-01T20:13:19.257+0700] {processor.py:925} INFO - DAG(s) 'example_params_trigger_ui' retrieved from /Users/prabowo.kadir/.pyenv/versions/3.8.18/lib/python3.8/site-packages/airflow/example_dags/example_params_trigger_ui.py
[2024-10-01T20:13:19.323+0700] {logging_mixin.py:190} INFO - [2024-10-01T20:13:19.322+0700] {dag.py:3239} INFO - Sync 1 DAGs
[2024-10-01T20:13:19.327+0700] {logging_mixin.py:190} INFO - [2024-10-01T20:13:19.327+0700] {dag.py:4180} INFO - Setting next_dagrun for example_params_trigger_ui to None, run_after=None
[2024-10-01T20:13:19.355+0700] {processor.py:208} INFO - Processing /Users/prabowo.kadir/.pyenv/versions/3.8.18/lib/python3.8/site-packages/airflow/example_dags/example_params_trigger_ui.py took 0.164 seconds
