[2024-10-01T20:08:40.122+0700] {processor.py:186} INFO - Started process (PID=52221) to work on /Users/prabowo.kadir/.pyenv/versions/3.8.18/lib/python3.8/site-packages/airflow/example_dags/example_datasets.py
[2024-10-01T20:08:40.123+0700] {processor.py:914} INFO - Processing file /Users/prabowo.kadir/.pyenv/versions/3.8.18/lib/python3.8/site-packages/airflow/example_dags/example_datasets.py for tasks to queue
[2024-10-01T20:08:40.124+0700] {logging_mixin.py:190} INFO - [2024-10-01T20:08:40.123+0700] {dagbag.py:588} INFO - Filling up the DagBag from /Users/prabowo.kadir/.pyenv/versions/3.8.18/lib/python3.8/site-packages/airflow/example_dags/example_datasets.py
[2024-10-01T20:08:40.191+0700] {processor.py:925} INFO - DAG(s) 'dataset_produces_1', 'dataset_consumes_1', 'dataset_consumes_unknown_never_scheduled', 'dataset_consumes_1_never_scheduled', 'dataset_produces_2', 'consume_1_or_both_2_and_3_with_dataset_expressions', 'consume_1_or_2_with_dataset_expressions', 'consume_1_and_2_with_dataset_expressions', 'dataset_consumes_1_and_2', 'conditional_dataset_and_time_based_timetable' retrieved from /Users/prabowo.kadir/.pyenv/versions/3.8.18/lib/python3.8/site-packages/airflow/example_dags/example_datasets.py
[2024-10-01T20:08:40.348+0700] {logging_mixin.py:190} INFO - [2024-10-01T20:08:40.348+0700] {override.py:1900} INFO - Created Permission View: can read on DAG:dataset_produces_1
[2024-10-01T20:08:40.361+0700] {logging_mixin.py:190} INFO - [2024-10-01T20:08:40.361+0700] {override.py:1900} INFO - Created Permission View: can delete on DAG:dataset_produces_1
[2024-10-01T20:08:40.367+0700] {logging_mixin.py:190} INFO - [2024-10-01T20:08:40.367+0700] {override.py:1900} INFO - Created Permission View: can edit on DAG:dataset_produces_1
[2024-10-01T20:08:40.374+0700] {logging_mixin.py:190} INFO - [2024-10-01T20:08:40.374+0700] {override.py:1900} INFO - Created Permission View: can read on DAG Run:dataset_produces_1
[2024-10-01T20:08:40.433+0700] {logging_mixin.py:190} INFO - [2024-10-01T20:08:40.433+0700] {override.py:1900} INFO - Created Permission View: can delete on DAG Run:dataset_produces_1
[2024-10-01T20:08:40.444+0700] {logging_mixin.py:190} INFO - [2024-10-01T20:08:40.444+0700] {override.py:1900} INFO - Created Permission View: can create on DAG Run:dataset_produces_1
[2024-10-01T20:08:40.449+0700] {logging_mixin.py:190} INFO - [2024-10-01T20:08:40.449+0700] {override.py:1900} INFO - Created Permission View: menu access on DAG Run:dataset_produces_1
[2024-10-01T20:08:40.460+0700] {logging_mixin.py:190} INFO - [2024-10-01T20:08:40.460+0700] {override.py:1900} INFO - Created Permission View: can read on DAG:dataset_consumes_1
[2024-10-01T20:08:40.481+0700] {logging_mixin.py:190} INFO - [2024-10-01T20:08:40.480+0700] {override.py:1900} INFO - Created Permission View: can delete on DAG:dataset_consumes_1
[2024-10-01T20:08:40.485+0700] {logging_mixin.py:190} INFO - [2024-10-01T20:08:40.485+0700] {override.py:1900} INFO - Created Permission View: can edit on DAG:dataset_consumes_1
[2024-10-01T20:08:40.497+0700] {logging_mixin.py:190} INFO - [2024-10-01T20:08:40.497+0700] {override.py:1900} INFO - Created Permission View: can read on DAG Run:dataset_consumes_1
[2024-10-01T20:08:40.503+0700] {logging_mixin.py:190} INFO - [2024-10-01T20:08:40.503+0700] {override.py:1900} INFO - Created Permission View: can delete on DAG Run:dataset_consumes_1
[2024-10-01T20:08:40.509+0700] {logging_mixin.py:190} INFO - [2024-10-01T20:08:40.509+0700] {override.py:1900} INFO - Created Permission View: can create on DAG Run:dataset_consumes_1
[2024-10-01T20:08:40.513+0700] {logging_mixin.py:190} INFO - [2024-10-01T20:08:40.513+0700] {override.py:1900} INFO - Created Permission View: menu access on DAG Run:dataset_consumes_1
[2024-10-01T20:08:40.529+0700] {logging_mixin.py:190} INFO - [2024-10-01T20:08:40.529+0700] {override.py:1900} INFO - Created Permission View: can read on DAG:dataset_consumes_unknown_never_scheduled
[2024-10-01T20:08:40.538+0700] {logging_mixin.py:190} INFO - [2024-10-01T20:08:40.538+0700] {override.py:1900} INFO - Created Permission View: can delete on DAG:dataset_consumes_unknown_never_scheduled
[2024-10-01T20:08:40.544+0700] {logging_mixin.py:190} INFO - [2024-10-01T20:08:40.543+0700] {override.py:1900} INFO - Created Permission View: can edit on DAG:dataset_consumes_unknown_never_scheduled
[2024-10-01T20:08:40.558+0700] {logging_mixin.py:190} INFO - [2024-10-01T20:08:40.558+0700] {override.py:1900} INFO - Created Permission View: can read on DAG Run:dataset_consumes_unknown_never_scheduled
[2024-10-01T20:08:40.562+0700] {logging_mixin.py:190} INFO - [2024-10-01T20:08:40.562+0700] {override.py:1900} INFO - Created Permission View: can delete on DAG Run:dataset_consumes_unknown_never_scheduled
[2024-10-01T20:08:40.571+0700] {logging_mixin.py:190} INFO - [2024-10-01T20:08:40.571+0700] {override.py:1900} INFO - Created Permission View: can create on DAG Run:dataset_consumes_unknown_never_scheduled
[2024-10-01T20:08:40.575+0700] {logging_mixin.py:190} INFO - [2024-10-01T20:08:40.575+0700] {override.py:1900} INFO - Created Permission View: menu access on DAG Run:dataset_consumes_unknown_never_scheduled
[2024-10-01T20:08:40.589+0700] {logging_mixin.py:190} INFO - [2024-10-01T20:08:40.589+0700] {override.py:1900} INFO - Created Permission View: can read on DAG:dataset_consumes_1_never_scheduled
[2024-10-01T20:08:40.596+0700] {logging_mixin.py:190} INFO - [2024-10-01T20:08:40.596+0700] {override.py:1900} INFO - Created Permission View: can delete on DAG:dataset_consumes_1_never_scheduled
[2024-10-01T20:08:40.600+0700] {logging_mixin.py:190} INFO - [2024-10-01T20:08:40.600+0700] {override.py:1900} INFO - Created Permission View: can edit on DAG:dataset_consumes_1_never_scheduled
[2024-10-01T20:08:40.611+0700] {logging_mixin.py:190} INFO - [2024-10-01T20:08:40.611+0700] {override.py:1900} INFO - Created Permission View: can read on DAG Run:dataset_consumes_1_never_scheduled
[2024-10-01T20:08:40.620+0700] {logging_mixin.py:190} INFO - [2024-10-01T20:08:40.620+0700] {override.py:1900} INFO - Created Permission View: can delete on DAG Run:dataset_consumes_1_never_scheduled
[2024-10-01T20:08:40.624+0700] {logging_mixin.py:190} INFO - [2024-10-01T20:08:40.624+0700] {override.py:1900} INFO - Created Permission View: can create on DAG Run:dataset_consumes_1_never_scheduled
[2024-10-01T20:08:40.633+0700] {logging_mixin.py:190} INFO - [2024-10-01T20:08:40.633+0700] {override.py:1900} INFO - Created Permission View: menu access on DAG Run:dataset_consumes_1_never_scheduled
[2024-10-01T20:08:40.645+0700] {logging_mixin.py:190} INFO - [2024-10-01T20:08:40.645+0700] {override.py:1900} INFO - Created Permission View: can read on DAG:dataset_produces_2
[2024-10-01T20:08:40.650+0700] {logging_mixin.py:190} INFO - [2024-10-01T20:08:40.650+0700] {override.py:1900} INFO - Created Permission View: can delete on DAG:dataset_produces_2
[2024-10-01T20:08:40.655+0700] {logging_mixin.py:190} INFO - [2024-10-01T20:08:40.655+0700] {override.py:1900} INFO - Created Permission View: can edit on DAG:dataset_produces_2
[2024-10-01T20:08:40.667+0700] {logging_mixin.py:190} INFO - [2024-10-01T20:08:40.667+0700] {override.py:1900} INFO - Created Permission View: can read on DAG Run:dataset_produces_2
[2024-10-01T20:08:40.675+0700] {logging_mixin.py:190} INFO - [2024-10-01T20:08:40.675+0700] {override.py:1900} INFO - Created Permission View: can delete on DAG Run:dataset_produces_2
[2024-10-01T20:08:40.679+0700] {logging_mixin.py:190} INFO - [2024-10-01T20:08:40.679+0700] {override.py:1900} INFO - Created Permission View: can create on DAG Run:dataset_produces_2
[2024-10-01T20:08:40.683+0700] {logging_mixin.py:190} INFO - [2024-10-01T20:08:40.683+0700] {override.py:1900} INFO - Created Permission View: menu access on DAG Run:dataset_produces_2
[2024-10-01T20:08:40.698+0700] {logging_mixin.py:190} INFO - [2024-10-01T20:08:40.698+0700] {override.py:1900} INFO - Created Permission View: can read on DAG:consume_1_or_both_2_and_3_with_dataset_expressions
[2024-10-01T20:08:40.706+0700] {logging_mixin.py:190} INFO - [2024-10-01T20:08:40.705+0700] {override.py:1900} INFO - Created Permission View: can delete on DAG:consume_1_or_both_2_and_3_with_dataset_expressions
[2024-10-01T20:08:40.711+0700] {logging_mixin.py:190} INFO - [2024-10-01T20:08:40.710+0700] {override.py:1900} INFO - Created Permission View: can edit on DAG:consume_1_or_both_2_and_3_with_dataset_expressions
[2024-10-01T20:08:40.721+0700] {logging_mixin.py:190} INFO - [2024-10-01T20:08:40.721+0700] {override.py:1900} INFO - Created Permission View: can read on DAG Run:consume_1_or_both_2_and_3_with_dataset_expressions
[2024-10-01T20:08:40.727+0700] {logging_mixin.py:190} INFO - [2024-10-01T20:08:40.727+0700] {override.py:1900} INFO - Created Permission View: can delete on DAG Run:consume_1_or_both_2_and_3_with_dataset_expressions
[2024-10-01T20:08:40.733+0700] {logging_mixin.py:190} INFO - [2024-10-01T20:08:40.733+0700] {override.py:1900} INFO - Created Permission View: can create on DAG Run:consume_1_or_both_2_and_3_with_dataset_expressions
[2024-10-01T20:08:40.738+0700] {logging_mixin.py:190} INFO - [2024-10-01T20:08:40.738+0700] {override.py:1900} INFO - Created Permission View: menu access on DAG Run:consume_1_or_both_2_and_3_with_dataset_expressions
[2024-10-01T20:08:40.750+0700] {logging_mixin.py:190} INFO - [2024-10-01T20:08:40.750+0700] {override.py:1900} INFO - Created Permission View: can read on DAG:consume_1_or_2_with_dataset_expressions
[2024-10-01T20:08:40.755+0700] {logging_mixin.py:190} INFO - [2024-10-01T20:08:40.755+0700] {override.py:1900} INFO - Created Permission View: can delete on DAG:consume_1_or_2_with_dataset_expressions
[2024-10-01T20:08:40.762+0700] {logging_mixin.py:190} INFO - [2024-10-01T20:08:40.761+0700] {override.py:1900} INFO - Created Permission View: can edit on DAG:consume_1_or_2_with_dataset_expressions
[2024-10-01T20:08:40.770+0700] {logging_mixin.py:190} INFO - [2024-10-01T20:08:40.770+0700] {override.py:1900} INFO - Created Permission View: can read on DAG Run:consume_1_or_2_with_dataset_expressions
[2024-10-01T20:08:40.775+0700] {logging_mixin.py:190} INFO - [2024-10-01T20:08:40.775+0700] {override.py:1900} INFO - Created Permission View: can delete on DAG Run:consume_1_or_2_with_dataset_expressions
[2024-10-01T20:08:40.779+0700] {logging_mixin.py:190} INFO - [2024-10-01T20:08:40.779+0700] {override.py:1900} INFO - Created Permission View: can create on DAG Run:consume_1_or_2_with_dataset_expressions
[2024-10-01T20:08:40.790+0700] {logging_mixin.py:190} INFO - [2024-10-01T20:08:40.790+0700] {override.py:1900} INFO - Created Permission View: menu access on DAG Run:consume_1_or_2_with_dataset_expressions
[2024-10-01T20:08:40.807+0700] {logging_mixin.py:190} INFO - [2024-10-01T20:08:40.806+0700] {override.py:1900} INFO - Created Permission View: can read on DAG:consume_1_and_2_with_dataset_expressions
[2024-10-01T20:08:40.811+0700] {logging_mixin.py:190} INFO - [2024-10-01T20:08:40.811+0700] {override.py:1900} INFO - Created Permission View: can delete on DAG:consume_1_and_2_with_dataset_expressions
[2024-10-01T20:08:40.822+0700] {logging_mixin.py:190} INFO - [2024-10-01T20:08:40.822+0700] {override.py:1900} INFO - Created Permission View: can edit on DAG:consume_1_and_2_with_dataset_expressions
[2024-10-01T20:08:40.828+0700] {logging_mixin.py:190} INFO - [2024-10-01T20:08:40.827+0700] {override.py:1900} INFO - Created Permission View: can read on DAG Run:consume_1_and_2_with_dataset_expressions
[2024-10-01T20:08:40.837+0700] {logging_mixin.py:190} INFO - [2024-10-01T20:08:40.837+0700] {override.py:1900} INFO - Created Permission View: can delete on DAG Run:consume_1_and_2_with_dataset_expressions
[2024-10-01T20:08:40.842+0700] {logging_mixin.py:190} INFO - [2024-10-01T20:08:40.842+0700] {override.py:1900} INFO - Created Permission View: can create on DAG Run:consume_1_and_2_with_dataset_expressions
[2024-10-01T20:08:40.848+0700] {logging_mixin.py:190} INFO - [2024-10-01T20:08:40.848+0700] {override.py:1900} INFO - Created Permission View: menu access on DAG Run:consume_1_and_2_with_dataset_expressions
[2024-10-01T20:08:40.862+0700] {logging_mixin.py:190} INFO - [2024-10-01T20:08:40.862+0700] {override.py:1900} INFO - Created Permission View: can read on DAG:dataset_consumes_1_and_2
[2024-10-01T20:08:40.868+0700] {logging_mixin.py:190} INFO - [2024-10-01T20:08:40.868+0700] {override.py:1900} INFO - Created Permission View: can delete on DAG:dataset_consumes_1_and_2
[2024-10-01T20:08:40.873+0700] {logging_mixin.py:190} INFO - [2024-10-01T20:08:40.873+0700] {override.py:1900} INFO - Created Permission View: can edit on DAG:dataset_consumes_1_and_2
[2024-10-01T20:08:40.885+0700] {logging_mixin.py:190} INFO - [2024-10-01T20:08:40.885+0700] {override.py:1900} INFO - Created Permission View: can read on DAG Run:dataset_consumes_1_and_2
[2024-10-01T20:08:40.891+0700] {logging_mixin.py:190} INFO - [2024-10-01T20:08:40.891+0700] {override.py:1900} INFO - Created Permission View: can delete on DAG Run:dataset_consumes_1_and_2
[2024-10-01T20:08:40.895+0700] {logging_mixin.py:190} INFO - [2024-10-01T20:08:40.895+0700] {override.py:1900} INFO - Created Permission View: can create on DAG Run:dataset_consumes_1_and_2
[2024-10-01T20:08:40.899+0700] {logging_mixin.py:190} INFO - [2024-10-01T20:08:40.899+0700] {override.py:1900} INFO - Created Permission View: menu access on DAG Run:dataset_consumes_1_and_2
[2024-10-01T20:08:40.909+0700] {logging_mixin.py:190} INFO - [2024-10-01T20:08:40.909+0700] {override.py:1900} INFO - Created Permission View: can read on DAG:conditional_dataset_and_time_based_timetable
[2024-10-01T20:08:40.914+0700] {logging_mixin.py:190} INFO - [2024-10-01T20:08:40.914+0700] {override.py:1900} INFO - Created Permission View: can delete on DAG:conditional_dataset_and_time_based_timetable
[2024-10-01T20:08:40.926+0700] {logging_mixin.py:190} INFO - [2024-10-01T20:08:40.925+0700] {override.py:1900} INFO - Created Permission View: can edit on DAG:conditional_dataset_and_time_based_timetable
[2024-10-01T20:08:40.938+0700] {logging_mixin.py:190} INFO - [2024-10-01T20:08:40.938+0700] {override.py:1900} INFO - Created Permission View: can read on DAG Run:conditional_dataset_and_time_based_timetable
[2024-10-01T20:08:40.941+0700] {logging_mixin.py:190} INFO - [2024-10-01T20:08:40.941+0700] {override.py:1900} INFO - Created Permission View: can delete on DAG Run:conditional_dataset_and_time_based_timetable
[2024-10-01T20:08:40.946+0700] {logging_mixin.py:190} INFO - [2024-10-01T20:08:40.946+0700] {override.py:1900} INFO - Created Permission View: can create on DAG Run:conditional_dataset_and_time_based_timetable
[2024-10-01T20:08:40.949+0700] {logging_mixin.py:190} INFO - [2024-10-01T20:08:40.949+0700] {override.py:1900} INFO - Created Permission View: menu access on DAG Run:conditional_dataset_and_time_based_timetable
[2024-10-01T20:08:40.950+0700] {logging_mixin.py:190} INFO - [2024-10-01T20:08:40.950+0700] {dag.py:3239} INFO - Sync 10 DAGs
[2024-10-01T20:08:40.955+0700] {logging_mixin.py:190} INFO - [2024-10-01T20:08:40.955+0700] {dag.py:3262} INFO - Creating ORM DAG for consume_1_and_2_with_dataset_expressions
[2024-10-01T20:08:40.955+0700] {logging_mixin.py:190} INFO - [2024-10-01T20:08:40.955+0700] {dag.py:3262} INFO - Creating ORM DAG for dataset_consumes_1_never_scheduled
[2024-10-01T20:08:40.956+0700] {logging_mixin.py:190} INFO - [2024-10-01T20:08:40.956+0700] {dag.py:3262} INFO - Creating ORM DAG for dataset_consumes_1_and_2
[2024-10-01T20:08:40.956+0700] {logging_mixin.py:190} INFO - [2024-10-01T20:08:40.956+0700] {dag.py:3262} INFO - Creating ORM DAG for conditional_dataset_and_time_based_timetable
[2024-10-01T20:08:40.956+0700] {logging_mixin.py:190} INFO - [2024-10-01T20:08:40.956+0700] {dag.py:3262} INFO - Creating ORM DAG for consume_1_or_both_2_and_3_with_dataset_expressions
[2024-10-01T20:08:40.956+0700] {logging_mixin.py:190} INFO - [2024-10-01T20:08:40.956+0700] {dag.py:3262} INFO - Creating ORM DAG for dataset_consumes_unknown_never_scheduled
[2024-10-01T20:08:40.957+0700] {logging_mixin.py:190} INFO - [2024-10-01T20:08:40.956+0700] {dag.py:3262} INFO - Creating ORM DAG for dataset_produces_2
[2024-10-01T20:08:40.957+0700] {logging_mixin.py:190} INFO - [2024-10-01T20:08:40.957+0700] {dag.py:3262} INFO - Creating ORM DAG for dataset_consumes_1
[2024-10-01T20:08:40.957+0700] {logging_mixin.py:190} INFO - [2024-10-01T20:08:40.957+0700] {dag.py:3262} INFO - Creating ORM DAG for dataset_produces_1
[2024-10-01T20:08:40.957+0700] {logging_mixin.py:190} INFO - [2024-10-01T20:08:40.957+0700] {dag.py:3262} INFO - Creating ORM DAG for consume_1_or_2_with_dataset_expressions
[2024-10-01T20:08:40.961+0700] {logging_mixin.py:190} INFO - [2024-10-01T20:08:40.961+0700] {dag.py:4180} INFO - Setting next_dagrun for conditional_dataset_and_time_based_timetable to 2024-09-25 01:00:00+00:00, run_after=2024-09-25 01:00:00+00:00
[2024-10-01T20:08:40.961+0700] {logging_mixin.py:190} INFO - [2024-10-01T20:08:40.961+0700] {dag.py:4180} INFO - Setting next_dagrun for consume_1_and_2_with_dataset_expressions to None, run_after=None
[2024-10-01T20:08:40.961+0700] {logging_mixin.py:190} INFO - [2024-10-01T20:08:40.961+0700] {dag.py:4180} INFO - Setting next_dagrun for consume_1_or_2_with_dataset_expressions to None, run_after=None
[2024-10-01T20:08:40.962+0700] {logging_mixin.py:190} INFO - [2024-10-01T20:08:40.962+0700] {dag.py:4180} INFO - Setting next_dagrun for consume_1_or_both_2_and_3_with_dataset_expressions to None, run_after=None
[2024-10-01T20:08:40.962+0700] {logging_mixin.py:190} INFO - [2024-10-01T20:08:40.962+0700] {dag.py:4180} INFO - Setting next_dagrun for dataset_consumes_1 to None, run_after=None
[2024-10-01T20:08:40.962+0700] {logging_mixin.py:190} INFO - [2024-10-01T20:08:40.962+0700] {dag.py:4180} INFO - Setting next_dagrun for dataset_consumes_1_and_2 to None, run_after=None
[2024-10-01T20:08:40.962+0700] {logging_mixin.py:190} INFO - [2024-10-01T20:08:40.962+0700] {dag.py:4180} INFO - Setting next_dagrun for dataset_consumes_1_never_scheduled to None, run_after=None
[2024-10-01T20:08:40.962+0700] {logging_mixin.py:190} INFO - [2024-10-01T20:08:40.962+0700] {dag.py:4180} INFO - Setting next_dagrun for dataset_consumes_unknown_never_scheduled to None, run_after=None
[2024-10-01T20:08:40.963+0700] {logging_mixin.py:190} INFO - [2024-10-01T20:08:40.963+0700] {dag.py:4180} INFO - Setting next_dagrun for dataset_produces_1 to 2024-09-30 00:00:00+00:00, run_after=2024-10-01 00:00:00+00:00
[2024-10-01T20:08:40.963+0700] {logging_mixin.py:190} INFO - [2024-10-01T20:08:40.963+0700] {dag.py:4180} INFO - Setting next_dagrun for dataset_produces_2 to None, run_after=None
[2024-10-01T20:08:40.979+0700] {logging_mixin.py:190} INFO - [2024-10-01T20:08:40.979+0700] {workday.py:41} WARNING - Could not import pandas. Holidays will not be considered.
[2024-10-01T20:08:41.024+0700] {processor.py:208} INFO - Processing /Users/prabowo.kadir/.pyenv/versions/3.8.18/lib/python3.8/site-packages/airflow/example_dags/example_datasets.py took 0.904 seconds
[2024-10-01T20:11:30.320+0700] {processor.py:186} INFO - Started process (PID=52456) to work on /Users/prabowo.kadir/.pyenv/versions/3.8.18/lib/python3.8/site-packages/airflow/example_dags/example_datasets.py
[2024-10-01T20:11:30.321+0700] {processor.py:914} INFO - Processing file /Users/prabowo.kadir/.pyenv/versions/3.8.18/lib/python3.8/site-packages/airflow/example_dags/example_datasets.py for tasks to queue
[2024-10-01T20:11:30.322+0700] {logging_mixin.py:190} INFO - [2024-10-01T20:11:30.322+0700] {dagbag.py:588} INFO - Filling up the DagBag from /Users/prabowo.kadir/.pyenv/versions/3.8.18/lib/python3.8/site-packages/airflow/example_dags/example_datasets.py
[2024-10-01T20:11:30.611+0700] {processor.py:925} INFO - DAG(s) 'consume_1_or_both_2_and_3_with_dataset_expressions', 'consume_1_or_2_with_dataset_expressions', 'consume_1_and_2_with_dataset_expressions', 'dataset_produces_2', 'conditional_dataset_and_time_based_timetable', 'dataset_produces_1', 'dataset_consumes_1_never_scheduled', 'dataset_consumes_unknown_never_scheduled', 'dataset_consumes_1_and_2', 'dataset_consumes_1' retrieved from /Users/prabowo.kadir/.pyenv/versions/3.8.18/lib/python3.8/site-packages/airflow/example_dags/example_datasets.py
[2024-10-01T20:11:30.754+0700] {logging_mixin.py:190} INFO - [2024-10-01T20:11:30.754+0700] {dag.py:3239} INFO - Sync 10 DAGs
[2024-10-01T20:11:30.769+0700] {logging_mixin.py:190} INFO - [2024-10-01T20:11:30.768+0700] {dag.py:4180} INFO - Setting next_dagrun for conditional_dataset_and_time_based_timetable to 2024-09-25 01:00:00+00:00, run_after=2024-09-25 01:00:00+00:00
[2024-10-01T20:11:30.773+0700] {logging_mixin.py:190} INFO - [2024-10-01T20:11:30.773+0700] {dag.py:4180} INFO - Setting next_dagrun for consume_1_and_2_with_dataset_expressions to None, run_after=None
[2024-10-01T20:11:30.774+0700] {logging_mixin.py:190} INFO - [2024-10-01T20:11:30.774+0700] {dag.py:4180} INFO - Setting next_dagrun for consume_1_or_2_with_dataset_expressions to None, run_after=None
[2024-10-01T20:11:30.777+0700] {logging_mixin.py:190} INFO - [2024-10-01T20:11:30.777+0700] {dag.py:4180} INFO - Setting next_dagrun for consume_1_or_both_2_and_3_with_dataset_expressions to None, run_after=None
[2024-10-01T20:11:30.778+0700] {logging_mixin.py:190} INFO - [2024-10-01T20:11:30.778+0700] {dag.py:4180} INFO - Setting next_dagrun for dataset_consumes_1 to None, run_after=None
[2024-10-01T20:11:30.778+0700] {logging_mixin.py:190} INFO - [2024-10-01T20:11:30.778+0700] {dag.py:4180} INFO - Setting next_dagrun for dataset_consumes_1_and_2 to None, run_after=None
[2024-10-01T20:11:30.779+0700] {logging_mixin.py:190} INFO - [2024-10-01T20:11:30.779+0700] {dag.py:4180} INFO - Setting next_dagrun for dataset_consumes_1_never_scheduled to None, run_after=None
[2024-10-01T20:11:30.779+0700] {logging_mixin.py:190} INFO - [2024-10-01T20:11:30.779+0700] {dag.py:4180} INFO - Setting next_dagrun for dataset_consumes_unknown_never_scheduled to None, run_after=None
[2024-10-01T20:11:30.781+0700] {logging_mixin.py:190} INFO - [2024-10-01T20:11:30.780+0700] {dag.py:4180} INFO - Setting next_dagrun for dataset_produces_1 to 2024-09-30 00:00:00+00:00, run_after=2024-10-01 00:00:00+00:00
[2024-10-01T20:11:30.782+0700] {logging_mixin.py:190} INFO - [2024-10-01T20:11:30.782+0700] {dag.py:4180} INFO - Setting next_dagrun for dataset_produces_2 to None, run_after=None
[2024-10-01T20:11:30.813+0700] {processor.py:208} INFO - Processing /Users/prabowo.kadir/.pyenv/versions/3.8.18/lib/python3.8/site-packages/airflow/example_dags/example_datasets.py took 0.497 seconds
