[2024-10-01T20:08:08.247+0700] {processor.py:186} INFO - Started process (PID=52190) to work on /Users/prabowo.kadir/.pyenv/versions/3.8.18/lib/python3.8/site-packages/airflow/example_dags/example_outlet_event_extra.py
[2024-10-01T20:08:08.248+0700] {processor.py:914} INFO - Processing file /Users/prabowo.kadir/.pyenv/versions/3.8.18/lib/python3.8/site-packages/airflow/example_dags/example_outlet_event_extra.py for tasks to queue
[2024-10-01T20:08:08.248+0700] {logging_mixin.py:190} INFO - [2024-10-01T20:08:08.248+0700] {dagbag.py:588} INFO - Filling up the DagBag from /Users/prabowo.kadir/.pyenv/versions/3.8.18/lib/python3.8/site-packages/airflow/example_dags/example_outlet_event_extra.py
[2024-10-01T20:08:08.395+0700] {processor.py:925} INFO - DAG(s) 'dataset_with_extra_by_yield', 'dataset_with_extra_by_context', 'dataset_with_extra_from_classic_operator' retrieved from /Users/prabowo.kadir/.pyenv/versions/3.8.18/lib/python3.8/site-packages/airflow/example_dags/example_outlet_event_extra.py
[2024-10-01T20:08:08.528+0700] {logging_mixin.py:190} INFO - [2024-10-01T20:08:08.528+0700] {override.py:1900} INFO - Created Permission View: can edit on DAG:dataset_with_extra_by_yield
[2024-10-01T20:08:08.549+0700] {logging_mixin.py:190} INFO - [2024-10-01T20:08:08.548+0700] {override.py:1900} INFO - Created Permission View: can read on DAG:dataset_with_extra_by_yield
[2024-10-01T20:08:08.553+0700] {logging_mixin.py:190} INFO - [2024-10-01T20:08:08.553+0700] {override.py:1900} INFO - Created Permission View: can delete on DAG:dataset_with_extra_by_yield
[2024-10-01T20:08:08.591+0700] {logging_mixin.py:190} INFO - [2024-10-01T20:08:08.591+0700] {override.py:1900} INFO - Created Permission View: can delete on DAG Run:dataset_with_extra_by_yield
[2024-10-01T20:08:08.612+0700] {logging_mixin.py:190} INFO - [2024-10-01T20:08:08.612+0700] {override.py:1900} INFO - Created Permission View: can read on DAG Run:dataset_with_extra_by_yield
[2024-10-01T20:08:08.616+0700] {logging_mixin.py:190} INFO - [2024-10-01T20:08:08.616+0700] {override.py:1900} INFO - Created Permission View: menu access on DAG Run:dataset_with_extra_by_yield
[2024-10-01T20:08:08.620+0700] {logging_mixin.py:190} INFO - [2024-10-01T20:08:08.619+0700] {override.py:1900} INFO - Created Permission View: can create on DAG Run:dataset_with_extra_by_yield
[2024-10-01T20:08:08.645+0700] {logging_mixin.py:190} INFO - [2024-10-01T20:08:08.644+0700] {override.py:1900} INFO - Created Permission View: can edit on DAG:dataset_with_extra_by_context
[2024-10-01T20:08:08.658+0700] {logging_mixin.py:190} INFO - [2024-10-01T20:08:08.658+0700] {override.py:1900} INFO - Created Permission View: can read on DAG:dataset_with_extra_by_context
[2024-10-01T20:08:08.662+0700] {logging_mixin.py:190} INFO - [2024-10-01T20:08:08.662+0700] {override.py:1900} INFO - Created Permission View: can delete on DAG:dataset_with_extra_by_context
[2024-10-01T20:08:08.675+0700] {logging_mixin.py:190} INFO - [2024-10-01T20:08:08.675+0700] {override.py:1900} INFO - Created Permission View: can delete on DAG Run:dataset_with_extra_by_context
[2024-10-01T20:08:08.679+0700] {logging_mixin.py:190} INFO - [2024-10-01T20:08:08.679+0700] {override.py:1900} INFO - Created Permission View: can read on DAG Run:dataset_with_extra_by_context
[2024-10-01T20:08:08.689+0700] {logging_mixin.py:190} INFO - [2024-10-01T20:08:08.689+0700] {override.py:1900} INFO - Created Permission View: menu access on DAG Run:dataset_with_extra_by_context
[2024-10-01T20:08:08.693+0700] {logging_mixin.py:190} INFO - [2024-10-01T20:08:08.693+0700] {override.py:1900} INFO - Created Permission View: can create on DAG Run:dataset_with_extra_by_context
[2024-10-01T20:08:08.706+0700] {logging_mixin.py:190} INFO - [2024-10-01T20:08:08.706+0700] {override.py:1900} INFO - Created Permission View: can edit on DAG:dataset_with_extra_from_classic_operator
[2024-10-01T20:08:08.711+0700] {logging_mixin.py:190} INFO - [2024-10-01T20:08:08.711+0700] {override.py:1900} INFO - Created Permission View: can read on DAG:dataset_with_extra_from_classic_operator
[2024-10-01T20:08:08.716+0700] {logging_mixin.py:190} INFO - [2024-10-01T20:08:08.716+0700] {override.py:1900} INFO - Created Permission View: can delete on DAG:dataset_with_extra_from_classic_operator
[2024-10-01T20:08:08.733+0700] {logging_mixin.py:190} INFO - [2024-10-01T20:08:08.732+0700] {override.py:1900} INFO - Created Permission View: can delete on DAG Run:dataset_with_extra_from_classic_operator
[2024-10-01T20:08:08.737+0700] {logging_mixin.py:190} INFO - [2024-10-01T20:08:08.736+0700] {override.py:1900} INFO - Created Permission View: can read on DAG Run:dataset_with_extra_from_classic_operator
[2024-10-01T20:08:08.741+0700] {logging_mixin.py:190} INFO - [2024-10-01T20:08:08.741+0700] {override.py:1900} INFO - Created Permission View: menu access on DAG Run:dataset_with_extra_from_classic_operator
[2024-10-01T20:08:08.772+0700] {logging_mixin.py:190} INFO - [2024-10-01T20:08:08.772+0700] {override.py:1900} INFO - Created Permission View: can create on DAG Run:dataset_with_extra_from_classic_operator
[2024-10-01T20:08:08.772+0700] {logging_mixin.py:190} INFO - [2024-10-01T20:08:08.772+0700] {dag.py:3239} INFO - Sync 3 DAGs
[2024-10-01T20:08:08.782+0700] {logging_mixin.py:190} INFO - [2024-10-01T20:08:08.782+0700] {dag.py:3262} INFO - Creating ORM DAG for dataset_with_extra_by_context
[2024-10-01T20:08:08.782+0700] {logging_mixin.py:190} INFO - [2024-10-01T20:08:08.782+0700] {dag.py:3262} INFO - Creating ORM DAG for dataset_with_extra_from_classic_operator
[2024-10-01T20:08:08.782+0700] {logging_mixin.py:190} INFO - [2024-10-01T20:08:08.782+0700] {dag.py:3262} INFO - Creating ORM DAG for dataset_with_extra_by_yield
[2024-10-01T20:08:08.786+0700] {logging_mixin.py:190} INFO - [2024-10-01T20:08:08.786+0700] {dag.py:4180} INFO - Setting next_dagrun for dataset_with_extra_by_context to 2024-09-30 00:00:00+00:00, run_after=2024-10-01 00:00:00+00:00
[2024-10-01T20:08:08.787+0700] {logging_mixin.py:190} INFO - [2024-10-01T20:08:08.787+0700] {dag.py:4180} INFO - Setting next_dagrun for dataset_with_extra_by_yield to 2024-09-30 00:00:00+00:00, run_after=2024-10-01 00:00:00+00:00
[2024-10-01T20:08:08.788+0700] {logging_mixin.py:190} INFO - [2024-10-01T20:08:08.788+0700] {dag.py:4180} INFO - Setting next_dagrun for dataset_with_extra_from_classic_operator to 2024-09-30 00:00:00+00:00, run_after=2024-10-01 00:00:00+00:00
[2024-10-01T20:08:08.809+0700] {logging_mixin.py:190} INFO - [2024-10-01T20:08:08.809+0700] {workday.py:41} WARNING - Could not import pandas. Holidays will not be considered.
[2024-10-01T20:08:08.818+0700] {processor.py:208} INFO - Processing /Users/prabowo.kadir/.pyenv/versions/3.8.18/lib/python3.8/site-packages/airflow/example_dags/example_outlet_event_extra.py took 0.573 seconds
[2024-10-01T20:10:55.069+0700] {processor.py:186} INFO - Started process (PID=52395) to work on /Users/prabowo.kadir/.pyenv/versions/3.8.18/lib/python3.8/site-packages/airflow/example_dags/example_outlet_event_extra.py
[2024-10-01T20:10:55.071+0700] {processor.py:914} INFO - Processing file /Users/prabowo.kadir/.pyenv/versions/3.8.18/lib/python3.8/site-packages/airflow/example_dags/example_outlet_event_extra.py for tasks to queue
[2024-10-01T20:10:55.071+0700] {logging_mixin.py:190} INFO - [2024-10-01T20:10:55.071+0700] {dagbag.py:588} INFO - Filling up the DagBag from /Users/prabowo.kadir/.pyenv/versions/3.8.18/lib/python3.8/site-packages/airflow/example_dags/example_outlet_event_extra.py
[2024-10-01T20:10:55.204+0700] {processor.py:925} INFO - DAG(s) 'dataset_with_extra_by_context', 'dataset_with_extra_by_yield', 'dataset_with_extra_from_classic_operator' retrieved from /Users/prabowo.kadir/.pyenv/versions/3.8.18/lib/python3.8/site-packages/airflow/example_dags/example_outlet_event_extra.py
[2024-10-01T20:10:55.257+0700] {logging_mixin.py:190} INFO - [2024-10-01T20:10:55.257+0700] {dag.py:3239} INFO - Sync 3 DAGs
[2024-10-01T20:10:55.266+0700] {logging_mixin.py:190} INFO - [2024-10-01T20:10:55.266+0700] {dag.py:4180} INFO - Setting next_dagrun for dataset_with_extra_by_context to 2024-09-30 00:00:00+00:00, run_after=2024-10-01 00:00:00+00:00
[2024-10-01T20:10:55.268+0700] {logging_mixin.py:190} INFO - [2024-10-01T20:10:55.268+0700] {dag.py:4180} INFO - Setting next_dagrun for dataset_with_extra_by_yield to 2024-09-30 00:00:00+00:00, run_after=2024-10-01 00:00:00+00:00
[2024-10-01T20:10:55.269+0700] {logging_mixin.py:190} INFO - [2024-10-01T20:10:55.269+0700] {dag.py:4180} INFO - Setting next_dagrun for dataset_with_extra_from_classic_operator to 2024-09-30 00:00:00+00:00, run_after=2024-10-01 00:00:00+00:00
[2024-10-01T20:10:55.282+0700] {processor.py:208} INFO - Processing /Users/prabowo.kadir/.pyenv/versions/3.8.18/lib/python3.8/site-packages/airflow/example_dags/example_outlet_event_extra.py took 0.215 seconds
[2024-10-01T20:13:22.145+0700] {processor.py:186} INFO - Started process (PID=52631) to work on /Users/prabowo.kadir/.pyenv/versions/3.8.18/lib/python3.8/site-packages/airflow/example_dags/example_outlet_event_extra.py
[2024-10-01T20:13:22.147+0700] {processor.py:914} INFO - Processing file /Users/prabowo.kadir/.pyenv/versions/3.8.18/lib/python3.8/site-packages/airflow/example_dags/example_outlet_event_extra.py for tasks to queue
[2024-10-01T20:13:22.147+0700] {logging_mixin.py:190} INFO - [2024-10-01T20:13:22.147+0700] {dagbag.py:588} INFO - Filling up the DagBag from /Users/prabowo.kadir/.pyenv/versions/3.8.18/lib/python3.8/site-packages/airflow/example_dags/example_outlet_event_extra.py
[2024-10-01T20:13:22.257+0700] {processor.py:925} INFO - DAG(s) 'dataset_with_extra_by_context', 'dataset_with_extra_from_classic_operator', 'dataset_with_extra_by_yield' retrieved from /Users/prabowo.kadir/.pyenv/versions/3.8.18/lib/python3.8/site-packages/airflow/example_dags/example_outlet_event_extra.py
[2024-10-01T20:13:22.310+0700] {logging_mixin.py:190} INFO - [2024-10-01T20:13:22.309+0700] {dag.py:3239} INFO - Sync 3 DAGs
[2024-10-01T20:13:22.318+0700] {logging_mixin.py:190} INFO - [2024-10-01T20:13:22.318+0700] {dag.py:4180} INFO - Setting next_dagrun for dataset_with_extra_by_context to 2024-09-30 00:00:00+00:00, run_after=2024-10-01 00:00:00+00:00
[2024-10-01T20:13:22.320+0700] {logging_mixin.py:190} INFO - [2024-10-01T20:13:22.320+0700] {dag.py:4180} INFO - Setting next_dagrun for dataset_with_extra_by_yield to 2024-09-30 00:00:00+00:00, run_after=2024-10-01 00:00:00+00:00
[2024-10-01T20:13:22.321+0700] {logging_mixin.py:190} INFO - [2024-10-01T20:13:22.321+0700] {dag.py:4180} INFO - Setting next_dagrun for dataset_with_extra_from_classic_operator to 2024-09-30 00:00:00+00:00, run_after=2024-10-01 00:00:00+00:00
[2024-10-01T20:13:22.332+0700] {processor.py:208} INFO - Processing /Users/prabowo.kadir/.pyenv/versions/3.8.18/lib/python3.8/site-packages/airflow/example_dags/example_outlet_event_extra.py took 0.189 seconds
