[2024-10-01T20:07:04.392+0700] {processor.py:186} INFO - Started process (PID=52116) to work on /Users/prabowo.kadir/.pyenv/versions/3.8.18/lib/python3.8/site-packages/airflow/example_dags/example_xcom.py
[2024-10-01T20:07:04.393+0700] {processor.py:914} INFO - Processing file /Users/prabowo.kadir/.pyenv/versions/3.8.18/lib/python3.8/site-packages/airflow/example_dags/example_xcom.py for tasks to queue
[2024-10-01T20:07:04.394+0700] {logging_mixin.py:190} INFO - [2024-10-01T20:07:04.393+0700] {dagbag.py:588} INFO - Filling up the DagBag from /Users/prabowo.kadir/.pyenv/versions/3.8.18/lib/python3.8/site-packages/airflow/example_dags/example_xcom.py
[2024-10-01T20:07:04.453+0700] {processor.py:925} INFO - DAG(s) 'example_xcom' retrieved from /Users/prabowo.kadir/.pyenv/versions/3.8.18/lib/python3.8/site-packages/airflow/example_dags/example_xcom.py
[2024-10-01T20:07:04.576+0700] {logging_mixin.py:190} INFO - [2024-10-01T20:07:04.575+0700] {override.py:1900} INFO - Created Permission View: can edit on DAG:example_xcom
[2024-10-01T20:07:04.614+0700] {logging_mixin.py:190} INFO - [2024-10-01T20:07:04.614+0700] {override.py:1900} INFO - Created Permission View: can delete on DAG:example_xcom
[2024-10-01T20:07:04.643+0700] {logging_mixin.py:190} INFO - [2024-10-01T20:07:04.642+0700] {override.py:1900} INFO - Created Permission View: can read on DAG:example_xcom
[2024-10-01T20:07:04.686+0700] {logging_mixin.py:190} INFO - [2024-10-01T20:07:04.686+0700] {override.py:1900} INFO - Created Permission View: can delete on DAG Run:example_xcom
[2024-10-01T20:07:04.699+0700] {logging_mixin.py:190} INFO - [2024-10-01T20:07:04.699+0700] {override.py:1900} INFO - Created Permission View: can read on DAG Run:example_xcom
[2024-10-01T20:07:04.704+0700] {logging_mixin.py:190} INFO - [2024-10-01T20:07:04.704+0700] {override.py:1900} INFO - Created Permission View: menu access on DAG Run:example_xcom
[2024-10-01T20:07:04.724+0700] {logging_mixin.py:190} INFO - [2024-10-01T20:07:04.724+0700] {override.py:1900} INFO - Created Permission View: can create on DAG Run:example_xcom
[2024-10-01T20:07:04.724+0700] {logging_mixin.py:190} INFO - [2024-10-01T20:07:04.724+0700] {dag.py:3239} INFO - Sync 1 DAGs
[2024-10-01T20:07:04.739+0700] {logging_mixin.py:190} INFO - [2024-10-01T20:07:04.739+0700] {dag.py:3262} INFO - Creating ORM DAG for example_xcom
[2024-10-01T20:07:04.743+0700] {logging_mixin.py:190} INFO - [2024-10-01T20:07:04.743+0700] {dag.py:4180} INFO - Setting next_dagrun for example_xcom to 2021-01-01 00:00:00+00:00, run_after=2021-01-01 00:00:00+00:00
[2024-10-01T20:07:04.771+0700] {processor.py:208} INFO - Processing /Users/prabowo.kadir/.pyenv/versions/3.8.18/lib/python3.8/site-packages/airflow/example_dags/example_xcom.py took 0.382 seconds
[2024-10-01T20:09:53.642+0700] {processor.py:186} INFO - Started process (PID=52312) to work on /Users/prabowo.kadir/.pyenv/versions/3.8.18/lib/python3.8/site-packages/airflow/example_dags/example_xcom.py
[2024-10-01T20:09:53.644+0700] {processor.py:914} INFO - Processing file /Users/prabowo.kadir/.pyenv/versions/3.8.18/lib/python3.8/site-packages/airflow/example_dags/example_xcom.py for tasks to queue
[2024-10-01T20:09:53.644+0700] {logging_mixin.py:190} INFO - [2024-10-01T20:09:53.644+0700] {dagbag.py:588} INFO - Filling up the DagBag from /Users/prabowo.kadir/.pyenv/versions/3.8.18/lib/python3.8/site-packages/airflow/example_dags/example_xcom.py
[2024-10-01T20:09:53.712+0700] {processor.py:925} INFO - DAG(s) 'example_xcom' retrieved from /Users/prabowo.kadir/.pyenv/versions/3.8.18/lib/python3.8/site-packages/airflow/example_dags/example_xcom.py
[2024-10-01T20:09:53.771+0700] {logging_mixin.py:190} INFO - [2024-10-01T20:09:53.771+0700] {dag.py:3239} INFO - Sync 1 DAGs
[2024-10-01T20:09:53.782+0700] {logging_mixin.py:190} INFO - [2024-10-01T20:09:53.782+0700] {dag.py:4180} INFO - Setting next_dagrun for example_xcom to 2021-01-01 00:00:00+00:00, run_after=2021-01-01 00:00:00+00:00
[2024-10-01T20:09:53.794+0700] {processor.py:208} INFO - Processing /Users/prabowo.kadir/.pyenv/versions/3.8.18/lib/python3.8/site-packages/airflow/example_dags/example_xcom.py took 0.156 seconds
[2024-10-01T20:12:23.159+0700] {processor.py:186} INFO - Started process (PID=52570) to work on /Users/prabowo.kadir/.pyenv/versions/3.8.18/lib/python3.8/site-packages/airflow/example_dags/example_xcom.py
[2024-10-01T20:12:23.160+0700] {processor.py:914} INFO - Processing file /Users/prabowo.kadir/.pyenv/versions/3.8.18/lib/python3.8/site-packages/airflow/example_dags/example_xcom.py for tasks to queue
[2024-10-01T20:12:23.161+0700] {logging_mixin.py:190} INFO - [2024-10-01T20:12:23.161+0700] {dagbag.py:588} INFO - Filling up the DagBag from /Users/prabowo.kadir/.pyenv/versions/3.8.18/lib/python3.8/site-packages/airflow/example_dags/example_xcom.py
[2024-10-01T20:12:23.224+0700] {processor.py:925} INFO - DAG(s) 'example_xcom' retrieved from /Users/prabowo.kadir/.pyenv/versions/3.8.18/lib/python3.8/site-packages/airflow/example_dags/example_xcom.py
[2024-10-01T20:12:23.274+0700] {logging_mixin.py:190} INFO - [2024-10-01T20:12:23.274+0700] {dag.py:3239} INFO - Sync 1 DAGs
[2024-10-01T20:12:23.283+0700] {logging_mixin.py:190} INFO - [2024-10-01T20:12:23.283+0700] {dag.py:4180} INFO - Setting next_dagrun for example_xcom to 2021-01-01 00:00:00+00:00, run_after=2021-01-01 00:00:00+00:00
[2024-10-01T20:12:23.293+0700] {processor.py:208} INFO - Processing /Users/prabowo.kadir/.pyenv/versions/3.8.18/lib/python3.8/site-packages/airflow/example_dags/example_xcom.py took 0.137 seconds
