[2024-10-01T20:08:20.514+0700] {processor.py:186} INFO - Started process (PID=52200) to work on /Users/prabowo.kadir/.pyenv/versions/3.8.18/lib/python3.8/site-packages/airflow/example_dags/example_latest_only.py
[2024-10-01T20:08:20.515+0700] {processor.py:914} INFO - Processing file /Users/prabowo.kadir/.pyenv/versions/3.8.18/lib/python3.8/site-packages/airflow/example_dags/example_latest_only.py for tasks to queue
[2024-10-01T20:08:20.515+0700] {logging_mixin.py:190} INFO - [2024-10-01T20:08:20.515+0700] {dagbag.py:588} INFO - Filling up the DagBag from /Users/prabowo.kadir/.pyenv/versions/3.8.18/lib/python3.8/site-packages/airflow/example_dags/example_latest_only.py
[2024-10-01T20:08:20.526+0700] {processor.py:925} INFO - DAG(s) 'latest_only' retrieved from /Users/prabowo.kadir/.pyenv/versions/3.8.18/lib/python3.8/site-packages/airflow/example_dags/example_latest_only.py
[2024-10-01T20:08:20.690+0700] {logging_mixin.py:190} INFO - [2024-10-01T20:08:20.690+0700] {override.py:1900} INFO - Created Permission View: can delete on DAG:latest_only
[2024-10-01T20:08:20.703+0700] {logging_mixin.py:190} INFO - [2024-10-01T20:08:20.703+0700] {override.py:1900} INFO - Created Permission View: can read on DAG:latest_only
[2024-10-01T20:08:20.707+0700] {logging_mixin.py:190} INFO - [2024-10-01T20:08:20.706+0700] {override.py:1900} INFO - Created Permission View: can edit on DAG:latest_only
[2024-10-01T20:08:20.720+0700] {logging_mixin.py:190} INFO - [2024-10-01T20:08:20.720+0700] {override.py:1900} INFO - Created Permission View: menu access on DAG Run:latest_only
[2024-10-01T20:08:20.724+0700] {logging_mixin.py:190} INFO - [2024-10-01T20:08:20.723+0700] {override.py:1900} INFO - Created Permission View: can delete on DAG Run:latest_only
[2024-10-01T20:08:20.729+0700] {logging_mixin.py:190} INFO - [2024-10-01T20:08:20.729+0700] {override.py:1900} INFO - Created Permission View: can read on DAG Run:latest_only
[2024-10-01T20:08:20.736+0700] {logging_mixin.py:190} INFO - [2024-10-01T20:08:20.736+0700] {override.py:1900} INFO - Created Permission View: can create on DAG Run:latest_only
[2024-10-01T20:08:20.737+0700] {logging_mixin.py:190} INFO - [2024-10-01T20:08:20.736+0700] {dag.py:3239} INFO - Sync 1 DAGs
[2024-10-01T20:08:20.743+0700] {logging_mixin.py:190} INFO - [2024-10-01T20:08:20.742+0700] {dag.py:3262} INFO - Creating ORM DAG for latest_only
[2024-10-01T20:08:20.747+0700] {logging_mixin.py:190} INFO - [2024-10-01T20:08:20.747+0700] {dag.py:4180} INFO - Setting next_dagrun for latest_only to 2024-10-01 08:00:00+00:00, run_after=2024-10-01 12:00:00+00:00
[2024-10-01T20:08:20.764+0700] {processor.py:208} INFO - Processing /Users/prabowo.kadir/.pyenv/versions/3.8.18/lib/python3.8/site-packages/airflow/example_dags/example_latest_only.py took 0.252 seconds
[2024-10-01T20:11:07.364+0700] {processor.py:186} INFO - Started process (PID=52425) to work on /Users/prabowo.kadir/.pyenv/versions/3.8.18/lib/python3.8/site-packages/airflow/example_dags/example_latest_only.py
[2024-10-01T20:11:07.367+0700] {processor.py:914} INFO - Processing file /Users/prabowo.kadir/.pyenv/versions/3.8.18/lib/python3.8/site-packages/airflow/example_dags/example_latest_only.py for tasks to queue
[2024-10-01T20:11:07.368+0700] {logging_mixin.py:190} INFO - [2024-10-01T20:11:07.368+0700] {dagbag.py:588} INFO - Filling up the DagBag from /Users/prabowo.kadir/.pyenv/versions/3.8.18/lib/python3.8/site-packages/airflow/example_dags/example_latest_only.py
[2024-10-01T20:11:07.379+0700] {processor.py:925} INFO - DAG(s) 'latest_only' retrieved from /Users/prabowo.kadir/.pyenv/versions/3.8.18/lib/python3.8/site-packages/airflow/example_dags/example_latest_only.py
[2024-10-01T20:11:07.457+0700] {logging_mixin.py:190} INFO - [2024-10-01T20:11:07.457+0700] {dag.py:3239} INFO - Sync 1 DAGs
[2024-10-01T20:11:07.466+0700] {logging_mixin.py:190} INFO - [2024-10-01T20:11:07.465+0700] {dag.py:4180} INFO - Setting next_dagrun for latest_only to 2024-10-01 08:00:00+00:00, run_after=2024-10-01 12:00:00+00:00
[2024-10-01T20:11:07.477+0700] {processor.py:208} INFO - Processing /Users/prabowo.kadir/.pyenv/versions/3.8.18/lib/python3.8/site-packages/airflow/example_dags/example_latest_only.py took 0.118 seconds
