[2024-10-01T20:07:16.707+0700] {processor.py:186} INFO - Started process (PID=52136) to work on /Users/prabowo.kadir/.pyenv/versions/3.8.18/lib/python3.8/site-packages/airflow/example_dags/example_time_delta_sensor_async.py
[2024-10-01T20:07:16.708+0700] {processor.py:914} INFO - Processing file /Users/prabowo.kadir/.pyenv/versions/3.8.18/lib/python3.8/site-packages/airflow/example_dags/example_time_delta_sensor_async.py for tasks to queue
[2024-10-01T20:07:16.708+0700] {logging_mixin.py:190} INFO - [2024-10-01T20:07:16.708+0700] {dagbag.py:588} INFO - Filling up the DagBag from /Users/prabowo.kadir/.pyenv/versions/3.8.18/lib/python3.8/site-packages/airflow/example_dags/example_time_delta_sensor_async.py
[2024-10-01T20:07:16.721+0700] {processor.py:925} INFO - DAG(s) 'example_time_delta_sensor_async' retrieved from /Users/prabowo.kadir/.pyenv/versions/3.8.18/lib/python3.8/site-packages/airflow/example_dags/example_time_delta_sensor_async.py
[2024-10-01T20:07:16.807+0700] {logging_mixin.py:190} INFO - [2024-10-01T20:07:16.807+0700] {workday.py:41} WARNING - Could not import pandas. Holidays will not be considered.
[2024-10-01T20:07:16.932+0700] {logging_mixin.py:190} INFO - [2024-10-01T20:07:16.932+0700] {override.py:1900} INFO - Created Permission View: can edit on DAG:example_time_delta_sensor_async
[2024-10-01T20:07:16.944+0700] {logging_mixin.py:190} INFO - [2024-10-01T20:07:16.944+0700] {override.py:1900} INFO - Created Permission View: can delete on DAG:example_time_delta_sensor_async
[2024-10-01T20:07:16.949+0700] {logging_mixin.py:190} INFO - [2024-10-01T20:07:16.949+0700] {override.py:1900} INFO - Created Permission View: can read on DAG:example_time_delta_sensor_async
[2024-10-01T20:07:16.959+0700] {logging_mixin.py:190} INFO - [2024-10-01T20:07:16.959+0700] {override.py:1900} INFO - Created Permission View: can create on DAG Run:example_time_delta_sensor_async
[2024-10-01T20:07:16.968+0700] {logging_mixin.py:190} INFO - [2024-10-01T20:07:16.968+0700] {override.py:1900} INFO - Created Permission View: menu access on DAG Run:example_time_delta_sensor_async
[2024-10-01T20:07:16.973+0700] {logging_mixin.py:190} INFO - [2024-10-01T20:07:16.972+0700] {override.py:1900} INFO - Created Permission View: can delete on DAG Run:example_time_delta_sensor_async
[2024-10-01T20:07:16.982+0700] {logging_mixin.py:190} INFO - [2024-10-01T20:07:16.982+0700] {override.py:1900} INFO - Created Permission View: can read on DAG Run:example_time_delta_sensor_async
[2024-10-01T20:07:16.982+0700] {logging_mixin.py:190} INFO - [2024-10-01T20:07:16.982+0700] {dag.py:3239} INFO - Sync 1 DAGs
[2024-10-01T20:07:16.988+0700] {logging_mixin.py:190} INFO - [2024-10-01T20:07:16.987+0700] {dag.py:3262} INFO - Creating ORM DAG for example_time_delta_sensor_async
[2024-10-01T20:07:16.988+0700] {logging_mixin.py:190} INFO - [2024-10-01T20:07:16.988+0700] {dag.py:4180} INFO - Setting next_dagrun for example_time_delta_sensor_async to None, run_after=None
[2024-10-01T20:07:17.008+0700] {processor.py:208} INFO - Processing /Users/prabowo.kadir/.pyenv/versions/3.8.18/lib/python3.8/site-packages/airflow/example_dags/example_time_delta_sensor_async.py took 0.304 seconds
[2024-10-01T20:10:06.438+0700] {processor.py:186} INFO - Started process (PID=52328) to work on /Users/prabowo.kadir/.pyenv/versions/3.8.18/lib/python3.8/site-packages/airflow/example_dags/example_time_delta_sensor_async.py
[2024-10-01T20:10:06.439+0700] {processor.py:914} INFO - Processing file /Users/prabowo.kadir/.pyenv/versions/3.8.18/lib/python3.8/site-packages/airflow/example_dags/example_time_delta_sensor_async.py for tasks to queue
[2024-10-01T20:10:06.440+0700] {logging_mixin.py:190} INFO - [2024-10-01T20:10:06.440+0700] {dagbag.py:588} INFO - Filling up the DagBag from /Users/prabowo.kadir/.pyenv/versions/3.8.18/lib/python3.8/site-packages/airflow/example_dags/example_time_delta_sensor_async.py
[2024-10-01T20:10:06.449+0700] {processor.py:925} INFO - DAG(s) 'example_time_delta_sensor_async' retrieved from /Users/prabowo.kadir/.pyenv/versions/3.8.18/lib/python3.8/site-packages/airflow/example_dags/example_time_delta_sensor_async.py
[2024-10-01T20:10:06.523+0700] {logging_mixin.py:190} INFO - [2024-10-01T20:10:06.522+0700] {workday.py:41} WARNING - Could not import pandas. Holidays will not be considered.
[2024-10-01T20:10:06.544+0700] {logging_mixin.py:190} INFO - [2024-10-01T20:10:06.544+0700] {dag.py:3239} INFO - Sync 1 DAGs
[2024-10-01T20:10:06.550+0700] {logging_mixin.py:190} INFO - [2024-10-01T20:10:06.550+0700] {dag.py:4180} INFO - Setting next_dagrun for example_time_delta_sensor_async to None, run_after=None
[2024-10-01T20:10:06.564+0700] {processor.py:208} INFO - Processing /Users/prabowo.kadir/.pyenv/versions/3.8.18/lib/python3.8/site-packages/airflow/example_dags/example_time_delta_sensor_async.py took 0.129 seconds
[2024-10-01T20:12:33.843+0700] {processor.py:186} INFO - Started process (PID=52582) to work on /Users/prabowo.kadir/.pyenv/versions/3.8.18/lib/python3.8/site-packages/airflow/example_dags/example_time_delta_sensor_async.py
[2024-10-01T20:12:33.844+0700] {processor.py:914} INFO - Processing file /Users/prabowo.kadir/.pyenv/versions/3.8.18/lib/python3.8/site-packages/airflow/example_dags/example_time_delta_sensor_async.py for tasks to queue
[2024-10-01T20:12:33.845+0700] {logging_mixin.py:190} INFO - [2024-10-01T20:12:33.845+0700] {dagbag.py:588} INFO - Filling up the DagBag from /Users/prabowo.kadir/.pyenv/versions/3.8.18/lib/python3.8/site-packages/airflow/example_dags/example_time_delta_sensor_async.py
[2024-10-01T20:12:33.858+0700] {processor.py:925} INFO - DAG(s) 'example_time_delta_sensor_async' retrieved from /Users/prabowo.kadir/.pyenv/versions/3.8.18/lib/python3.8/site-packages/airflow/example_dags/example_time_delta_sensor_async.py
[2024-10-01T20:12:33.925+0700] {logging_mixin.py:190} INFO - [2024-10-01T20:12:33.925+0700] {workday.py:41} WARNING - Could not import pandas. Holidays will not be considered.
[2024-10-01T20:12:33.942+0700] {logging_mixin.py:190} INFO - [2024-10-01T20:12:33.942+0700] {dag.py:3239} INFO - Sync 1 DAGs
[2024-10-01T20:12:33.947+0700] {logging_mixin.py:190} INFO - [2024-10-01T20:12:33.947+0700] {dag.py:4180} INFO - Setting next_dagrun for example_time_delta_sensor_async to None, run_after=None
[2024-10-01T20:12:33.975+0700] {processor.py:208} INFO - Processing /Users/prabowo.kadir/.pyenv/versions/3.8.18/lib/python3.8/site-packages/airflow/example_dags/example_time_delta_sensor_async.py took 0.135 seconds
