[2024-10-01T20:07:38.946+0700] {processor.py:186} INFO - Started process (PID=52160) to work on /Users/prabowo.kadir/.pyenv/versions/3.8.18/lib/python3.8/site-packages/airflow/example_dags/example_short_circuit_decorator.py
[2024-10-01T20:07:38.947+0700] {processor.py:914} INFO - Processing file /Users/prabowo.kadir/.pyenv/versions/3.8.18/lib/python3.8/site-packages/airflow/example_dags/example_short_circuit_decorator.py for tasks to queue
[2024-10-01T20:07:38.948+0700] {logging_mixin.py:190} INFO - [2024-10-01T20:07:38.948+0700] {dagbag.py:588} INFO - Filling up the DagBag from /Users/prabowo.kadir/.pyenv/versions/3.8.18/lib/python3.8/site-packages/airflow/example_dags/example_short_circuit_decorator.py
[2024-10-01T20:07:39.020+0700] {processor.py:925} INFO - DAG(s) 'example_short_circuit_decorator' retrieved from /Users/prabowo.kadir/.pyenv/versions/3.8.18/lib/python3.8/site-packages/airflow/example_dags/example_short_circuit_decorator.py
[2024-10-01T20:07:39.163+0700] {logging_mixin.py:190} INFO - [2024-10-01T20:07:39.163+0700] {override.py:1900} INFO - Created Permission View: can edit on DAG:example_short_circuit_decorator
[2024-10-01T20:07:39.172+0700] {logging_mixin.py:190} INFO - [2024-10-01T20:07:39.172+0700] {override.py:1900} INFO - Created Permission View: can read on DAG:example_short_circuit_decorator
[2024-10-01T20:07:39.178+0700] {logging_mixin.py:190} INFO - [2024-10-01T20:07:39.178+0700] {override.py:1900} INFO - Created Permission View: can delete on DAG:example_short_circuit_decorator
[2024-10-01T20:07:39.193+0700] {logging_mixin.py:190} INFO - [2024-10-01T20:07:39.193+0700] {override.py:1900} INFO - Created Permission View: can delete on DAG Run:example_short_circuit_decorator
[2024-10-01T20:07:39.202+0700] {logging_mixin.py:190} INFO - [2024-10-01T20:07:39.202+0700] {override.py:1900} INFO - Created Permission View: can create on DAG Run:example_short_circuit_decorator
[2024-10-01T20:07:39.206+0700] {logging_mixin.py:190} INFO - [2024-10-01T20:07:39.206+0700] {override.py:1900} INFO - Created Permission View: can read on DAG Run:example_short_circuit_decorator
[2024-10-01T20:07:39.216+0700] {logging_mixin.py:190} INFO - [2024-10-01T20:07:39.215+0700] {override.py:1900} INFO - Created Permission View: menu access on DAG Run:example_short_circuit_decorator
[2024-10-01T20:07:39.216+0700] {logging_mixin.py:190} INFO - [2024-10-01T20:07:39.216+0700] {dag.py:3239} INFO - Sync 1 DAGs
[2024-10-01T20:07:39.224+0700] {logging_mixin.py:190} INFO - [2024-10-01T20:07:39.223+0700] {dag.py:3262} INFO - Creating ORM DAG for example_short_circuit_decorator
[2024-10-01T20:07:39.224+0700] {logging_mixin.py:190} INFO - [2024-10-01T20:07:39.224+0700] {dag.py:4180} INFO - Setting next_dagrun for example_short_circuit_decorator to None, run_after=None
[2024-10-01T20:07:39.238+0700] {processor.py:208} INFO - Processing /Users/prabowo.kadir/.pyenv/versions/3.8.18/lib/python3.8/site-packages/airflow/example_dags/example_short_circuit_decorator.py took 0.296 seconds
[2024-10-01T20:10:26.093+0700] {processor.py:186} INFO - Started process (PID=52352) to work on /Users/prabowo.kadir/.pyenv/versions/3.8.18/lib/python3.8/site-packages/airflow/example_dags/example_short_circuit_decorator.py
[2024-10-01T20:10:26.094+0700] {processor.py:914} INFO - Processing file /Users/prabowo.kadir/.pyenv/versions/3.8.18/lib/python3.8/site-packages/airflow/example_dags/example_short_circuit_decorator.py for tasks to queue
[2024-10-01T20:10:26.094+0700] {logging_mixin.py:190} INFO - [2024-10-01T20:10:26.094+0700] {dagbag.py:588} INFO - Filling up the DagBag from /Users/prabowo.kadir/.pyenv/versions/3.8.18/lib/python3.8/site-packages/airflow/example_dags/example_short_circuit_decorator.py
[2024-10-01T20:10:26.168+0700] {processor.py:925} INFO - DAG(s) 'example_short_circuit_decorator' retrieved from /Users/prabowo.kadir/.pyenv/versions/3.8.18/lib/python3.8/site-packages/airflow/example_dags/example_short_circuit_decorator.py
[2024-10-01T20:10:26.242+0700] {logging_mixin.py:190} INFO - [2024-10-01T20:10:26.242+0700] {dag.py:3239} INFO - Sync 1 DAGs
[2024-10-01T20:10:26.247+0700] {logging_mixin.py:190} INFO - [2024-10-01T20:10:26.247+0700] {dag.py:4180} INFO - Setting next_dagrun for example_short_circuit_decorator to None, run_after=None
[2024-10-01T20:10:26.286+0700] {processor.py:208} INFO - Processing /Users/prabowo.kadir/.pyenv/versions/3.8.18/lib/python3.8/site-packages/airflow/example_dags/example_short_circuit_decorator.py took 0.195 seconds
[2024-10-01T20:12:53.790+0700] {processor.py:186} INFO - Started process (PID=52602) to work on /Users/prabowo.kadir/.pyenv/versions/3.8.18/lib/python3.8/site-packages/airflow/example_dags/example_short_circuit_decorator.py
[2024-10-01T20:12:53.791+0700] {processor.py:914} INFO - Processing file /Users/prabowo.kadir/.pyenv/versions/3.8.18/lib/python3.8/site-packages/airflow/example_dags/example_short_circuit_decorator.py for tasks to queue
[2024-10-01T20:12:53.792+0700] {logging_mixin.py:190} INFO - [2024-10-01T20:12:53.791+0700] {dagbag.py:588} INFO - Filling up the DagBag from /Users/prabowo.kadir/.pyenv/versions/3.8.18/lib/python3.8/site-packages/airflow/example_dags/example_short_circuit_decorator.py
[2024-10-01T20:12:53.840+0700] {processor.py:925} INFO - DAG(s) 'example_short_circuit_decorator' retrieved from /Users/prabowo.kadir/.pyenv/versions/3.8.18/lib/python3.8/site-packages/airflow/example_dags/example_short_circuit_decorator.py
[2024-10-01T20:12:53.889+0700] {logging_mixin.py:190} INFO - [2024-10-01T20:12:53.889+0700] {dag.py:3239} INFO - Sync 1 DAGs
[2024-10-01T20:12:53.893+0700] {logging_mixin.py:190} INFO - [2024-10-01T20:12:53.893+0700] {dag.py:4180} INFO - Setting next_dagrun for example_short_circuit_decorator to None, run_after=None
[2024-10-01T20:12:53.904+0700] {processor.py:208} INFO - Processing /Users/prabowo.kadir/.pyenv/versions/3.8.18/lib/python3.8/site-packages/airflow/example_dags/example_short_circuit_decorator.py took 0.116 seconds
