[2024-10-01T20:08:11.486+0700] {processor.py:186} INFO - Started process (PID=52192) to work on /Users/prabowo.kadir/.pyenv/versions/3.8.18/lib/python3.8/site-packages/airflow/example_dags/example_nested_branch_dag.py
[2024-10-01T20:08:11.486+0700] {processor.py:914} INFO - Processing file /Users/prabowo.kadir/.pyenv/versions/3.8.18/lib/python3.8/site-packages/airflow/example_dags/example_nested_branch_dag.py for tasks to queue
[2024-10-01T20:08:11.487+0700] {logging_mixin.py:190} INFO - [2024-10-01T20:08:11.487+0700] {dagbag.py:588} INFO - Filling up the DagBag from /Users/prabowo.kadir/.pyenv/versions/3.8.18/lib/python3.8/site-packages/airflow/example_dags/example_nested_branch_dag.py
[2024-10-01T20:08:11.566+0700] {processor.py:925} INFO - DAG(s) 'example_nested_branch_dag' retrieved from /Users/prabowo.kadir/.pyenv/versions/3.8.18/lib/python3.8/site-packages/airflow/example_dags/example_nested_branch_dag.py
[2024-10-01T20:08:11.721+0700] {logging_mixin.py:190} INFO - [2024-10-01T20:08:11.720+0700] {override.py:1900} INFO - Created Permission View: can edit on DAG:example_nested_branch_dag
[2024-10-01T20:08:11.741+0700] {logging_mixin.py:190} INFO - [2024-10-01T20:08:11.740+0700] {override.py:1900} INFO - Created Permission View: can delete on DAG:example_nested_branch_dag
[2024-10-01T20:08:11.749+0700] {logging_mixin.py:190} INFO - [2024-10-01T20:08:11.748+0700] {override.py:1900} INFO - Created Permission View: can read on DAG:example_nested_branch_dag
[2024-10-01T20:08:11.757+0700] {logging_mixin.py:190} INFO - [2024-10-01T20:08:11.757+0700] {override.py:1900} INFO - Created Permission View: can delete on DAG Run:example_nested_branch_dag
[2024-10-01T20:08:11.762+0700] {logging_mixin.py:190} INFO - [2024-10-01T20:08:11.762+0700] {override.py:1900} INFO - Created Permission View: can create on DAG Run:example_nested_branch_dag
[2024-10-01T20:08:11.766+0700] {logging_mixin.py:190} INFO - [2024-10-01T20:08:11.766+0700] {override.py:1900} INFO - Created Permission View: menu access on DAG Run:example_nested_branch_dag
[2024-10-01T20:08:11.771+0700] {logging_mixin.py:190} INFO - [2024-10-01T20:08:11.771+0700] {override.py:1900} INFO - Created Permission View: can read on DAG Run:example_nested_branch_dag
[2024-10-01T20:08:11.771+0700] {logging_mixin.py:190} INFO - [2024-10-01T20:08:11.771+0700] {dag.py:3239} INFO - Sync 1 DAGs
[2024-10-01T20:08:11.777+0700] {logging_mixin.py:190} INFO - [2024-10-01T20:08:11.777+0700] {dag.py:3262} INFO - Creating ORM DAG for example_nested_branch_dag
[2024-10-01T20:08:11.781+0700] {logging_mixin.py:190} INFO - [2024-10-01T20:08:11.781+0700] {dag.py:4180} INFO - Setting next_dagrun for example_nested_branch_dag to 2024-09-30 00:00:00+00:00, run_after=2024-10-01 00:00:00+00:00
[2024-10-01T20:08:11.799+0700] {processor.py:208} INFO - Processing /Users/prabowo.kadir/.pyenv/versions/3.8.18/lib/python3.8/site-packages/airflow/example_dags/example_nested_branch_dag.py took 0.316 seconds
[2024-10-01T20:10:57.947+0700] {processor.py:186} INFO - Started process (PID=52412) to work on /Users/prabowo.kadir/.pyenv/versions/3.8.18/lib/python3.8/site-packages/airflow/example_dags/example_nested_branch_dag.py
[2024-10-01T20:10:57.948+0700] {processor.py:914} INFO - Processing file /Users/prabowo.kadir/.pyenv/versions/3.8.18/lib/python3.8/site-packages/airflow/example_dags/example_nested_branch_dag.py for tasks to queue
[2024-10-01T20:10:57.949+0700] {logging_mixin.py:190} INFO - [2024-10-01T20:10:57.949+0700] {dagbag.py:588} INFO - Filling up the DagBag from /Users/prabowo.kadir/.pyenv/versions/3.8.18/lib/python3.8/site-packages/airflow/example_dags/example_nested_branch_dag.py
[2024-10-01T20:10:58.007+0700] {processor.py:925} INFO - DAG(s) 'example_nested_branch_dag' retrieved from /Users/prabowo.kadir/.pyenv/versions/3.8.18/lib/python3.8/site-packages/airflow/example_dags/example_nested_branch_dag.py
[2024-10-01T20:10:58.060+0700] {logging_mixin.py:190} INFO - [2024-10-01T20:10:58.060+0700] {dag.py:3239} INFO - Sync 1 DAGs
[2024-10-01T20:10:58.070+0700] {logging_mixin.py:190} INFO - [2024-10-01T20:10:58.070+0700] {dag.py:4180} INFO - Setting next_dagrun for example_nested_branch_dag to 2024-09-30 00:00:00+00:00, run_after=2024-10-01 00:00:00+00:00
[2024-10-01T20:10:58.104+0700] {processor.py:208} INFO - Processing /Users/prabowo.kadir/.pyenv/versions/3.8.18/lib/python3.8/site-packages/airflow/example_dags/example_nested_branch_dag.py took 0.160 seconds
[2024-10-01T20:13:25.247+0700] {processor.py:186} INFO - Started process (PID=52634) to work on /Users/prabowo.kadir/.pyenv/versions/3.8.18/lib/python3.8/site-packages/airflow/example_dags/example_nested_branch_dag.py
[2024-10-01T20:13:25.248+0700] {processor.py:914} INFO - Processing file /Users/prabowo.kadir/.pyenv/versions/3.8.18/lib/python3.8/site-packages/airflow/example_dags/example_nested_branch_dag.py for tasks to queue
[2024-10-01T20:13:25.248+0700] {logging_mixin.py:190} INFO - [2024-10-01T20:13:25.248+0700] {dagbag.py:588} INFO - Filling up the DagBag from /Users/prabowo.kadir/.pyenv/versions/3.8.18/lib/python3.8/site-packages/airflow/example_dags/example_nested_branch_dag.py
[2024-10-01T20:13:25.354+0700] {processor.py:925} INFO - DAG(s) 'example_nested_branch_dag' retrieved from /Users/prabowo.kadir/.pyenv/versions/3.8.18/lib/python3.8/site-packages/airflow/example_dags/example_nested_branch_dag.py
[2024-10-01T20:13:25.408+0700] {logging_mixin.py:190} INFO - [2024-10-01T20:13:25.408+0700] {dag.py:3239} INFO - Sync 1 DAGs
[2024-10-01T20:13:25.417+0700] {logging_mixin.py:190} INFO - [2024-10-01T20:13:25.417+0700] {dag.py:4180} INFO - Setting next_dagrun for example_nested_branch_dag to 2024-09-30 00:00:00+00:00, run_after=2024-10-01 00:00:00+00:00
[2024-10-01T20:13:25.427+0700] {processor.py:208} INFO - Processing /Users/prabowo.kadir/.pyenv/versions/3.8.18/lib/python3.8/site-packages/airflow/example_dags/example_nested_branch_dag.py took 0.182 seconds
