[2024-10-01T20:08:34.981+0700] {processor.py:186} INFO - Started process (PID=52216) to work on /Users/prabowo.kadir/.pyenv/versions/3.8.18/lib/python3.8/site-packages/airflow/example_dags/example_dynamic_task_mapping.py
[2024-10-01T20:08:34.982+0700] {processor.py:914} INFO - Processing file /Users/prabowo.kadir/.pyenv/versions/3.8.18/lib/python3.8/site-packages/airflow/example_dags/example_dynamic_task_mapping.py for tasks to queue
[2024-10-01T20:08:34.982+0700] {logging_mixin.py:190} INFO - [2024-10-01T20:08:34.982+0700] {dagbag.py:588} INFO - Filling up the DagBag from /Users/prabowo.kadir/.pyenv/versions/3.8.18/lib/python3.8/site-packages/airflow/example_dags/example_dynamic_task_mapping.py
[2024-10-01T20:08:35.046+0700] {processor.py:925} INFO - DAG(s) 'example_dynamic_task_mapping' retrieved from /Users/prabowo.kadir/.pyenv/versions/3.8.18/lib/python3.8/site-packages/airflow/example_dags/example_dynamic_task_mapping.py
[2024-10-01T20:08:35.182+0700] {logging_mixin.py:190} INFO - [2024-10-01T20:08:35.181+0700] {override.py:1900} INFO - Created Permission View: can read on DAG:example_dynamic_task_mapping
[2024-10-01T20:08:35.188+0700] {logging_mixin.py:190} INFO - [2024-10-01T20:08:35.188+0700] {override.py:1900} INFO - Created Permission View: can edit on DAG:example_dynamic_task_mapping
[2024-10-01T20:08:35.203+0700] {logging_mixin.py:190} INFO - [2024-10-01T20:08:35.203+0700] {override.py:1900} INFO - Created Permission View: can delete on DAG:example_dynamic_task_mapping
[2024-10-01T20:08:35.211+0700] {logging_mixin.py:190} INFO - [2024-10-01T20:08:35.210+0700] {override.py:1900} INFO - Created Permission View: can read on DAG Run:example_dynamic_task_mapping
[2024-10-01T20:08:35.222+0700] {logging_mixin.py:190} INFO - [2024-10-01T20:08:35.222+0700] {override.py:1900} INFO - Created Permission View: can delete on DAG Run:example_dynamic_task_mapping
[2024-10-01T20:08:35.226+0700] {logging_mixin.py:190} INFO - [2024-10-01T20:08:35.226+0700] {override.py:1900} INFO - Created Permission View: can create on DAG Run:example_dynamic_task_mapping
[2024-10-01T20:08:35.235+0700] {logging_mixin.py:190} INFO - [2024-10-01T20:08:35.235+0700] {override.py:1900} INFO - Created Permission View: menu access on DAG Run:example_dynamic_task_mapping
[2024-10-01T20:08:35.236+0700] {logging_mixin.py:190} INFO - [2024-10-01T20:08:35.236+0700] {dag.py:3239} INFO - Sync 1 DAGs
[2024-10-01T20:08:35.241+0700] {logging_mixin.py:190} INFO - [2024-10-01T20:08:35.241+0700] {dag.py:3262} INFO - Creating ORM DAG for example_dynamic_task_mapping
[2024-10-01T20:08:35.241+0700] {logging_mixin.py:190} INFO - [2024-10-01T20:08:35.241+0700] {dag.py:4180} INFO - Setting next_dagrun for example_dynamic_task_mapping to None, run_after=None
[2024-10-01T20:08:35.283+0700] {processor.py:208} INFO - Processing /Users/prabowo.kadir/.pyenv/versions/3.8.18/lib/python3.8/site-packages/airflow/example_dags/example_dynamic_task_mapping.py took 0.304 seconds
[2024-10-01T20:11:22.220+0700] {processor.py:186} INFO - Started process (PID=52447) to work on /Users/prabowo.kadir/.pyenv/versions/3.8.18/lib/python3.8/site-packages/airflow/example_dags/example_dynamic_task_mapping.py
[2024-10-01T20:11:22.223+0700] {processor.py:914} INFO - Processing file /Users/prabowo.kadir/.pyenv/versions/3.8.18/lib/python3.8/site-packages/airflow/example_dags/example_dynamic_task_mapping.py for tasks to queue
[2024-10-01T20:11:22.223+0700] {logging_mixin.py:190} INFO - [2024-10-01T20:11:22.223+0700] {dagbag.py:588} INFO - Filling up the DagBag from /Users/prabowo.kadir/.pyenv/versions/3.8.18/lib/python3.8/site-packages/airflow/example_dags/example_dynamic_task_mapping.py
[2024-10-01T20:11:22.305+0700] {processor.py:925} INFO - DAG(s) 'example_dynamic_task_mapping' retrieved from /Users/prabowo.kadir/.pyenv/versions/3.8.18/lib/python3.8/site-packages/airflow/example_dags/example_dynamic_task_mapping.py
[2024-10-01T20:11:22.364+0700] {logging_mixin.py:190} INFO - [2024-10-01T20:11:22.364+0700] {dag.py:3239} INFO - Sync 1 DAGs
[2024-10-01T20:11:22.369+0700] {logging_mixin.py:190} INFO - [2024-10-01T20:11:22.369+0700] {dag.py:4180} INFO - Setting next_dagrun for example_dynamic_task_mapping to None, run_after=None
[2024-10-01T20:11:22.405+0700] {processor.py:208} INFO - Processing /Users/prabowo.kadir/.pyenv/versions/3.8.18/lib/python3.8/site-packages/airflow/example_dags/example_dynamic_task_mapping.py took 0.192 seconds
