[2024-10-01T20:07:58.059+0700] {processor.py:186} INFO - Started process (PID=52180) to work on /Users/prabowo.kadir/.pyenv/versions/3.8.18/lib/python3.8/site-packages/airflow/example_dags/example_python_decorator.py
[2024-10-01T20:07:58.060+0700] {processor.py:914} INFO - Processing file /Users/prabowo.kadir/.pyenv/versions/3.8.18/lib/python3.8/site-packages/airflow/example_dags/example_python_decorator.py for tasks to queue
[2024-10-01T20:07:58.060+0700] {logging_mixin.py:190} INFO - [2024-10-01T20:07:58.060+0700] {dagbag.py:588} INFO - Filling up the DagBag from /Users/prabowo.kadir/.pyenv/versions/3.8.18/lib/python3.8/site-packages/airflow/example_dags/example_python_decorator.py
[2024-10-01T20:07:58.126+0700] {processor.py:925} INFO - DAG(s) 'example_python_decorator' retrieved from /Users/prabowo.kadir/.pyenv/versions/3.8.18/lib/python3.8/site-packages/airflow/example_dags/example_python_decorator.py
[2024-10-01T20:07:58.252+0700] {logging_mixin.py:190} INFO - [2024-10-01T20:07:58.252+0700] {override.py:1900} INFO - Created Permission View: can edit on DAG:example_python_decorator
[2024-10-01T20:07:58.263+0700] {logging_mixin.py:190} INFO - [2024-10-01T20:07:58.263+0700] {override.py:1900} INFO - Created Permission View: can read on DAG:example_python_decorator
[2024-10-01T20:07:58.267+0700] {logging_mixin.py:190} INFO - [2024-10-01T20:07:58.267+0700] {override.py:1900} INFO - Created Permission View: can delete on DAG:example_python_decorator
[2024-10-01T20:07:58.281+0700] {logging_mixin.py:190} INFO - [2024-10-01T20:07:58.281+0700] {override.py:1900} INFO - Created Permission View: menu access on DAG Run:example_python_decorator
[2024-10-01T20:07:58.285+0700] {logging_mixin.py:190} INFO - [2024-10-01T20:07:58.285+0700] {override.py:1900} INFO - Created Permission View: can read on DAG Run:example_python_decorator
[2024-10-01T20:07:58.294+0700] {logging_mixin.py:190} INFO - [2024-10-01T20:07:58.294+0700] {override.py:1900} INFO - Created Permission View: can create on DAG Run:example_python_decorator
[2024-10-01T20:07:58.298+0700] {logging_mixin.py:190} INFO - [2024-10-01T20:07:58.298+0700] {override.py:1900} INFO - Created Permission View: can delete on DAG Run:example_python_decorator
[2024-10-01T20:07:58.299+0700] {logging_mixin.py:190} INFO - [2024-10-01T20:07:58.299+0700] {dag.py:3239} INFO - Sync 1 DAGs
[2024-10-01T20:07:58.312+0700] {logging_mixin.py:190} INFO - [2024-10-01T20:07:58.312+0700] {dag.py:3262} INFO - Creating ORM DAG for example_python_decorator
[2024-10-01T20:07:58.313+0700] {logging_mixin.py:190} INFO - [2024-10-01T20:07:58.312+0700] {dag.py:4180} INFO - Setting next_dagrun for example_python_decorator to None, run_after=None
[2024-10-01T20:07:58.325+0700] {processor.py:208} INFO - Processing /Users/prabowo.kadir/.pyenv/versions/3.8.18/lib/python3.8/site-packages/airflow/example_dags/example_python_decorator.py took 0.269 seconds
[2024-10-01T20:10:43.062+0700] {processor.py:186} INFO - Started process (PID=52377) to work on /Users/prabowo.kadir/.pyenv/versions/3.8.18/lib/python3.8/site-packages/airflow/example_dags/example_python_decorator.py
[2024-10-01T20:10:43.063+0700] {processor.py:914} INFO - Processing file /Users/prabowo.kadir/.pyenv/versions/3.8.18/lib/python3.8/site-packages/airflow/example_dags/example_python_decorator.py for tasks to queue
[2024-10-01T20:10:43.063+0700] {logging_mixin.py:190} INFO - [2024-10-01T20:10:43.063+0700] {dagbag.py:588} INFO - Filling up the DagBag from /Users/prabowo.kadir/.pyenv/versions/3.8.18/lib/python3.8/site-packages/airflow/example_dags/example_python_decorator.py
[2024-10-01T20:10:43.126+0700] {processor.py:925} INFO - DAG(s) 'example_python_decorator' retrieved from /Users/prabowo.kadir/.pyenv/versions/3.8.18/lib/python3.8/site-packages/airflow/example_dags/example_python_decorator.py
[2024-10-01T20:10:43.272+0700] {logging_mixin.py:190} INFO - [2024-10-01T20:10:43.272+0700] {dag.py:3239} INFO - Sync 1 DAGs
[2024-10-01T20:10:43.277+0700] {logging_mixin.py:190} INFO - [2024-10-01T20:10:43.277+0700] {dag.py:4180} INFO - Setting next_dagrun for example_python_decorator to None, run_after=None
[2024-10-01T20:10:43.289+0700] {processor.py:208} INFO - Processing /Users/prabowo.kadir/.pyenv/versions/3.8.18/lib/python3.8/site-packages/airflow/example_dags/example_python_decorator.py took 0.229 seconds
[2024-10-01T20:13:11.093+0700] {processor.py:186} INFO - Started process (PID=52618) to work on /Users/prabowo.kadir/.pyenv/versions/3.8.18/lib/python3.8/site-packages/airflow/example_dags/example_python_decorator.py
[2024-10-01T20:13:11.095+0700] {processor.py:914} INFO - Processing file /Users/prabowo.kadir/.pyenv/versions/3.8.18/lib/python3.8/site-packages/airflow/example_dags/example_python_decorator.py for tasks to queue
[2024-10-01T20:13:11.095+0700] {logging_mixin.py:190} INFO - [2024-10-01T20:13:11.095+0700] {dagbag.py:588} INFO - Filling up the DagBag from /Users/prabowo.kadir/.pyenv/versions/3.8.18/lib/python3.8/site-packages/airflow/example_dags/example_python_decorator.py
[2024-10-01T20:13:11.161+0700] {processor.py:925} INFO - DAG(s) 'example_python_decorator' retrieved from /Users/prabowo.kadir/.pyenv/versions/3.8.18/lib/python3.8/site-packages/airflow/example_dags/example_python_decorator.py
[2024-10-01T20:13:11.307+0700] {logging_mixin.py:190} INFO - [2024-10-01T20:13:11.307+0700] {dag.py:3239} INFO - Sync 1 DAGs
[2024-10-01T20:13:11.312+0700] {logging_mixin.py:190} INFO - [2024-10-01T20:13:11.312+0700] {dag.py:4180} INFO - Setting next_dagrun for example_python_decorator to None, run_after=None
[2024-10-01T20:13:11.325+0700] {processor.py:208} INFO - Processing /Users/prabowo.kadir/.pyenv/versions/3.8.18/lib/python3.8/site-packages/airflow/example_dags/example_python_decorator.py took 0.235 seconds
