[2024-10-01T20:08:46.997+0700] {processor.py:186} INFO - Started process (PID=52227) to work on /Users/prabowo.kadir/.pyenv/versions/3.8.18/lib/python3.8/site-packages/airflow/example_dags/example_dataset_alias.py
[2024-10-01T20:08:46.999+0700] {processor.py:914} INFO - Processing file /Users/prabowo.kadir/.pyenv/versions/3.8.18/lib/python3.8/site-packages/airflow/example_dags/example_dataset_alias.py for tasks to queue
[2024-10-01T20:08:46.999+0700] {logging_mixin.py:190} INFO - [2024-10-01T20:08:46.999+0700] {dagbag.py:588} INFO - Filling up the DagBag from /Users/prabowo.kadir/.pyenv/versions/3.8.18/lib/python3.8/site-packages/airflow/example_dags/example_dataset_alias.py
[2024-10-01T20:08:47.173+0700] {processor.py:925} INFO - DAG(s) 'dataset_s3_bucket_producer', 'dataset_alias_example_alias_consumer', 'dataset_s3_bucket_consumer', 'dataset_alias_example_alias_producer' retrieved from /Users/prabowo.kadir/.pyenv/versions/3.8.18/lib/python3.8/site-packages/airflow/example_dags/example_dataset_alias.py
[2024-10-01T20:08:47.272+0700] {logging_mixin.py:190} INFO - [2024-10-01T20:08:47.271+0700] {override.py:1900} INFO - Created Permission View: can delete on DAG:dataset_s3_bucket_producer
[2024-10-01T20:08:47.281+0700] {logging_mixin.py:190} INFO - [2024-10-01T20:08:47.281+0700] {override.py:1900} INFO - Created Permission View: can read on DAG:dataset_s3_bucket_producer
[2024-10-01T20:08:47.285+0700] {logging_mixin.py:190} INFO - [2024-10-01T20:08:47.285+0700] {override.py:1900} INFO - Created Permission View: can edit on DAG:dataset_s3_bucket_producer
[2024-10-01T20:08:47.300+0700] {logging_mixin.py:190} INFO - [2024-10-01T20:08:47.300+0700] {override.py:1900} INFO - Created Permission View: can read on DAG Run:dataset_s3_bucket_producer
[2024-10-01T20:08:47.305+0700] {logging_mixin.py:190} INFO - [2024-10-01T20:08:47.305+0700] {override.py:1900} INFO - Created Permission View: can delete on DAG Run:dataset_s3_bucket_producer
[2024-10-01T20:08:47.311+0700] {logging_mixin.py:190} INFO - [2024-10-01T20:08:47.311+0700] {override.py:1900} INFO - Created Permission View: menu access on DAG Run:dataset_s3_bucket_producer
[2024-10-01T20:08:47.315+0700] {logging_mixin.py:190} INFO - [2024-10-01T20:08:47.315+0700] {override.py:1900} INFO - Created Permission View: can create on DAG Run:dataset_s3_bucket_producer
[2024-10-01T20:08:47.346+0700] {logging_mixin.py:190} INFO - [2024-10-01T20:08:47.346+0700] {override.py:1900} INFO - Created Permission View: can delete on DAG:dataset_alias_example_alias_consumer
[2024-10-01T20:08:47.353+0700] {logging_mixin.py:190} INFO - [2024-10-01T20:08:47.352+0700] {override.py:1900} INFO - Created Permission View: can read on DAG:dataset_alias_example_alias_consumer
[2024-10-01T20:08:47.357+0700] {logging_mixin.py:190} INFO - [2024-10-01T20:08:47.357+0700] {override.py:1900} INFO - Created Permission View: can edit on DAG:dataset_alias_example_alias_consumer
[2024-10-01T20:08:47.369+0700] {logging_mixin.py:190} INFO - [2024-10-01T20:08:47.368+0700] {override.py:1900} INFO - Created Permission View: can read on DAG Run:dataset_alias_example_alias_consumer
[2024-10-01T20:08:47.372+0700] {logging_mixin.py:190} INFO - [2024-10-01T20:08:47.372+0700] {override.py:1900} INFO - Created Permission View: can delete on DAG Run:dataset_alias_example_alias_consumer
[2024-10-01T20:08:47.382+0700] {logging_mixin.py:190} INFO - [2024-10-01T20:08:47.382+0700] {override.py:1900} INFO - Created Permission View: menu access on DAG Run:dataset_alias_example_alias_consumer
[2024-10-01T20:08:47.386+0700] {logging_mixin.py:190} INFO - [2024-10-01T20:08:47.386+0700] {override.py:1900} INFO - Created Permission View: can create on DAG Run:dataset_alias_example_alias_consumer
[2024-10-01T20:08:47.400+0700] {logging_mixin.py:190} INFO - [2024-10-01T20:08:47.400+0700] {override.py:1900} INFO - Created Permission View: can delete on DAG:dataset_s3_bucket_consumer
[2024-10-01T20:08:47.406+0700] {logging_mixin.py:190} INFO - [2024-10-01T20:08:47.406+0700] {override.py:1900} INFO - Created Permission View: can read on DAG:dataset_s3_bucket_consumer
[2024-10-01T20:08:47.410+0700] {logging_mixin.py:190} INFO - [2024-10-01T20:08:47.410+0700] {override.py:1900} INFO - Created Permission View: can edit on DAG:dataset_s3_bucket_consumer
[2024-10-01T20:08:47.416+0700] {logging_mixin.py:190} INFO - [2024-10-01T20:08:47.416+0700] {override.py:1900} INFO - Created Permission View: can read on DAG Run:dataset_s3_bucket_consumer
[2024-10-01T20:08:47.421+0700] {logging_mixin.py:190} INFO - [2024-10-01T20:08:47.420+0700] {override.py:1900} INFO - Created Permission View: can delete on DAG Run:dataset_s3_bucket_consumer
[2024-10-01T20:08:47.434+0700] {logging_mixin.py:190} INFO - [2024-10-01T20:08:47.434+0700] {override.py:1900} INFO - Created Permission View: menu access on DAG Run:dataset_s3_bucket_consumer
[2024-10-01T20:08:47.438+0700] {logging_mixin.py:190} INFO - [2024-10-01T20:08:47.438+0700] {override.py:1900} INFO - Created Permission View: can create on DAG Run:dataset_s3_bucket_consumer
[2024-10-01T20:08:47.456+0700] {logging_mixin.py:190} INFO - [2024-10-01T20:08:47.456+0700] {override.py:1900} INFO - Created Permission View: can delete on DAG:dataset_alias_example_alias_producer
[2024-10-01T20:08:47.460+0700] {logging_mixin.py:190} INFO - [2024-10-01T20:08:47.460+0700] {override.py:1900} INFO - Created Permission View: can read on DAG:dataset_alias_example_alias_producer
[2024-10-01T20:08:47.464+0700] {logging_mixin.py:190} INFO - [2024-10-01T20:08:47.464+0700] {override.py:1900} INFO - Created Permission View: can edit on DAG:dataset_alias_example_alias_producer
[2024-10-01T20:08:47.474+0700] {logging_mixin.py:190} INFO - [2024-10-01T20:08:47.473+0700] {override.py:1900} INFO - Created Permission View: can read on DAG Run:dataset_alias_example_alias_producer
[2024-10-01T20:08:47.478+0700] {logging_mixin.py:190} INFO - [2024-10-01T20:08:47.478+0700] {override.py:1900} INFO - Created Permission View: can delete on DAG Run:dataset_alias_example_alias_producer
[2024-10-01T20:08:47.482+0700] {logging_mixin.py:190} INFO - [2024-10-01T20:08:47.481+0700] {override.py:1900} INFO - Created Permission View: menu access on DAG Run:dataset_alias_example_alias_producer
[2024-10-01T20:08:47.490+0700] {logging_mixin.py:190} INFO - [2024-10-01T20:08:47.490+0700] {override.py:1900} INFO - Created Permission View: can create on DAG Run:dataset_alias_example_alias_producer
[2024-10-01T20:08:47.490+0700] {logging_mixin.py:190} INFO - [2024-10-01T20:08:47.490+0700] {dag.py:3239} INFO - Sync 4 DAGs
[2024-10-01T20:08:47.497+0700] {logging_mixin.py:190} INFO - [2024-10-01T20:08:47.497+0700] {dag.py:3262} INFO - Creating ORM DAG for dataset_alias_example_alias_producer
[2024-10-01T20:08:47.497+0700] {logging_mixin.py:190} INFO - [2024-10-01T20:08:47.497+0700] {dag.py:3262} INFO - Creating ORM DAG for dataset_s3_bucket_consumer
[2024-10-01T20:08:47.497+0700] {logging_mixin.py:190} INFO - [2024-10-01T20:08:47.497+0700] {dag.py:3262} INFO - Creating ORM DAG for dataset_s3_bucket_producer
[2024-10-01T20:08:47.498+0700] {logging_mixin.py:190} INFO - [2024-10-01T20:08:47.497+0700] {dag.py:3262} INFO - Creating ORM DAG for dataset_alias_example_alias_consumer
[2024-10-01T20:08:47.501+0700] {logging_mixin.py:190} INFO - [2024-10-01T20:08:47.501+0700] {dag.py:4180} INFO - Setting next_dagrun for dataset_alias_example_alias_consumer to None, run_after=None
[2024-10-01T20:08:47.501+0700] {logging_mixin.py:190} INFO - [2024-10-01T20:08:47.501+0700] {dag.py:4180} INFO - Setting next_dagrun for dataset_alias_example_alias_producer to None, run_after=None
[2024-10-01T20:08:47.501+0700] {logging_mixin.py:190} INFO - [2024-10-01T20:08:47.501+0700] {dag.py:4180} INFO - Setting next_dagrun for dataset_s3_bucket_consumer to None, run_after=None
[2024-10-01T20:08:47.501+0700] {logging_mixin.py:190} INFO - [2024-10-01T20:08:47.501+0700] {dag.py:4180} INFO - Setting next_dagrun for dataset_s3_bucket_producer to None, run_after=None
[2024-10-01T20:08:47.517+0700] {logging_mixin.py:190} INFO - [2024-10-01T20:08:47.517+0700] {workday.py:41} WARNING - Could not import pandas. Holidays will not be considered.
[2024-10-01T20:08:47.532+0700] {processor.py:208} INFO - Processing /Users/prabowo.kadir/.pyenv/versions/3.8.18/lib/python3.8/site-packages/airflow/example_dags/example_dataset_alias.py took 0.536 seconds
[2024-10-01T20:11:45.004+0700] {processor.py:186} INFO - Started process (PID=52504) to work on /Users/prabowo.kadir/.pyenv/versions/3.8.18/lib/python3.8/site-packages/airflow/example_dags/example_dataset_alias.py
[2024-10-01T20:11:45.006+0700] {processor.py:914} INFO - Processing file /Users/prabowo.kadir/.pyenv/versions/3.8.18/lib/python3.8/site-packages/airflow/example_dags/example_dataset_alias.py for tasks to queue
[2024-10-01T20:11:45.006+0700] {logging_mixin.py:190} INFO - [2024-10-01T20:11:45.006+0700] {dagbag.py:588} INFO - Filling up the DagBag from /Users/prabowo.kadir/.pyenv/versions/3.8.18/lib/python3.8/site-packages/airflow/example_dags/example_dataset_alias.py
[2024-10-01T20:11:45.161+0700] {processor.py:925} INFO - DAG(s) 'dataset_s3_bucket_producer', 'dataset_alias_example_alias_producer', 'dataset_s3_bucket_consumer', 'dataset_alias_example_alias_consumer' retrieved from /Users/prabowo.kadir/.pyenv/versions/3.8.18/lib/python3.8/site-packages/airflow/example_dags/example_dataset_alias.py
[2024-10-01T20:11:45.175+0700] {logging_mixin.py:190} INFO - [2024-10-01T20:11:45.175+0700] {dag.py:3239} INFO - Sync 4 DAGs
[2024-10-01T20:11:45.184+0700] {logging_mixin.py:190} INFO - [2024-10-01T20:11:45.184+0700] {dag.py:4180} INFO - Setting next_dagrun for dataset_alias_example_alias_consumer to None, run_after=None
[2024-10-01T20:11:45.185+0700] {logging_mixin.py:190} INFO - [2024-10-01T20:11:45.185+0700] {dag.py:4180} INFO - Setting next_dagrun for dataset_alias_example_alias_producer to None, run_after=None
[2024-10-01T20:11:45.186+0700] {logging_mixin.py:190} INFO - [2024-10-01T20:11:45.186+0700] {dag.py:4180} INFO - Setting next_dagrun for dataset_s3_bucket_consumer to None, run_after=None
[2024-10-01T20:11:45.186+0700] {logging_mixin.py:190} INFO - [2024-10-01T20:11:45.186+0700] {dag.py:4180} INFO - Setting next_dagrun for dataset_s3_bucket_producer to None, run_after=None
[2024-10-01T20:11:45.206+0700] {processor.py:208} INFO - Processing /Users/prabowo.kadir/.pyenv/versions/3.8.18/lib/python3.8/site-packages/airflow/example_dags/example_dataset_alias.py took 0.205 seconds
