[2024-10-01T20:07:42.309+0700] {processor.py:186} INFO - Started process (PID=52162) to work on /Users/prabowo.kadir/.pyenv/versions/3.8.18/lib/python3.8/site-packages/airflow/example_dags/example_setup_teardown_taskflow.py
[2024-10-01T20:07:42.311+0700] {processor.py:914} INFO - Processing file /Users/prabowo.kadir/.pyenv/versions/3.8.18/lib/python3.8/site-packages/airflow/example_dags/example_setup_teardown_taskflow.py for tasks to queue
[2024-10-01T20:07:42.311+0700] {logging_mixin.py:190} INFO - [2024-10-01T20:07:42.311+0700] {dagbag.py:588} INFO - Filling up the DagBag from /Users/prabowo.kadir/.pyenv/versions/3.8.18/lib/python3.8/site-packages/airflow/example_dags/example_setup_teardown_taskflow.py
[2024-10-01T20:07:42.383+0700] {processor.py:925} INFO - DAG(s) 'example_setup_teardown_taskflow' retrieved from /Users/prabowo.kadir/.pyenv/versions/3.8.18/lib/python3.8/site-packages/airflow/example_dags/example_setup_teardown_taskflow.py
[2024-10-01T20:07:42.542+0700] {logging_mixin.py:190} INFO - [2024-10-01T20:07:42.542+0700] {override.py:1900} INFO - Created Permission View: can edit on DAG:example_setup_teardown_taskflow
[2024-10-01T20:07:42.558+0700] {logging_mixin.py:190} INFO - [2024-10-01T20:07:42.558+0700] {override.py:1900} INFO - Created Permission View: can delete on DAG:example_setup_teardown_taskflow
[2024-10-01T20:07:42.562+0700] {logging_mixin.py:190} INFO - [2024-10-01T20:07:42.562+0700] {override.py:1900} INFO - Created Permission View: can read on DAG:example_setup_teardown_taskflow
[2024-10-01T20:07:42.575+0700] {logging_mixin.py:190} INFO - [2024-10-01T20:07:42.574+0700] {override.py:1900} INFO - Created Permission View: menu access on DAG Run:example_setup_teardown_taskflow
[2024-10-01T20:07:42.581+0700] {logging_mixin.py:190} INFO - [2024-10-01T20:07:42.580+0700] {override.py:1900} INFO - Created Permission View: can create on DAG Run:example_setup_teardown_taskflow
[2024-10-01T20:07:42.593+0700] {logging_mixin.py:190} INFO - [2024-10-01T20:07:42.593+0700] {override.py:1900} INFO - Created Permission View: can delete on DAG Run:example_setup_teardown_taskflow
[2024-10-01T20:07:42.597+0700] {logging_mixin.py:190} INFO - [2024-10-01T20:07:42.597+0700] {override.py:1900} INFO - Created Permission View: can read on DAG Run:example_setup_teardown_taskflow
[2024-10-01T20:07:42.597+0700] {logging_mixin.py:190} INFO - [2024-10-01T20:07:42.597+0700] {dag.py:3239} INFO - Sync 1 DAGs
[2024-10-01T20:07:42.606+0700] {logging_mixin.py:190} INFO - [2024-10-01T20:07:42.606+0700] {dag.py:3262} INFO - Creating ORM DAG for example_setup_teardown_taskflow
[2024-10-01T20:07:42.606+0700] {logging_mixin.py:190} INFO - [2024-10-01T20:07:42.606+0700] {dag.py:4180} INFO - Setting next_dagrun for example_setup_teardown_taskflow to None, run_after=None
[2024-10-01T20:07:42.617+0700] {processor.py:208} INFO - Processing /Users/prabowo.kadir/.pyenv/versions/3.8.18/lib/python3.8/site-packages/airflow/example_dags/example_setup_teardown_taskflow.py took 0.310 seconds
[2024-10-01T20:10:29.261+0700] {processor.py:186} INFO - Started process (PID=52357) to work on /Users/prabowo.kadir/.pyenv/versions/3.8.18/lib/python3.8/site-packages/airflow/example_dags/example_setup_teardown_taskflow.py
[2024-10-01T20:10:29.262+0700] {processor.py:914} INFO - Processing file /Users/prabowo.kadir/.pyenv/versions/3.8.18/lib/python3.8/site-packages/airflow/example_dags/example_setup_teardown_taskflow.py for tasks to queue
[2024-10-01T20:10:29.262+0700] {logging_mixin.py:190} INFO - [2024-10-01T20:10:29.262+0700] {dagbag.py:588} INFO - Filling up the DagBag from /Users/prabowo.kadir/.pyenv/versions/3.8.18/lib/python3.8/site-packages/airflow/example_dags/example_setup_teardown_taskflow.py
[2024-10-01T20:10:29.325+0700] {processor.py:925} INFO - DAG(s) 'example_setup_teardown_taskflow' retrieved from /Users/prabowo.kadir/.pyenv/versions/3.8.18/lib/python3.8/site-packages/airflow/example_dags/example_setup_teardown_taskflow.py
[2024-10-01T20:10:29.382+0700] {logging_mixin.py:190} INFO - [2024-10-01T20:10:29.381+0700] {dag.py:3239} INFO - Sync 1 DAGs
[2024-10-01T20:10:29.387+0700] {logging_mixin.py:190} INFO - [2024-10-01T20:10:29.387+0700] {dag.py:4180} INFO - Setting next_dagrun for example_setup_teardown_taskflow to None, run_after=None
[2024-10-01T20:10:29.420+0700] {processor.py:208} INFO - Processing /Users/prabowo.kadir/.pyenv/versions/3.8.18/lib/python3.8/site-packages/airflow/example_dags/example_setup_teardown_taskflow.py took 0.162 seconds
[2024-10-01T20:12:56.561+0700] {processor.py:186} INFO - Started process (PID=52604) to work on /Users/prabowo.kadir/.pyenv/versions/3.8.18/lib/python3.8/site-packages/airflow/example_dags/example_setup_teardown_taskflow.py
[2024-10-01T20:12:56.561+0700] {processor.py:914} INFO - Processing file /Users/prabowo.kadir/.pyenv/versions/3.8.18/lib/python3.8/site-packages/airflow/example_dags/example_setup_teardown_taskflow.py for tasks to queue
[2024-10-01T20:12:56.562+0700] {logging_mixin.py:190} INFO - [2024-10-01T20:12:56.562+0700] {dagbag.py:588} INFO - Filling up the DagBag from /Users/prabowo.kadir/.pyenv/versions/3.8.18/lib/python3.8/site-packages/airflow/example_dags/example_setup_teardown_taskflow.py
[2024-10-01T20:12:56.613+0700] {processor.py:925} INFO - DAG(s) 'example_setup_teardown_taskflow' retrieved from /Users/prabowo.kadir/.pyenv/versions/3.8.18/lib/python3.8/site-packages/airflow/example_dags/example_setup_teardown_taskflow.py
[2024-10-01T20:12:56.660+0700] {logging_mixin.py:190} INFO - [2024-10-01T20:12:56.660+0700] {dag.py:3239} INFO - Sync 1 DAGs
[2024-10-01T20:12:56.664+0700] {logging_mixin.py:190} INFO - [2024-10-01T20:12:56.664+0700] {dag.py:4180} INFO - Setting next_dagrun for example_setup_teardown_taskflow to None, run_after=None
[2024-10-01T20:12:56.675+0700] {processor.py:208} INFO - Processing /Users/prabowo.kadir/.pyenv/versions/3.8.18/lib/python3.8/site-packages/airflow/example_dags/example_setup_teardown_taskflow.py took 0.117 seconds
