[2024-10-01T20:07:49.219+0700] {processor.py:186} INFO - Started process (PID=52170) to work on /Users/prabowo.kadir/.pyenv/versions/3.8.18/lib/python3.8/site-packages/airflow/example_dags/example_sensors.py
[2024-10-01T20:07:49.220+0700] {processor.py:914} INFO - Processing file /Users/prabowo.kadir/.pyenv/versions/3.8.18/lib/python3.8/site-packages/airflow/example_dags/example_sensors.py for tasks to queue
[2024-10-01T20:07:49.221+0700] {logging_mixin.py:190} INFO - [2024-10-01T20:07:49.221+0700] {dagbag.py:588} INFO - Filling up the DagBag from /Users/prabowo.kadir/.pyenv/versions/3.8.18/lib/python3.8/site-packages/airflow/example_dags/example_sensors.py
[2024-10-01T20:07:49.237+0700] {processor.py:925} INFO - DAG(s) 'example_sensors' retrieved from /Users/prabowo.kadir/.pyenv/versions/3.8.18/lib/python3.8/site-packages/airflow/example_dags/example_sensors.py
[2024-10-01T20:07:49.313+0700] {logging_mixin.py:190} INFO - [2024-10-01T20:07:49.313+0700] {workday.py:41} WARNING - Could not import pandas. Holidays will not be considered.
[2024-10-01T20:07:49.423+0700] {logging_mixin.py:190} INFO - [2024-10-01T20:07:49.423+0700] {override.py:1900} INFO - Created Permission View: can delete on DAG:example_sensors
[2024-10-01T20:07:49.437+0700] {logging_mixin.py:190} INFO - [2024-10-01T20:07:49.436+0700] {override.py:1900} INFO - Created Permission View: can read on DAG:example_sensors
[2024-10-01T20:07:49.449+0700] {logging_mixin.py:190} INFO - [2024-10-01T20:07:49.449+0700] {override.py:1900} INFO - Created Permission View: can edit on DAG:example_sensors
[2024-10-01T20:07:49.464+0700] {logging_mixin.py:190} INFO - [2024-10-01T20:07:49.464+0700] {override.py:1900} INFO - Created Permission View: can create on DAG Run:example_sensors
[2024-10-01T20:07:49.472+0700] {logging_mixin.py:190} INFO - [2024-10-01T20:07:49.472+0700] {override.py:1900} INFO - Created Permission View: can delete on DAG Run:example_sensors
[2024-10-01T20:07:49.476+0700] {logging_mixin.py:190} INFO - [2024-10-01T20:07:49.476+0700] {override.py:1900} INFO - Created Permission View: can read on DAG Run:example_sensors
[2024-10-01T20:07:49.480+0700] {logging_mixin.py:190} INFO - [2024-10-01T20:07:49.480+0700] {override.py:1900} INFO - Created Permission View: menu access on DAG Run:example_sensors
[2024-10-01T20:07:49.480+0700] {logging_mixin.py:190} INFO - [2024-10-01T20:07:49.480+0700] {dag.py:3239} INFO - Sync 1 DAGs
[2024-10-01T20:07:49.490+0700] {logging_mixin.py:190} INFO - [2024-10-01T20:07:49.490+0700] {dag.py:3262} INFO - Creating ORM DAG for example_sensors
[2024-10-01T20:07:49.490+0700] {logging_mixin.py:190} INFO - [2024-10-01T20:07:49.490+0700] {dag.py:4180} INFO - Setting next_dagrun for example_sensors to None, run_after=None
[2024-10-01T20:07:49.503+0700] {processor.py:208} INFO - Processing /Users/prabowo.kadir/.pyenv/versions/3.8.18/lib/python3.8/site-packages/airflow/example_dags/example_sensors.py took 0.287 seconds
[2024-10-01T20:10:35.006+0700] {processor.py:186} INFO - Started process (PID=52362) to work on /Users/prabowo.kadir/.pyenv/versions/3.8.18/lib/python3.8/site-packages/airflow/example_dags/example_sensors.py
[2024-10-01T20:10:35.008+0700] {processor.py:914} INFO - Processing file /Users/prabowo.kadir/.pyenv/versions/3.8.18/lib/python3.8/site-packages/airflow/example_dags/example_sensors.py for tasks to queue
[2024-10-01T20:10:35.008+0700] {logging_mixin.py:190} INFO - [2024-10-01T20:10:35.008+0700] {dagbag.py:588} INFO - Filling up the DagBag from /Users/prabowo.kadir/.pyenv/versions/3.8.18/lib/python3.8/site-packages/airflow/example_dags/example_sensors.py
[2024-10-01T20:10:35.023+0700] {processor.py:925} INFO - DAG(s) 'example_sensors' retrieved from /Users/prabowo.kadir/.pyenv/versions/3.8.18/lib/python3.8/site-packages/airflow/example_dags/example_sensors.py
[2024-10-01T20:10:35.106+0700] {logging_mixin.py:190} INFO - [2024-10-01T20:10:35.106+0700] {workday.py:41} WARNING - Could not import pandas. Holidays will not be considered.
[2024-10-01T20:10:35.130+0700] {logging_mixin.py:190} INFO - [2024-10-01T20:10:35.130+0700] {dag.py:3239} INFO - Sync 1 DAGs
[2024-10-01T20:10:35.135+0700] {logging_mixin.py:190} INFO - [2024-10-01T20:10:35.135+0700] {dag.py:4180} INFO - Setting next_dagrun for example_sensors to None, run_after=None
[2024-10-01T20:10:35.145+0700] {processor.py:208} INFO - Processing /Users/prabowo.kadir/.pyenv/versions/3.8.18/lib/python3.8/site-packages/airflow/example_dags/example_sensors.py took 0.141 seconds
[2024-10-01T20:13:01.981+0700] {processor.py:186} INFO - Started process (PID=52609) to work on /Users/prabowo.kadir/.pyenv/versions/3.8.18/lib/python3.8/site-packages/airflow/example_dags/example_sensors.py
[2024-10-01T20:13:01.982+0700] {processor.py:914} INFO - Processing file /Users/prabowo.kadir/.pyenv/versions/3.8.18/lib/python3.8/site-packages/airflow/example_dags/example_sensors.py for tasks to queue
[2024-10-01T20:13:01.983+0700] {logging_mixin.py:190} INFO - [2024-10-01T20:13:01.983+0700] {dagbag.py:588} INFO - Filling up the DagBag from /Users/prabowo.kadir/.pyenv/versions/3.8.18/lib/python3.8/site-packages/airflow/example_dags/example_sensors.py
[2024-10-01T20:13:01.996+0700] {processor.py:925} INFO - DAG(s) 'example_sensors' retrieved from /Users/prabowo.kadir/.pyenv/versions/3.8.18/lib/python3.8/site-packages/airflow/example_dags/example_sensors.py
[2024-10-01T20:13:02.063+0700] {logging_mixin.py:190} INFO - [2024-10-01T20:13:02.063+0700] {workday.py:41} WARNING - Could not import pandas. Holidays will not be considered.
[2024-10-01T20:13:02.082+0700] {logging_mixin.py:190} INFO - [2024-10-01T20:13:02.082+0700] {dag.py:3239} INFO - Sync 1 DAGs
[2024-10-01T20:13:02.086+0700] {logging_mixin.py:190} INFO - [2024-10-01T20:13:02.086+0700] {dag.py:4180} INFO - Setting next_dagrun for example_sensors to None, run_after=None
[2024-10-01T20:13:02.094+0700] {processor.py:208} INFO - Processing /Users/prabowo.kadir/.pyenv/versions/3.8.18/lib/python3.8/site-packages/airflow/example_dags/example_sensors.py took 0.116 seconds
