[2024-10-01T20:08:32.632+0700] {processor.py:186} INFO - Started process (PID=52213) to work on /Users/prabowo.kadir/.pyenv/versions/3.8.18/lib/python3.8/site-packages/airflow/example_dags/example_dynamic_task_mapping_with_no_taskflow_operators.py
[2024-10-01T20:08:32.633+0700] {processor.py:914} INFO - Processing file /Users/prabowo.kadir/.pyenv/versions/3.8.18/lib/python3.8/site-packages/airflow/example_dags/example_dynamic_task_mapping_with_no_taskflow_operators.py for tasks to queue
[2024-10-01T20:08:32.634+0700] {logging_mixin.py:190} INFO - [2024-10-01T20:08:32.634+0700] {dagbag.py:588} INFO - Filling up the DagBag from /Users/prabowo.kadir/.pyenv/versions/3.8.18/lib/python3.8/site-packages/airflow/example_dags/example_dynamic_task_mapping_with_no_taskflow_operators.py
[2024-10-01T20:08:32.640+0700] {processor.py:925} INFO - DAG(s) 'example_dynamic_task_mapping_with_no_taskflow_operators' retrieved from /Users/prabowo.kadir/.pyenv/versions/3.8.18/lib/python3.8/site-packages/airflow/example_dags/example_dynamic_task_mapping_with_no_taskflow_operators.py
[2024-10-01T20:08:32.804+0700] {logging_mixin.py:190} INFO - [2024-10-01T20:08:32.803+0700] {override.py:1900} INFO - Created Permission View: can delete on DAG:example_dynamic_task_mapping_with_no_taskflow_operators
[2024-10-01T20:08:32.812+0700] {logging_mixin.py:190} INFO - [2024-10-01T20:08:32.811+0700] {override.py:1900} INFO - Created Permission View: can read on DAG:example_dynamic_task_mapping_with_no_taskflow_operators
[2024-10-01T20:08:32.823+0700] {logging_mixin.py:190} INFO - [2024-10-01T20:08:32.822+0700] {override.py:1900} INFO - Created Permission View: can edit on DAG:example_dynamic_task_mapping_with_no_taskflow_operators
[2024-10-01T20:08:32.830+0700] {logging_mixin.py:190} INFO - [2024-10-01T20:08:32.830+0700] {override.py:1900} INFO - Created Permission View: can delete on DAG Run:example_dynamic_task_mapping_with_no_taskflow_operators
[2024-10-01T20:08:32.845+0700] {logging_mixin.py:190} INFO - [2024-10-01T20:08:32.845+0700] {override.py:1900} INFO - Created Permission View: menu access on DAG Run:example_dynamic_task_mapping_with_no_taskflow_operators
[2024-10-01T20:08:32.849+0700] {logging_mixin.py:190} INFO - [2024-10-01T20:08:32.849+0700] {override.py:1900} INFO - Created Permission View: can read on DAG Run:example_dynamic_task_mapping_with_no_taskflow_operators
[2024-10-01T20:08:32.861+0700] {logging_mixin.py:190} INFO - [2024-10-01T20:08:32.861+0700] {override.py:1900} INFO - Created Permission View: can create on DAG Run:example_dynamic_task_mapping_with_no_taskflow_operators
[2024-10-01T20:08:32.861+0700] {logging_mixin.py:190} INFO - [2024-10-01T20:08:32.861+0700] {dag.py:3239} INFO - Sync 1 DAGs
[2024-10-01T20:08:32.866+0700] {logging_mixin.py:190} INFO - [2024-10-01T20:08:32.866+0700] {dag.py:3262} INFO - Creating ORM DAG for example_dynamic_task_mapping_with_no_taskflow_operators
[2024-10-01T20:08:32.867+0700] {logging_mixin.py:190} INFO - [2024-10-01T20:08:32.867+0700] {dag.py:4180} INFO - Setting next_dagrun for example_dynamic_task_mapping_with_no_taskflow_operators to None, run_after=None
[2024-10-01T20:08:32.883+0700] {processor.py:208} INFO - Processing /Users/prabowo.kadir/.pyenv/versions/3.8.18/lib/python3.8/site-packages/airflow/example_dags/example_dynamic_task_mapping_with_no_taskflow_operators.py took 0.253 seconds
[2024-10-01T20:11:19.653+0700] {processor.py:186} INFO - Started process (PID=52442) to work on /Users/prabowo.kadir/.pyenv/versions/3.8.18/lib/python3.8/site-packages/airflow/example_dags/example_dynamic_task_mapping_with_no_taskflow_operators.py
[2024-10-01T20:11:19.654+0700] {processor.py:914} INFO - Processing file /Users/prabowo.kadir/.pyenv/versions/3.8.18/lib/python3.8/site-packages/airflow/example_dags/example_dynamic_task_mapping_with_no_taskflow_operators.py for tasks to queue
[2024-10-01T20:11:19.654+0700] {logging_mixin.py:190} INFO - [2024-10-01T20:11:19.654+0700] {dagbag.py:588} INFO - Filling up the DagBag from /Users/prabowo.kadir/.pyenv/versions/3.8.18/lib/python3.8/site-packages/airflow/example_dags/example_dynamic_task_mapping_with_no_taskflow_operators.py
[2024-10-01T20:11:19.663+0700] {processor.py:925} INFO - DAG(s) 'example_dynamic_task_mapping_with_no_taskflow_operators' retrieved from /Users/prabowo.kadir/.pyenv/versions/3.8.18/lib/python3.8/site-packages/airflow/example_dags/example_dynamic_task_mapping_with_no_taskflow_operators.py
[2024-10-01T20:11:19.752+0700] {logging_mixin.py:190} INFO - [2024-10-01T20:11:19.752+0700] {dag.py:3239} INFO - Sync 1 DAGs
[2024-10-01T20:11:19.757+0700] {logging_mixin.py:190} INFO - [2024-10-01T20:11:19.757+0700] {dag.py:4180} INFO - Setting next_dagrun for example_dynamic_task_mapping_with_no_taskflow_operators to None, run_after=None
[2024-10-01T20:11:19.766+0700] {processor.py:208} INFO - Processing /Users/prabowo.kadir/.pyenv/versions/3.8.18/lib/python3.8/site-packages/airflow/example_dags/example_dynamic_task_mapping_with_no_taskflow_operators.py took 0.117 seconds
