[2024-10-01T20:07:36.779+0700] {processor.py:186} INFO - Started process (PID=52157) to work on /Users/prabowo.kadir/.pyenv/versions/3.8.18/lib/python3.8/site-packages/airflow/example_dags/example_short_circuit_operator.py
[2024-10-01T20:07:36.780+0700] {processor.py:914} INFO - Processing file /Users/prabowo.kadir/.pyenv/versions/3.8.18/lib/python3.8/site-packages/airflow/example_dags/example_short_circuit_operator.py for tasks to queue
[2024-10-01T20:07:36.781+0700] {logging_mixin.py:190} INFO - [2024-10-01T20:07:36.780+0700] {dagbag.py:588} INFO - Filling up the DagBag from /Users/prabowo.kadir/.pyenv/versions/3.8.18/lib/python3.8/site-packages/airflow/example_dags/example_short_circuit_operator.py
[2024-10-01T20:07:36.830+0700] {processor.py:925} INFO - DAG(s) 'example_short_circuit_operator' retrieved from /Users/prabowo.kadir/.pyenv/versions/3.8.18/lib/python3.8/site-packages/airflow/example_dags/example_short_circuit_operator.py
[2024-10-01T20:07:36.966+0700] {logging_mixin.py:190} INFO - [2024-10-01T20:07:36.966+0700] {override.py:1900} INFO - Created Permission View: can delete on DAG:example_short_circuit_operator
[2024-10-01T20:07:36.982+0700] {logging_mixin.py:190} INFO - [2024-10-01T20:07:36.981+0700] {override.py:1900} INFO - Created Permission View: can read on DAG:example_short_circuit_operator
[2024-10-01T20:07:36.988+0700] {logging_mixin.py:190} INFO - [2024-10-01T20:07:36.988+0700] {override.py:1900} INFO - Created Permission View: can edit on DAG:example_short_circuit_operator
[2024-10-01T20:07:37.006+0700] {logging_mixin.py:190} INFO - [2024-10-01T20:07:37.006+0700] {override.py:1900} INFO - Created Permission View: can delete on DAG Run:example_short_circuit_operator
[2024-10-01T20:07:37.017+0700] {logging_mixin.py:190} INFO - [2024-10-01T20:07:37.017+0700] {override.py:1900} INFO - Created Permission View: can read on DAG Run:example_short_circuit_operator
[2024-10-01T20:07:37.022+0700] {logging_mixin.py:190} INFO - [2024-10-01T20:07:37.022+0700] {override.py:1900} INFO - Created Permission View: can create on DAG Run:example_short_circuit_operator
[2024-10-01T20:07:37.027+0700] {logging_mixin.py:190} INFO - [2024-10-01T20:07:37.027+0700] {override.py:1900} INFO - Created Permission View: menu access on DAG Run:example_short_circuit_operator
[2024-10-01T20:07:37.027+0700] {logging_mixin.py:190} INFO - [2024-10-01T20:07:37.027+0700] {dag.py:3239} INFO - Sync 1 DAGs
[2024-10-01T20:07:37.034+0700] {logging_mixin.py:190} INFO - [2024-10-01T20:07:37.034+0700] {dag.py:3262} INFO - Creating ORM DAG for example_short_circuit_operator
[2024-10-01T20:07:37.035+0700] {logging_mixin.py:190} INFO - [2024-10-01T20:07:37.035+0700] {dag.py:4180} INFO - Setting next_dagrun for example_short_circuit_operator to None, run_after=None
[2024-10-01T20:07:37.046+0700] {processor.py:208} INFO - Processing /Users/prabowo.kadir/.pyenv/versions/3.8.18/lib/python3.8/site-packages/airflow/example_dags/example_short_circuit_operator.py took 0.270 seconds
[2024-10-01T20:10:22.914+0700] {processor.py:186} INFO - Started process (PID=52348) to work on /Users/prabowo.kadir/.pyenv/versions/3.8.18/lib/python3.8/site-packages/airflow/example_dags/example_short_circuit_operator.py
[2024-10-01T20:10:22.916+0700] {processor.py:914} INFO - Processing file /Users/prabowo.kadir/.pyenv/versions/3.8.18/lib/python3.8/site-packages/airflow/example_dags/example_short_circuit_operator.py for tasks to queue
[2024-10-01T20:10:22.916+0700] {logging_mixin.py:190} INFO - [2024-10-01T20:10:22.916+0700] {dagbag.py:588} INFO - Filling up the DagBag from /Users/prabowo.kadir/.pyenv/versions/3.8.18/lib/python3.8/site-packages/airflow/example_dags/example_short_circuit_operator.py
[2024-10-01T20:10:22.970+0700] {processor.py:925} INFO - DAG(s) 'example_short_circuit_operator' retrieved from /Users/prabowo.kadir/.pyenv/versions/3.8.18/lib/python3.8/site-packages/airflow/example_dags/example_short_circuit_operator.py
[2024-10-01T20:10:23.021+0700] {logging_mixin.py:190} INFO - [2024-10-01T20:10:23.021+0700] {dag.py:3239} INFO - Sync 1 DAGs
[2024-10-01T20:10:23.026+0700] {logging_mixin.py:190} INFO - [2024-10-01T20:10:23.026+0700] {dag.py:4180} INFO - Setting next_dagrun for example_short_circuit_operator to None, run_after=None
[2024-10-01T20:10:23.037+0700] {processor.py:208} INFO - Processing /Users/prabowo.kadir/.pyenv/versions/3.8.18/lib/python3.8/site-packages/airflow/example_dags/example_short_circuit_operator.py took 0.125 seconds
[2024-10-01T20:12:52.118+0700] {processor.py:186} INFO - Started process (PID=52599) to work on /Users/prabowo.kadir/.pyenv/versions/3.8.18/lib/python3.8/site-packages/airflow/example_dags/example_short_circuit_operator.py
[2024-10-01T20:12:52.121+0700] {processor.py:914} INFO - Processing file /Users/prabowo.kadir/.pyenv/versions/3.8.18/lib/python3.8/site-packages/airflow/example_dags/example_short_circuit_operator.py for tasks to queue
[2024-10-01T20:12:52.121+0700] {logging_mixin.py:190} INFO - [2024-10-01T20:12:52.121+0700] {dagbag.py:588} INFO - Filling up the DagBag from /Users/prabowo.kadir/.pyenv/versions/3.8.18/lib/python3.8/site-packages/airflow/example_dags/example_short_circuit_operator.py
[2024-10-01T20:12:52.170+0700] {processor.py:925} INFO - DAG(s) 'example_short_circuit_operator' retrieved from /Users/prabowo.kadir/.pyenv/versions/3.8.18/lib/python3.8/site-packages/airflow/example_dags/example_short_circuit_operator.py
[2024-10-01T20:12:52.215+0700] {logging_mixin.py:190} INFO - [2024-10-01T20:12:52.215+0700] {dag.py:3239} INFO - Sync 1 DAGs
[2024-10-01T20:12:52.219+0700] {logging_mixin.py:190} INFO - [2024-10-01T20:12:52.219+0700] {dag.py:4180} INFO - Setting next_dagrun for example_short_circuit_operator to None, run_after=None
[2024-10-01T20:12:52.240+0700] {processor.py:208} INFO - Processing /Users/prabowo.kadir/.pyenv/versions/3.8.18/lib/python3.8/site-packages/airflow/example_dags/example_short_circuit_operator.py took 0.124 seconds
