[2024-10-01T20:07:26.953+0700] {processor.py:186} INFO - Started process (PID=52148) to work on /Users/prabowo.kadir/.pyenv/versions/3.8.18/lib/python3.8/site-packages/airflow/example_dags/example_subdag_operator.py
[2024-10-01T20:07:26.955+0700] {processor.py:914} INFO - Processing file /Users/prabowo.kadir/.pyenv/versions/3.8.18/lib/python3.8/site-packages/airflow/example_dags/example_subdag_operator.py for tasks to queue
[2024-10-01T20:07:26.955+0700] {logging_mixin.py:190} INFO - [2024-10-01T20:07:26.955+0700] {dagbag.py:588} INFO - Filling up the DagBag from /Users/prabowo.kadir/.pyenv/versions/3.8.18/lib/python3.8/site-packages/airflow/example_dags/example_subdag_operator.py
[2024-10-01T20:07:27.045+0700] {processor.py:925} INFO - DAG(s) 'example_subdag_operator.section-1', 'example_subdag_operator.section-2', 'example_subdag_operator' retrieved from /Users/prabowo.kadir/.pyenv/versions/3.8.18/lib/python3.8/site-packages/airflow/example_dags/example_subdag_operator.py
[2024-10-01T20:07:27.057+0700] {logging_mixin.py:190} INFO - [2024-10-01T20:07:27.057+0700] {workday.py:41} WARNING - Could not import pandas. Holidays will not be considered.
[2024-10-01T20:07:27.159+0700] {logging_mixin.py:190} INFO - [2024-10-01T20:07:27.159+0700] {override.py:1900} INFO - Created Permission View: can edit on DAG:example_subdag_operator
[2024-10-01T20:07:27.165+0700] {logging_mixin.py:190} INFO - [2024-10-01T20:07:27.165+0700] {override.py:1900} INFO - Created Permission View: can read on DAG:example_subdag_operator
[2024-10-01T20:07:27.172+0700] {logging_mixin.py:190} INFO - [2024-10-01T20:07:27.172+0700] {override.py:1900} INFO - Created Permission View: can delete on DAG:example_subdag_operator
[2024-10-01T20:07:27.184+0700] {logging_mixin.py:190} INFO - [2024-10-01T20:07:27.184+0700] {override.py:1900} INFO - Created Permission View: can read on DAG Run:example_subdag_operator
[2024-10-01T20:07:27.192+0700] {logging_mixin.py:190} INFO - [2024-10-01T20:07:27.192+0700] {override.py:1900} INFO - Created Permission View: can delete on DAG Run:example_subdag_operator
[2024-10-01T20:07:27.198+0700] {logging_mixin.py:190} INFO - [2024-10-01T20:07:27.197+0700] {override.py:1900} INFO - Created Permission View: can create on DAG Run:example_subdag_operator
[2024-10-01T20:07:27.210+0700] {logging_mixin.py:190} INFO - [2024-10-01T20:07:27.209+0700] {override.py:1900} INFO - Created Permission View: menu access on DAG Run:example_subdag_operator
[2024-10-01T20:07:27.210+0700] {logging_mixin.py:190} INFO - [2024-10-01T20:07:27.210+0700] {dag.py:3239} INFO - Sync 3 DAGs
[2024-10-01T20:07:27.215+0700] {logging_mixin.py:190} INFO - [2024-10-01T20:07:27.215+0700] {dag.py:3262} INFO - Creating ORM DAG for example_subdag_operator.section-1
[2024-10-01T20:07:27.216+0700] {logging_mixin.py:190} INFO - [2024-10-01T20:07:27.216+0700] {dag.py:3262} INFO - Creating ORM DAG for example_subdag_operator
[2024-10-01T20:07:27.216+0700] {logging_mixin.py:190} INFO - [2024-10-01T20:07:27.216+0700] {dag.py:3262} INFO - Creating ORM DAG for example_subdag_operator.section-2
[2024-10-01T20:07:27.220+0700] {logging_mixin.py:190} INFO - [2024-10-01T20:07:27.219+0700] {dag.py:4180} INFO - Setting next_dagrun for example_subdag_operator to 2022-01-01 00:00:00+00:00, run_after=2022-01-01 00:00:00+00:00
[2024-10-01T20:07:27.220+0700] {logging_mixin.py:190} INFO - [2024-10-01T20:07:27.220+0700] {dag.py:4180} INFO - Setting next_dagrun for example_subdag_operator.section-1 to None, run_after=None
[2024-10-01T20:07:27.220+0700] {logging_mixin.py:190} INFO - [2024-10-01T20:07:27.220+0700] {dag.py:4180} INFO - Setting next_dagrun for example_subdag_operator.section-2 to None, run_after=None
[2024-10-01T20:07:27.225+0700] {logging_mixin.py:190} INFO - [2024-10-01T20:07:27.224+0700] {dag.py:3239} INFO - Sync 2 DAGs
[2024-10-01T20:07:27.227+0700] {logging_mixin.py:190} INFO - [2024-10-01T20:07:27.227+0700] {dag.py:4180} INFO - Setting next_dagrun for example_subdag_operator.section-1 to None, run_after=None
[2024-10-01T20:07:27.228+0700] {logging_mixin.py:190} INFO - [2024-10-01T20:07:27.228+0700] {dag.py:4180} INFO - Setting next_dagrun for example_subdag_operator.section-2 to None, run_after=None
[2024-10-01T20:07:27.244+0700] {processor.py:208} INFO - Processing /Users/prabowo.kadir/.pyenv/versions/3.8.18/lib/python3.8/site-packages/airflow/example_dags/example_subdag_operator.py took 0.295 seconds
[2024-10-01T20:10:14.426+0700] {processor.py:186} INFO - Started process (PID=52339) to work on /Users/prabowo.kadir/.pyenv/versions/3.8.18/lib/python3.8/site-packages/airflow/example_dags/example_subdag_operator.py
[2024-10-01T20:10:14.427+0700] {processor.py:914} INFO - Processing file /Users/prabowo.kadir/.pyenv/versions/3.8.18/lib/python3.8/site-packages/airflow/example_dags/example_subdag_operator.py for tasks to queue
[2024-10-01T20:10:14.427+0700] {logging_mixin.py:190} INFO - [2024-10-01T20:10:14.427+0700] {dagbag.py:588} INFO - Filling up the DagBag from /Users/prabowo.kadir/.pyenv/versions/3.8.18/lib/python3.8/site-packages/airflow/example_dags/example_subdag_operator.py
[2024-10-01T20:10:14.511+0700] {processor.py:925} INFO - DAG(s) 'example_subdag_operator.section-1', 'example_subdag_operator.section-2', 'example_subdag_operator' retrieved from /Users/prabowo.kadir/.pyenv/versions/3.8.18/lib/python3.8/site-packages/airflow/example_dags/example_subdag_operator.py
[2024-10-01T20:10:14.523+0700] {logging_mixin.py:190} INFO - [2024-10-01T20:10:14.523+0700] {workday.py:41} WARNING - Could not import pandas. Holidays will not be considered.
[2024-10-01T20:10:14.540+0700] {logging_mixin.py:190} INFO - [2024-10-01T20:10:14.540+0700] {dag.py:3239} INFO - Sync 3 DAGs
[2024-10-01T20:10:14.548+0700] {logging_mixin.py:190} INFO - [2024-10-01T20:10:14.548+0700] {dag.py:4180} INFO - Setting next_dagrun for example_subdag_operator to 2022-01-01 00:00:00+00:00, run_after=2022-01-01 00:00:00+00:00
[2024-10-01T20:10:14.550+0700] {logging_mixin.py:190} INFO - [2024-10-01T20:10:14.550+0700] {dag.py:4180} INFO - Setting next_dagrun for example_subdag_operator.section-1 to None, run_after=None
[2024-10-01T20:10:14.550+0700] {logging_mixin.py:190} INFO - [2024-10-01T20:10:14.550+0700] {dag.py:4180} INFO - Setting next_dagrun for example_subdag_operator.section-2 to None, run_after=None
[2024-10-01T20:10:14.557+0700] {logging_mixin.py:190} INFO - [2024-10-01T20:10:14.557+0700] {dag.py:3239} INFO - Sync 2 DAGs
[2024-10-01T20:10:14.559+0700] {logging_mixin.py:190} INFO - [2024-10-01T20:10:14.559+0700] {dag.py:4180} INFO - Setting next_dagrun for example_subdag_operator.section-1 to None, run_after=None
[2024-10-01T20:10:14.559+0700] {logging_mixin.py:190} INFO - [2024-10-01T20:10:14.559+0700] {dag.py:4180} INFO - Setting next_dagrun for example_subdag_operator.section-2 to None, run_after=None
[2024-10-01T20:10:14.568+0700] {processor.py:208} INFO - Processing /Users/prabowo.kadir/.pyenv/versions/3.8.18/lib/python3.8/site-packages/airflow/example_dags/example_subdag_operator.py took 0.145 seconds
[2024-10-01T20:12:44.071+0700] {processor.py:186} INFO - Started process (PID=52591) to work on /Users/prabowo.kadir/.pyenv/versions/3.8.18/lib/python3.8/site-packages/airflow/example_dags/example_subdag_operator.py
[2024-10-01T20:12:44.073+0700] {processor.py:914} INFO - Processing file /Users/prabowo.kadir/.pyenv/versions/3.8.18/lib/python3.8/site-packages/airflow/example_dags/example_subdag_operator.py for tasks to queue
[2024-10-01T20:12:44.073+0700] {logging_mixin.py:190} INFO - [2024-10-01T20:12:44.073+0700] {dagbag.py:588} INFO - Filling up the DagBag from /Users/prabowo.kadir/.pyenv/versions/3.8.18/lib/python3.8/site-packages/airflow/example_dags/example_subdag_operator.py
[2024-10-01T20:12:44.158+0700] {processor.py:925} INFO - DAG(s) 'example_subdag_operator.section-1', 'example_subdag_operator.section-2', 'example_subdag_operator' retrieved from /Users/prabowo.kadir/.pyenv/versions/3.8.18/lib/python3.8/site-packages/airflow/example_dags/example_subdag_operator.py
[2024-10-01T20:12:44.171+0700] {logging_mixin.py:190} INFO - [2024-10-01T20:12:44.171+0700] {workday.py:41} WARNING - Could not import pandas. Holidays will not be considered.
[2024-10-01T20:12:44.188+0700] {logging_mixin.py:190} INFO - [2024-10-01T20:12:44.187+0700] {dag.py:3239} INFO - Sync 3 DAGs
[2024-10-01T20:12:44.195+0700] {logging_mixin.py:190} INFO - [2024-10-01T20:12:44.195+0700] {dag.py:4180} INFO - Setting next_dagrun for example_subdag_operator to 2022-01-01 00:00:00+00:00, run_after=2022-01-01 00:00:00+00:00
[2024-10-01T20:12:44.197+0700] {logging_mixin.py:190} INFO - [2024-10-01T20:12:44.197+0700] {dag.py:4180} INFO - Setting next_dagrun for example_subdag_operator.section-1 to None, run_after=None
[2024-10-01T20:12:44.197+0700] {logging_mixin.py:190} INFO - [2024-10-01T20:12:44.197+0700] {dag.py:4180} INFO - Setting next_dagrun for example_subdag_operator.section-2 to None, run_after=None
[2024-10-01T20:12:44.200+0700] {logging_mixin.py:190} INFO - [2024-10-01T20:12:44.200+0700] {dag.py:3239} INFO - Sync 2 DAGs
[2024-10-01T20:12:44.202+0700] {logging_mixin.py:190} INFO - [2024-10-01T20:12:44.202+0700] {dag.py:4180} INFO - Setting next_dagrun for example_subdag_operator.section-1 to None, run_after=None
[2024-10-01T20:12:44.202+0700] {logging_mixin.py:190} INFO - [2024-10-01T20:12:44.202+0700] {dag.py:4180} INFO - Setting next_dagrun for example_subdag_operator.section-2 to None, run_after=None
[2024-10-01T20:12:44.212+0700] {processor.py:208} INFO - Processing /Users/prabowo.kadir/.pyenv/versions/3.8.18/lib/python3.8/site-packages/airflow/example_dags/example_subdag_operator.py took 0.143 seconds
