[2024-10-01T20:07:45.473+0700] {processor.py:186} INFO - Started process (PID=52166) to work on /Users/prabowo.kadir/.pyenv/versions/3.8.18/lib/python3.8/site-packages/airflow/example_dags/example_setup_teardown.py
[2024-10-01T20:07:45.475+0700] {processor.py:914} INFO - Processing file /Users/prabowo.kadir/.pyenv/versions/3.8.18/lib/python3.8/site-packages/airflow/example_dags/example_setup_teardown.py for tasks to queue
[2024-10-01T20:07:45.476+0700] {logging_mixin.py:190} INFO - [2024-10-01T20:07:45.475+0700] {dagbag.py:588} INFO - Filling up the DagBag from /Users/prabowo.kadir/.pyenv/versions/3.8.18/lib/python3.8/site-packages/airflow/example_dags/example_setup_teardown.py
[2024-10-01T20:07:45.487+0700] {processor.py:925} INFO - DAG(s) 'example_setup_teardown' retrieved from /Users/prabowo.kadir/.pyenv/versions/3.8.18/lib/python3.8/site-packages/airflow/example_dags/example_setup_teardown.py
[2024-10-01T20:07:45.654+0700] {logging_mixin.py:190} INFO - [2024-10-01T20:07:45.654+0700] {override.py:1900} INFO - Created Permission View: can edit on DAG:example_setup_teardown
[2024-10-01T20:07:45.665+0700] {logging_mixin.py:190} INFO - [2024-10-01T20:07:45.665+0700] {override.py:1900} INFO - Created Permission View: can read on DAG:example_setup_teardown
[2024-10-01T20:07:45.670+0700] {logging_mixin.py:190} INFO - [2024-10-01T20:07:45.669+0700] {override.py:1900} INFO - Created Permission View: can delete on DAG:example_setup_teardown
[2024-10-01T20:07:45.690+0700] {logging_mixin.py:190} INFO - [2024-10-01T20:07:45.690+0700] {override.py:1900} INFO - Created Permission View: can create on DAG Run:example_setup_teardown
[2024-10-01T20:07:45.695+0700] {logging_mixin.py:190} INFO - [2024-10-01T20:07:45.694+0700] {override.py:1900} INFO - Created Permission View: menu access on DAG Run:example_setup_teardown
[2024-10-01T20:07:45.710+0700] {logging_mixin.py:190} INFO - [2024-10-01T20:07:45.710+0700] {override.py:1900} INFO - Created Permission View: can read on DAG Run:example_setup_teardown
[2024-10-01T20:07:45.714+0700] {logging_mixin.py:190} INFO - [2024-10-01T20:07:45.714+0700] {override.py:1900} INFO - Created Permission View: can delete on DAG Run:example_setup_teardown
[2024-10-01T20:07:45.714+0700] {logging_mixin.py:190} INFO - [2024-10-01T20:07:45.714+0700] {dag.py:3239} INFO - Sync 1 DAGs
[2024-10-01T20:07:45.728+0700] {logging_mixin.py:190} INFO - [2024-10-01T20:07:45.727+0700] {dag.py:3262} INFO - Creating ORM DAG for example_setup_teardown
[2024-10-01T20:07:45.728+0700] {logging_mixin.py:190} INFO - [2024-10-01T20:07:45.728+0700] {dag.py:4180} INFO - Setting next_dagrun for example_setup_teardown to None, run_after=None
[2024-10-01T20:07:45.739+0700] {processor.py:208} INFO - Processing /Users/prabowo.kadir/.pyenv/versions/3.8.18/lib/python3.8/site-packages/airflow/example_dags/example_setup_teardown.py took 0.269 seconds
[2024-10-01T20:10:31.815+0700] {processor.py:186} INFO - Started process (PID=52359) to work on /Users/prabowo.kadir/.pyenv/versions/3.8.18/lib/python3.8/site-packages/airflow/example_dags/example_setup_teardown.py
[2024-10-01T20:10:31.817+0700] {processor.py:914} INFO - Processing file /Users/prabowo.kadir/.pyenv/versions/3.8.18/lib/python3.8/site-packages/airflow/example_dags/example_setup_teardown.py for tasks to queue
[2024-10-01T20:10:31.817+0700] {logging_mixin.py:190} INFO - [2024-10-01T20:10:31.817+0700] {dagbag.py:588} INFO - Filling up the DagBag from /Users/prabowo.kadir/.pyenv/versions/3.8.18/lib/python3.8/site-packages/airflow/example_dags/example_setup_teardown.py
[2024-10-01T20:10:31.827+0700] {processor.py:925} INFO - DAG(s) 'example_setup_teardown' retrieved from /Users/prabowo.kadir/.pyenv/versions/3.8.18/lib/python3.8/site-packages/airflow/example_dags/example_setup_teardown.py
[2024-10-01T20:10:31.907+0700] {logging_mixin.py:190} INFO - [2024-10-01T20:10:31.906+0700] {dag.py:3239} INFO - Sync 1 DAGs
[2024-10-01T20:10:31.912+0700] {logging_mixin.py:190} INFO - [2024-10-01T20:10:31.911+0700] {dag.py:4180} INFO - Setting next_dagrun for example_setup_teardown to None, run_after=None
[2024-10-01T20:10:31.922+0700] {processor.py:208} INFO - Processing /Users/prabowo.kadir/.pyenv/versions/3.8.18/lib/python3.8/site-packages/airflow/example_dags/example_setup_teardown.py took 0.109 seconds
[2024-10-01T20:12:59.361+0700] {processor.py:186} INFO - Started process (PID=52607) to work on /Users/prabowo.kadir/.pyenv/versions/3.8.18/lib/python3.8/site-packages/airflow/example_dags/example_setup_teardown.py
[2024-10-01T20:12:59.363+0700] {processor.py:914} INFO - Processing file /Users/prabowo.kadir/.pyenv/versions/3.8.18/lib/python3.8/site-packages/airflow/example_dags/example_setup_teardown.py for tasks to queue
[2024-10-01T20:12:59.364+0700] {logging_mixin.py:190} INFO - [2024-10-01T20:12:59.364+0700] {dagbag.py:588} INFO - Filling up the DagBag from /Users/prabowo.kadir/.pyenv/versions/3.8.18/lib/python3.8/site-packages/airflow/example_dags/example_setup_teardown.py
[2024-10-01T20:12:59.379+0700] {processor.py:925} INFO - DAG(s) 'example_setup_teardown' retrieved from /Users/prabowo.kadir/.pyenv/versions/3.8.18/lib/python3.8/site-packages/airflow/example_dags/example_setup_teardown.py
[2024-10-01T20:12:59.450+0700] {logging_mixin.py:190} INFO - [2024-10-01T20:12:59.450+0700] {dag.py:3239} INFO - Sync 1 DAGs
[2024-10-01T20:12:59.455+0700] {logging_mixin.py:190} INFO - [2024-10-01T20:12:59.455+0700] {dag.py:4180} INFO - Setting next_dagrun for example_setup_teardown to None, run_after=None
[2024-10-01T20:12:59.464+0700] {processor.py:208} INFO - Processing /Users/prabowo.kadir/.pyenv/versions/3.8.18/lib/python3.8/site-packages/airflow/example_dags/example_setup_teardown.py took 0.105 seconds
