[2024-10-01T20:07:30.423+0700] {processor.py:186} INFO - Started process (PID=52151) to work on /Users/prabowo.kadir/.pyenv/versions/3.8.18/lib/python3.8/site-packages/airflow/example_dags/example_sla_dag.py
[2024-10-01T20:07:30.424+0700] {processor.py:914} INFO - Processing file /Users/prabowo.kadir/.pyenv/versions/3.8.18/lib/python3.8/site-packages/airflow/example_dags/example_sla_dag.py for tasks to queue
[2024-10-01T20:07:30.424+0700] {logging_mixin.py:190} INFO - [2024-10-01T20:07:30.424+0700] {dagbag.py:588} INFO - Filling up the DagBag from /Users/prabowo.kadir/.pyenv/versions/3.8.18/lib/python3.8/site-packages/airflow/example_dags/example_sla_dag.py
[2024-10-01T20:07:30.492+0700] {processor.py:925} INFO - DAG(s) 'example_sla_dag' retrieved from /Users/prabowo.kadir/.pyenv/versions/3.8.18/lib/python3.8/site-packages/airflow/example_dags/example_sla_dag.py
[2024-10-01T20:07:30.625+0700] {logging_mixin.py:190} INFO - [2024-10-01T20:07:30.624+0700] {override.py:1900} INFO - Created Permission View: can edit on DAG:example_sla_dag
[2024-10-01T20:07:30.638+0700] {logging_mixin.py:190} INFO - [2024-10-01T20:07:30.638+0700] {override.py:1900} INFO - Created Permission View: can read on DAG:example_sla_dag
[2024-10-01T20:07:30.642+0700] {logging_mixin.py:190} INFO - [2024-10-01T20:07:30.642+0700] {override.py:1900} INFO - Created Permission View: can delete on DAG:example_sla_dag
[2024-10-01T20:07:30.657+0700] {logging_mixin.py:190} INFO - [2024-10-01T20:07:30.657+0700] {override.py:1900} INFO - Created Permission View: can create on DAG Run:example_sla_dag
[2024-10-01T20:07:30.663+0700] {logging_mixin.py:190} INFO - [2024-10-01T20:07:30.662+0700] {override.py:1900} INFO - Created Permission View: can read on DAG Run:example_sla_dag
[2024-10-01T20:07:30.667+0700] {logging_mixin.py:190} INFO - [2024-10-01T20:07:30.666+0700] {override.py:1900} INFO - Created Permission View: can delete on DAG Run:example_sla_dag
[2024-10-01T20:07:30.672+0700] {logging_mixin.py:190} INFO - [2024-10-01T20:07:30.672+0700] {override.py:1900} INFO - Created Permission View: menu access on DAG Run:example_sla_dag
[2024-10-01T20:07:30.672+0700] {logging_mixin.py:190} INFO - [2024-10-01T20:07:30.672+0700] {dag.py:3239} INFO - Sync 1 DAGs
[2024-10-01T20:07:30.687+0700] {logging_mixin.py:190} INFO - [2024-10-01T20:07:30.687+0700] {dag.py:3262} INFO - Creating ORM DAG for example_sla_dag
[2024-10-01T20:07:30.693+0700] {logging_mixin.py:190} INFO - [2024-10-01T20:07:30.693+0700] {dag.py:4180} INFO - Setting next_dagrun for example_sla_dag to 2024-10-01 13:04:00+00:00, run_after=2024-10-01 13:06:00+00:00
[2024-10-01T20:07:30.702+0700] {processor.py:208} INFO - Processing /Users/prabowo.kadir/.pyenv/versions/3.8.18/lib/python3.8/site-packages/airflow/example_dags/example_sla_dag.py took 0.282 seconds
[2024-10-01T20:10:16.733+0700] {processor.py:186} INFO - Started process (PID=52341) to work on /Users/prabowo.kadir/.pyenv/versions/3.8.18/lib/python3.8/site-packages/airflow/example_dags/example_sla_dag.py
[2024-10-01T20:10:16.734+0700] {processor.py:914} INFO - Processing file /Users/prabowo.kadir/.pyenv/versions/3.8.18/lib/python3.8/site-packages/airflow/example_dags/example_sla_dag.py for tasks to queue
[2024-10-01T20:10:16.735+0700] {logging_mixin.py:190} INFO - [2024-10-01T20:10:16.735+0700] {dagbag.py:588} INFO - Filling up the DagBag from /Users/prabowo.kadir/.pyenv/versions/3.8.18/lib/python3.8/site-packages/airflow/example_dags/example_sla_dag.py
[2024-10-01T20:10:16.796+0700] {processor.py:925} INFO - DAG(s) 'example_sla_dag' retrieved from /Users/prabowo.kadir/.pyenv/versions/3.8.18/lib/python3.8/site-packages/airflow/example_dags/example_sla_dag.py
[2024-10-01T20:10:16.848+0700] {logging_mixin.py:190} INFO - [2024-10-01T20:10:16.848+0700] {dag.py:3239} INFO - Sync 1 DAGs
[2024-10-01T20:10:16.858+0700] {logging_mixin.py:190} INFO - [2024-10-01T20:10:16.858+0700] {dag.py:4180} INFO - Setting next_dagrun for example_sla_dag to 2024-10-01 13:08:00+00:00, run_after=2024-10-01 13:10:00+00:00
[2024-10-01T20:10:16.871+0700] {processor.py:208} INFO - Processing /Users/prabowo.kadir/.pyenv/versions/3.8.18/lib/python3.8/site-packages/airflow/example_dags/example_sla_dag.py took 0.140 seconds
[2024-10-01T20:12:47.107+0700] {processor.py:186} INFO - Started process (PID=52593) to work on /Users/prabowo.kadir/.pyenv/versions/3.8.18/lib/python3.8/site-packages/airflow/example_dags/example_sla_dag.py
[2024-10-01T20:12:47.109+0700] {processor.py:914} INFO - Processing file /Users/prabowo.kadir/.pyenv/versions/3.8.18/lib/python3.8/site-packages/airflow/example_dags/example_sla_dag.py for tasks to queue
[2024-10-01T20:12:47.110+0700] {logging_mixin.py:190} INFO - [2024-10-01T20:12:47.110+0700] {dagbag.py:588} INFO - Filling up the DagBag from /Users/prabowo.kadir/.pyenv/versions/3.8.18/lib/python3.8/site-packages/airflow/example_dags/example_sla_dag.py
[2024-10-01T20:12:47.169+0700] {processor.py:925} INFO - DAG(s) 'example_sla_dag' retrieved from /Users/prabowo.kadir/.pyenv/versions/3.8.18/lib/python3.8/site-packages/airflow/example_dags/example_sla_dag.py
[2024-10-01T20:12:47.220+0700] {logging_mixin.py:190} INFO - [2024-10-01T20:12:47.220+0700] {dag.py:3239} INFO - Sync 1 DAGs
[2024-10-01T20:12:47.231+0700] {logging_mixin.py:190} INFO - [2024-10-01T20:12:47.231+0700] {dag.py:4180} INFO - Setting next_dagrun for example_sla_dag to 2024-10-01 13:10:00+00:00, run_after=2024-10-01 13:12:00+00:00
[2024-10-01T20:12:47.246+0700] {processor.py:208} INFO - Processing /Users/prabowo.kadir/.pyenv/versions/3.8.18/lib/python3.8/site-packages/airflow/example_dags/example_sla_dag.py took 0.143 seconds
