[2024-10-01T20:07:13.938+0700] {processor.py:186} INFO - Started process (PID=52133) to work on /Users/prabowo.kadir/.pyenv/versions/3.8.18/lib/python3.8/site-packages/airflow/example_dags/example_trigger_controller_dag.py
[2024-10-01T20:07:13.940+0700] {processor.py:914} INFO - Processing file /Users/prabowo.kadir/.pyenv/versions/3.8.18/lib/python3.8/site-packages/airflow/example_dags/example_trigger_controller_dag.py for tasks to queue
[2024-10-01T20:07:13.940+0700] {logging_mixin.py:190} INFO - [2024-10-01T20:07:13.940+0700] {dagbag.py:588} INFO - Filling up the DagBag from /Users/prabowo.kadir/.pyenv/versions/3.8.18/lib/python3.8/site-packages/airflow/example_dags/example_trigger_controller_dag.py
[2024-10-01T20:07:13.969+0700] {processor.py:925} INFO - DAG(s) 'example_trigger_controller_dag' retrieved from /Users/prabowo.kadir/.pyenv/versions/3.8.18/lib/python3.8/site-packages/airflow/example_dags/example_trigger_controller_dag.py
[2024-10-01T20:07:14.132+0700] {logging_mixin.py:190} INFO - [2024-10-01T20:07:14.131+0700] {override.py:1900} INFO - Created Permission View: can edit on DAG:example_trigger_controller_dag
[2024-10-01T20:07:14.137+0700] {logging_mixin.py:190} INFO - [2024-10-01T20:07:14.137+0700] {override.py:1900} INFO - Created Permission View: can delete on DAG:example_trigger_controller_dag
[2024-10-01T20:07:14.146+0700] {logging_mixin.py:190} INFO - [2024-10-01T20:07:14.146+0700] {override.py:1900} INFO - Created Permission View: can read on DAG:example_trigger_controller_dag
[2024-10-01T20:07:14.153+0700] {logging_mixin.py:190} INFO - [2024-10-01T20:07:14.153+0700] {override.py:1900} INFO - Created Permission View: menu access on DAG Run:example_trigger_controller_dag
[2024-10-01T20:07:14.166+0700] {logging_mixin.py:190} INFO - [2024-10-01T20:07:14.166+0700] {override.py:1900} INFO - Created Permission View: can create on DAG Run:example_trigger_controller_dag
[2024-10-01T20:07:14.174+0700] {logging_mixin.py:190} INFO - [2024-10-01T20:07:14.174+0700] {override.py:1900} INFO - Created Permission View: can read on DAG Run:example_trigger_controller_dag
[2024-10-01T20:07:14.190+0700] {logging_mixin.py:190} INFO - [2024-10-01T20:07:14.190+0700] {override.py:1900} INFO - Created Permission View: can delete on DAG Run:example_trigger_controller_dag
[2024-10-01T20:07:14.191+0700] {logging_mixin.py:190} INFO - [2024-10-01T20:07:14.190+0700] {dag.py:3239} INFO - Sync 1 DAGs
[2024-10-01T20:07:14.196+0700] {logging_mixin.py:190} INFO - [2024-10-01T20:07:14.196+0700] {dag.py:3262} INFO - Creating ORM DAG for example_trigger_controller_dag
[2024-10-01T20:07:14.199+0700] {logging_mixin.py:190} INFO - [2024-10-01T20:07:14.199+0700] {dag.py:4180} INFO - Setting next_dagrun for example_trigger_controller_dag to 2021-01-01 00:00:00+00:00, run_after=2021-01-01 00:00:00+00:00
[2024-10-01T20:07:14.212+0700] {processor.py:208} INFO - Processing /Users/prabowo.kadir/.pyenv/versions/3.8.18/lib/python3.8/site-packages/airflow/example_dags/example_trigger_controller_dag.py took 0.277 seconds
[2024-10-01T20:10:03.179+0700] {processor.py:186} INFO - Started process (PID=52324) to work on /Users/prabowo.kadir/.pyenv/versions/3.8.18/lib/python3.8/site-packages/airflow/example_dags/example_trigger_controller_dag.py
[2024-10-01T20:10:03.192+0700] {processor.py:914} INFO - Processing file /Users/prabowo.kadir/.pyenv/versions/3.8.18/lib/python3.8/site-packages/airflow/example_dags/example_trigger_controller_dag.py for tasks to queue
[2024-10-01T20:10:03.192+0700] {logging_mixin.py:190} INFO - [2024-10-01T20:10:03.192+0700] {dagbag.py:588} INFO - Filling up the DagBag from /Users/prabowo.kadir/.pyenv/versions/3.8.18/lib/python3.8/site-packages/airflow/example_dags/example_trigger_controller_dag.py
[2024-10-01T20:10:03.227+0700] {processor.py:925} INFO - DAG(s) 'example_trigger_controller_dag' retrieved from /Users/prabowo.kadir/.pyenv/versions/3.8.18/lib/python3.8/site-packages/airflow/example_dags/example_trigger_controller_dag.py
[2024-10-01T20:10:03.315+0700] {logging_mixin.py:190} INFO - [2024-10-01T20:10:03.315+0700] {dag.py:3239} INFO - Sync 1 DAGs
[2024-10-01T20:10:03.324+0700] {logging_mixin.py:190} INFO - [2024-10-01T20:10:03.324+0700] {dag.py:4180} INFO - Setting next_dagrun for example_trigger_controller_dag to 2021-01-01 00:00:00+00:00, run_after=2021-01-01 00:00:00+00:00
[2024-10-01T20:10:03.335+0700] {processor.py:208} INFO - Processing /Users/prabowo.kadir/.pyenv/versions/3.8.18/lib/python3.8/site-packages/airflow/example_dags/example_trigger_controller_dag.py took 0.177 seconds
[2024-10-01T20:12:31.515+0700] {processor.py:186} INFO - Started process (PID=52578) to work on /Users/prabowo.kadir/.pyenv/versions/3.8.18/lib/python3.8/site-packages/airflow/example_dags/example_trigger_controller_dag.py
[2024-10-01T20:12:31.516+0700] {processor.py:914} INFO - Processing file /Users/prabowo.kadir/.pyenv/versions/3.8.18/lib/python3.8/site-packages/airflow/example_dags/example_trigger_controller_dag.py for tasks to queue
[2024-10-01T20:12:31.516+0700] {logging_mixin.py:190} INFO - [2024-10-01T20:12:31.516+0700] {dagbag.py:588} INFO - Filling up the DagBag from /Users/prabowo.kadir/.pyenv/versions/3.8.18/lib/python3.8/site-packages/airflow/example_dags/example_trigger_controller_dag.py
[2024-10-01T20:12:31.524+0700] {processor.py:925} INFO - DAG(s) 'example_trigger_controller_dag' retrieved from /Users/prabowo.kadir/.pyenv/versions/3.8.18/lib/python3.8/site-packages/airflow/example_dags/example_trigger_controller_dag.py
[2024-10-01T20:12:31.590+0700] {logging_mixin.py:190} INFO - [2024-10-01T20:12:31.590+0700] {dag.py:3239} INFO - Sync 1 DAGs
[2024-10-01T20:12:31.598+0700] {logging_mixin.py:190} INFO - [2024-10-01T20:12:31.598+0700] {dag.py:4180} INFO - Setting next_dagrun for example_trigger_controller_dag to 2021-01-01 00:00:00+00:00, run_after=2021-01-01 00:00:00+00:00
[2024-10-01T20:12:31.607+0700] {processor.py:208} INFO - Processing /Users/prabowo.kadir/.pyenv/versions/3.8.18/lib/python3.8/site-packages/airflow/example_dags/example_trigger_controller_dag.py took 0.095 seconds
