[2024-10-01T20:08:43.736+0700] {processor.py:186} INFO - Started process (PID=52225) to work on /Users/prabowo.kadir/.pyenv/versions/3.8.18/lib/python3.8/site-packages/airflow/example_dags/example_dataset_alias_with_no_taskflow.py
[2024-10-01T20:08:43.737+0700] {processor.py:914} INFO - Processing file /Users/prabowo.kadir/.pyenv/versions/3.8.18/lib/python3.8/site-packages/airflow/example_dags/example_dataset_alias_with_no_taskflow.py for tasks to queue
[2024-10-01T20:08:43.737+0700] {logging_mixin.py:190} INFO - [2024-10-01T20:08:43.737+0700] {dagbag.py:588} INFO - Filling up the DagBag from /Users/prabowo.kadir/.pyenv/versions/3.8.18/lib/python3.8/site-packages/airflow/example_dags/example_dataset_alias_with_no_taskflow.py
[2024-10-01T20:08:43.880+0700] {processor.py:925} INFO - DAG(s) 'dataset_s3_bucket_consumer_with_no_taskflow', 'dataset_alias_example_alias_consumer_with_no_taskflow', 'dataset_s3_bucket_producer_with_no_taskflow', 'dataset_alias_example_alias_producer_with_no_taskflow' retrieved from /Users/prabowo.kadir/.pyenv/versions/3.8.18/lib/python3.8/site-packages/airflow/example_dags/example_dataset_alias_with_no_taskflow.py
[2024-10-01T20:08:43.960+0700] {logging_mixin.py:190} INFO - [2024-10-01T20:08:43.960+0700] {override.py:1900} INFO - Created Permission View: can delete on DAG:dataset_s3_bucket_consumer_with_no_taskflow
[2024-10-01T20:08:43.970+0700] {logging_mixin.py:190} INFO - [2024-10-01T20:08:43.969+0700] {override.py:1900} INFO - Created Permission View: can edit on DAG:dataset_s3_bucket_consumer_with_no_taskflow
[2024-10-01T20:08:43.974+0700] {logging_mixin.py:190} INFO - [2024-10-01T20:08:43.973+0700] {override.py:1900} INFO - Created Permission View: can read on DAG:dataset_s3_bucket_consumer_with_no_taskflow
[2024-10-01T20:08:43.982+0700] {logging_mixin.py:190} INFO - [2024-10-01T20:08:43.981+0700] {override.py:1900} INFO - Created Permission View: can delete on DAG Run:dataset_s3_bucket_consumer_with_no_taskflow
[2024-10-01T20:08:43.988+0700] {logging_mixin.py:190} INFO - [2024-10-01T20:08:43.987+0700] {override.py:1900} INFO - Created Permission View: can read on DAG Run:dataset_s3_bucket_consumer_with_no_taskflow
[2024-10-01T20:08:43.999+0700] {logging_mixin.py:190} INFO - [2024-10-01T20:08:43.999+0700] {override.py:1900} INFO - Created Permission View: can create on DAG Run:dataset_s3_bucket_consumer_with_no_taskflow
[2024-10-01T20:08:44.004+0700] {logging_mixin.py:190} INFO - [2024-10-01T20:08:44.003+0700] {override.py:1900} INFO - Created Permission View: menu access on DAG Run:dataset_s3_bucket_consumer_with_no_taskflow
[2024-10-01T20:08:44.021+0700] {logging_mixin.py:190} INFO - [2024-10-01T20:08:44.021+0700] {override.py:1900} INFO - Created Permission View: can delete on DAG:dataset_alias_example_alias_consumer_with_no_taskflow
[2024-10-01T20:08:44.032+0700] {logging_mixin.py:190} INFO - [2024-10-01T20:08:44.032+0700] {override.py:1900} INFO - Created Permission View: can edit on DAG:dataset_alias_example_alias_consumer_with_no_taskflow
[2024-10-01T20:08:44.036+0700] {logging_mixin.py:190} INFO - [2024-10-01T20:08:44.036+0700] {override.py:1900} INFO - Created Permission View: can read on DAG:dataset_alias_example_alias_consumer_with_no_taskflow
[2024-10-01T20:08:44.047+0700] {logging_mixin.py:190} INFO - [2024-10-01T20:08:44.047+0700] {override.py:1900} INFO - Created Permission View: can delete on DAG Run:dataset_alias_example_alias_consumer_with_no_taskflow
[2024-10-01T20:08:44.051+0700] {logging_mixin.py:190} INFO - [2024-10-01T20:08:44.050+0700] {override.py:1900} INFO - Created Permission View: can read on DAG Run:dataset_alias_example_alias_consumer_with_no_taskflow
[2024-10-01T20:08:44.055+0700] {logging_mixin.py:190} INFO - [2024-10-01T20:08:44.055+0700] {override.py:1900} INFO - Created Permission View: can create on DAG Run:dataset_alias_example_alias_consumer_with_no_taskflow
[2024-10-01T20:08:44.060+0700] {logging_mixin.py:190} INFO - [2024-10-01T20:08:44.060+0700] {override.py:1900} INFO - Created Permission View: menu access on DAG Run:dataset_alias_example_alias_consumer_with_no_taskflow
[2024-10-01T20:08:44.077+0700] {logging_mixin.py:190} INFO - [2024-10-01T20:08:44.077+0700] {override.py:1900} INFO - Created Permission View: can delete on DAG:dataset_s3_bucket_producer_with_no_taskflow
[2024-10-01T20:08:44.080+0700] {logging_mixin.py:190} INFO - [2024-10-01T20:08:44.080+0700] {override.py:1900} INFO - Created Permission View: can edit on DAG:dataset_s3_bucket_producer_with_no_taskflow
[2024-10-01T20:08:44.089+0700] {logging_mixin.py:190} INFO - [2024-10-01T20:08:44.089+0700] {override.py:1900} INFO - Created Permission View: can read on DAG:dataset_s3_bucket_producer_with_no_taskflow
[2024-10-01T20:08:44.097+0700] {logging_mixin.py:190} INFO - [2024-10-01T20:08:44.097+0700] {override.py:1900} INFO - Created Permission View: can delete on DAG Run:dataset_s3_bucket_producer_with_no_taskflow
[2024-10-01T20:08:44.106+0700] {logging_mixin.py:190} INFO - [2024-10-01T20:08:44.106+0700] {override.py:1900} INFO - Created Permission View: can read on DAG Run:dataset_s3_bucket_producer_with_no_taskflow
[2024-10-01T20:08:44.110+0700] {logging_mixin.py:190} INFO - [2024-10-01T20:08:44.109+0700] {override.py:1900} INFO - Created Permission View: can create on DAG Run:dataset_s3_bucket_producer_with_no_taskflow
[2024-10-01T20:08:44.116+0700] {logging_mixin.py:190} INFO - [2024-10-01T20:08:44.116+0700] {override.py:1900} INFO - Created Permission View: menu access on DAG Run:dataset_s3_bucket_producer_with_no_taskflow
[2024-10-01T20:08:44.133+0700] {logging_mixin.py:190} INFO - [2024-10-01T20:08:44.133+0700] {override.py:1900} INFO - Created Permission View: can delete on DAG:dataset_alias_example_alias_producer_with_no_taskflow
[2024-10-01T20:08:44.138+0700] {logging_mixin.py:190} INFO - [2024-10-01T20:08:44.138+0700] {override.py:1900} INFO - Created Permission View: can edit on DAG:dataset_alias_example_alias_producer_with_no_taskflow
[2024-10-01T20:08:44.149+0700] {logging_mixin.py:190} INFO - [2024-10-01T20:08:44.149+0700] {override.py:1900} INFO - Created Permission View: can read on DAG:dataset_alias_example_alias_producer_with_no_taskflow
[2024-10-01T20:08:44.155+0700] {logging_mixin.py:190} INFO - [2024-10-01T20:08:44.155+0700] {override.py:1900} INFO - Created Permission View: can delete on DAG Run:dataset_alias_example_alias_producer_with_no_taskflow
[2024-10-01T20:08:44.166+0700] {logging_mixin.py:190} INFO - [2024-10-01T20:08:44.166+0700] {override.py:1900} INFO - Created Permission View: can read on DAG Run:dataset_alias_example_alias_producer_with_no_taskflow
[2024-10-01T20:08:44.170+0700] {logging_mixin.py:190} INFO - [2024-10-01T20:08:44.170+0700] {override.py:1900} INFO - Created Permission View: can create on DAG Run:dataset_alias_example_alias_producer_with_no_taskflow
[2024-10-01T20:08:44.179+0700] {logging_mixin.py:190} INFO - [2024-10-01T20:08:44.178+0700] {override.py:1900} INFO - Created Permission View: menu access on DAG Run:dataset_alias_example_alias_producer_with_no_taskflow
[2024-10-01T20:08:44.179+0700] {logging_mixin.py:190} INFO - [2024-10-01T20:08:44.179+0700] {dag.py:3239} INFO - Sync 4 DAGs
[2024-10-01T20:08:44.184+0700] {logging_mixin.py:190} INFO - [2024-10-01T20:08:44.184+0700] {dag.py:3262} INFO - Creating ORM DAG for dataset_s3_bucket_producer_with_no_taskflow
[2024-10-01T20:08:44.184+0700] {logging_mixin.py:190} INFO - [2024-10-01T20:08:44.184+0700] {dag.py:3262} INFO - Creating ORM DAG for dataset_s3_bucket_consumer_with_no_taskflow
[2024-10-01T20:08:44.185+0700] {logging_mixin.py:190} INFO - [2024-10-01T20:08:44.185+0700] {dag.py:3262} INFO - Creating ORM DAG for dataset_alias_example_alias_consumer_with_no_taskflow
[2024-10-01T20:08:44.185+0700] {logging_mixin.py:190} INFO - [2024-10-01T20:08:44.185+0700] {dag.py:3262} INFO - Creating ORM DAG for dataset_alias_example_alias_producer_with_no_taskflow
[2024-10-01T20:08:44.188+0700] {logging_mixin.py:190} INFO - [2024-10-01T20:08:44.188+0700] {dag.py:4180} INFO - Setting next_dagrun for dataset_alias_example_alias_consumer_with_no_taskflow to None, run_after=None
[2024-10-01T20:08:44.189+0700] {logging_mixin.py:190} INFO - [2024-10-01T20:08:44.189+0700] {dag.py:4180} INFO - Setting next_dagrun for dataset_alias_example_alias_producer_with_no_taskflow to None, run_after=None
[2024-10-01T20:08:44.189+0700] {logging_mixin.py:190} INFO - [2024-10-01T20:08:44.189+0700] {dag.py:4180} INFO - Setting next_dagrun for dataset_s3_bucket_consumer_with_no_taskflow to None, run_after=None
[2024-10-01T20:08:44.189+0700] {logging_mixin.py:190} INFO - [2024-10-01T20:08:44.189+0700] {dag.py:4180} INFO - Setting next_dagrun for dataset_s3_bucket_producer_with_no_taskflow to None, run_after=None
[2024-10-01T20:08:44.204+0700] {logging_mixin.py:190} INFO - [2024-10-01T20:08:44.203+0700] {workday.py:41} WARNING - Could not import pandas. Holidays will not be considered.
[2024-10-01T20:08:44.229+0700] {processor.py:208} INFO - Processing /Users/prabowo.kadir/.pyenv/versions/3.8.18/lib/python3.8/site-packages/airflow/example_dags/example_dataset_alias_with_no_taskflow.py took 0.495 seconds
[2024-10-01T20:11:40.855+0700] {processor.py:186} INFO - Started process (PID=52489) to work on /Users/prabowo.kadir/.pyenv/versions/3.8.18/lib/python3.8/site-packages/airflow/example_dags/example_dataset_alias_with_no_taskflow.py
[2024-10-01T20:11:40.856+0700] {processor.py:914} INFO - Processing file /Users/prabowo.kadir/.pyenv/versions/3.8.18/lib/python3.8/site-packages/airflow/example_dags/example_dataset_alias_with_no_taskflow.py for tasks to queue
[2024-10-01T20:11:40.857+0700] {logging_mixin.py:190} INFO - [2024-10-01T20:11:40.857+0700] {dagbag.py:588} INFO - Filling up the DagBag from /Users/prabowo.kadir/.pyenv/versions/3.8.18/lib/python3.8/site-packages/airflow/example_dags/example_dataset_alias_with_no_taskflow.py
[2024-10-01T20:11:41.037+0700] {processor.py:925} INFO - DAG(s) 'dataset_s3_bucket_consumer_with_no_taskflow', 'dataset_alias_example_alias_producer_with_no_taskflow', 'dataset_s3_bucket_producer_with_no_taskflow', 'dataset_alias_example_alias_consumer_with_no_taskflow' retrieved from /Users/prabowo.kadir/.pyenv/versions/3.8.18/lib/python3.8/site-packages/airflow/example_dags/example_dataset_alias_with_no_taskflow.py
[2024-10-01T20:11:41.054+0700] {logging_mixin.py:190} INFO - [2024-10-01T20:11:41.053+0700] {dag.py:3239} INFO - Sync 4 DAGs
[2024-10-01T20:11:41.062+0700] {logging_mixin.py:190} INFO - [2024-10-01T20:11:41.062+0700] {dag.py:4180} INFO - Setting next_dagrun for dataset_alias_example_alias_consumer_with_no_taskflow to None, run_after=None
[2024-10-01T20:11:41.063+0700] {logging_mixin.py:190} INFO - [2024-10-01T20:11:41.063+0700] {dag.py:4180} INFO - Setting next_dagrun for dataset_alias_example_alias_producer_with_no_taskflow to None, run_after=None
[2024-10-01T20:11:41.064+0700] {logging_mixin.py:190} INFO - [2024-10-01T20:11:41.064+0700] {dag.py:4180} INFO - Setting next_dagrun for dataset_s3_bucket_consumer_with_no_taskflow to None, run_after=None
[2024-10-01T20:11:41.064+0700] {logging_mixin.py:190} INFO - [2024-10-01T20:11:41.064+0700] {dag.py:4180} INFO - Setting next_dagrun for dataset_s3_bucket_producer_with_no_taskflow to None, run_after=None
[2024-10-01T20:11:41.079+0700] {processor.py:208} INFO - Processing /Users/prabowo.kadir/.pyenv/versions/3.8.18/lib/python3.8/site-packages/airflow/example_dags/example_dataset_alias_with_no_taskflow.py took 0.227 seconds
