[2024-10-01T20:07:33.692+0700] {processor.py:186} INFO - Started process (PID=52155) to work on /Users/prabowo.kadir/.pyenv/versions/3.8.18/lib/python3.8/site-packages/airflow/example_dags/example_skip_dag.py
[2024-10-01T20:07:33.693+0700] {processor.py:914} INFO - Processing file /Users/prabowo.kadir/.pyenv/versions/3.8.18/lib/python3.8/site-packages/airflow/example_dags/example_skip_dag.py for tasks to queue
[2024-10-01T20:07:33.694+0700] {logging_mixin.py:190} INFO - [2024-10-01T20:07:33.694+0700] {dagbag.py:588} INFO - Filling up the DagBag from /Users/prabowo.kadir/.pyenv/versions/3.8.18/lib/python3.8/site-packages/airflow/example_dags/example_skip_dag.py
[2024-10-01T20:07:33.706+0700] {processor.py:925} INFO - DAG(s) 'example_skip_dag' retrieved from /Users/prabowo.kadir/.pyenv/versions/3.8.18/lib/python3.8/site-packages/airflow/example_dags/example_skip_dag.py
[2024-10-01T20:07:33.910+0700] {logging_mixin.py:190} INFO - [2024-10-01T20:07:33.910+0700] {override.py:1900} INFO - Created Permission View: can edit on DAG:example_skip_dag
[2024-10-01T20:07:33.920+0700] {logging_mixin.py:190} INFO - [2024-10-01T20:07:33.920+0700] {override.py:1900} INFO - Created Permission View: can delete on DAG:example_skip_dag
[2024-10-01T20:07:33.924+0700] {logging_mixin.py:190} INFO - [2024-10-01T20:07:33.924+0700] {override.py:1900} INFO - Created Permission View: can read on DAG:example_skip_dag
[2024-10-01T20:07:33.937+0700] {logging_mixin.py:190} INFO - [2024-10-01T20:07:33.937+0700] {override.py:1900} INFO - Created Permission View: can delete on DAG Run:example_skip_dag
[2024-10-01T20:07:33.946+0700] {logging_mixin.py:190} INFO - [2024-10-01T20:07:33.946+0700] {override.py:1900} INFO - Created Permission View: can read on DAG Run:example_skip_dag
[2024-10-01T20:07:33.950+0700] {logging_mixin.py:190} INFO - [2024-10-01T20:07:33.949+0700] {override.py:1900} INFO - Created Permission View: can create on DAG Run:example_skip_dag
[2024-10-01T20:07:33.959+0700] {logging_mixin.py:190} INFO - [2024-10-01T20:07:33.959+0700] {override.py:1900} INFO - Created Permission View: menu access on DAG Run:example_skip_dag
[2024-10-01T20:07:33.959+0700] {logging_mixin.py:190} INFO - [2024-10-01T20:07:33.959+0700] {dag.py:3239} INFO - Sync 1 DAGs
[2024-10-01T20:07:33.965+0700] {logging_mixin.py:190} INFO - [2024-10-01T20:07:33.965+0700] {dag.py:3262} INFO - Creating ORM DAG for example_skip_dag
[2024-10-01T20:07:33.970+0700] {logging_mixin.py:190} INFO - [2024-10-01T20:07:33.969+0700] {dag.py:4180} INFO - Setting next_dagrun for example_skip_dag to 2024-09-30 00:00:00+00:00, run_after=2024-10-01 00:00:00+00:00
[2024-10-01T20:07:33.985+0700] {processor.py:208} INFO - Processing /Users/prabowo.kadir/.pyenv/versions/3.8.18/lib/python3.8/site-packages/airflow/example_dags/example_skip_dag.py took 0.296 seconds
[2024-10-01T20:10:19.912+0700] {processor.py:186} INFO - Started process (PID=52345) to work on /Users/prabowo.kadir/.pyenv/versions/3.8.18/lib/python3.8/site-packages/airflow/example_dags/example_skip_dag.py
[2024-10-01T20:10:19.913+0700] {processor.py:914} INFO - Processing file /Users/prabowo.kadir/.pyenv/versions/3.8.18/lib/python3.8/site-packages/airflow/example_dags/example_skip_dag.py for tasks to queue
[2024-10-01T20:10:19.914+0700] {logging_mixin.py:190} INFO - [2024-10-01T20:10:19.914+0700] {dagbag.py:588} INFO - Filling up the DagBag from /Users/prabowo.kadir/.pyenv/versions/3.8.18/lib/python3.8/site-packages/airflow/example_dags/example_skip_dag.py
[2024-10-01T20:10:19.924+0700] {processor.py:925} INFO - DAG(s) 'example_skip_dag' retrieved from /Users/prabowo.kadir/.pyenv/versions/3.8.18/lib/python3.8/site-packages/airflow/example_dags/example_skip_dag.py
[2024-10-01T20:10:20.003+0700] {logging_mixin.py:190} INFO - [2024-10-01T20:10:20.002+0700] {dag.py:3239} INFO - Sync 1 DAGs
[2024-10-01T20:10:20.012+0700] {logging_mixin.py:190} INFO - [2024-10-01T20:10:20.012+0700] {dag.py:4180} INFO - Setting next_dagrun for example_skip_dag to 2024-09-30 00:00:00+00:00, run_after=2024-10-01 00:00:00+00:00
[2024-10-01T20:10:20.024+0700] {processor.py:208} INFO - Processing /Users/prabowo.kadir/.pyenv/versions/3.8.18/lib/python3.8/site-packages/airflow/example_dags/example_skip_dag.py took 0.115 seconds
[2024-10-01T20:12:49.338+0700] {processor.py:186} INFO - Started process (PID=52596) to work on /Users/prabowo.kadir/.pyenv/versions/3.8.18/lib/python3.8/site-packages/airflow/example_dags/example_skip_dag.py
[2024-10-01T20:12:49.340+0700] {processor.py:914} INFO - Processing file /Users/prabowo.kadir/.pyenv/versions/3.8.18/lib/python3.8/site-packages/airflow/example_dags/example_skip_dag.py for tasks to queue
[2024-10-01T20:12:49.340+0700] {logging_mixin.py:190} INFO - [2024-10-01T20:12:49.340+0700] {dagbag.py:588} INFO - Filling up the DagBag from /Users/prabowo.kadir/.pyenv/versions/3.8.18/lib/python3.8/site-packages/airflow/example_dags/example_skip_dag.py
[2024-10-01T20:12:49.352+0700] {processor.py:925} INFO - DAG(s) 'example_skip_dag' retrieved from /Users/prabowo.kadir/.pyenv/versions/3.8.18/lib/python3.8/site-packages/airflow/example_dags/example_skip_dag.py
[2024-10-01T20:12:49.430+0700] {logging_mixin.py:190} INFO - [2024-10-01T20:12:49.429+0700] {dag.py:3239} INFO - Sync 1 DAGs
[2024-10-01T20:12:49.439+0700] {logging_mixin.py:190} INFO - [2024-10-01T20:12:49.439+0700] {dag.py:4180} INFO - Setting next_dagrun for example_skip_dag to 2024-09-30 00:00:00+00:00, run_after=2024-10-01 00:00:00+00:00
[2024-10-01T20:12:49.449+0700] {processor.py:208} INFO - Processing /Users/prabowo.kadir/.pyenv/versions/3.8.18/lib/python3.8/site-packages/airflow/example_dags/example_skip_dag.py took 0.114 seconds
