[2024-10-01T20:06:46.254+0700] {processor.py:186} INFO - Started process (PID=52097) to work on /Users/prabowo.kadir/.pyenv/versions/3.8.18/lib/python3.8/site-packages/airflow/example_dags/tutorial_taskflow_api_virtualenv.py
[2024-10-01T20:06:46.257+0700] {processor.py:914} INFO - Processing file /Users/prabowo.kadir/.pyenv/versions/3.8.18/lib/python3.8/site-packages/airflow/example_dags/tutorial_taskflow_api_virtualenv.py for tasks to queue
[2024-10-01T20:06:46.257+0700] {logging_mixin.py:190} INFO - [2024-10-01T20:06:46.257+0700] {dagbag.py:588} INFO - Filling up the DagBag from /Users/prabowo.kadir/.pyenv/versions/3.8.18/lib/python3.8/site-packages/airflow/example_dags/tutorial_taskflow_api_virtualenv.py
[2024-10-01T20:06:46.326+0700] {processor.py:925} INFO - DAG(s) 'tutorial_taskflow_api_virtualenv' retrieved from /Users/prabowo.kadir/.pyenv/versions/3.8.18/lib/python3.8/site-packages/airflow/example_dags/tutorial_taskflow_api_virtualenv.py
[2024-10-01T20:06:46.502+0700] {logging_mixin.py:190} INFO - [2024-10-01T20:06:46.502+0700] {override.py:1900} INFO - Created Permission View: can edit on DAG:tutorial_taskflow_api_virtualenv
[2024-10-01T20:06:46.512+0700] {logging_mixin.py:190} INFO - [2024-10-01T20:06:46.511+0700] {override.py:1900} INFO - Created Permission View: can delete on DAG:tutorial_taskflow_api_virtualenv
[2024-10-01T20:06:46.516+0700] {logging_mixin.py:190} INFO - [2024-10-01T20:06:46.515+0700] {override.py:1900} INFO - Created Permission View: can read on DAG:tutorial_taskflow_api_virtualenv
[2024-10-01T20:06:46.526+0700] {logging_mixin.py:190} INFO - [2024-10-01T20:06:46.526+0700] {override.py:1900} INFO - Created Permission View: can delete on DAG Run:tutorial_taskflow_api_virtualenv
[2024-10-01T20:06:46.537+0700] {logging_mixin.py:190} INFO - [2024-10-01T20:06:46.537+0700] {override.py:1900} INFO - Created Permission View: can create on DAG Run:tutorial_taskflow_api_virtualenv
[2024-10-01T20:06:46.541+0700] {logging_mixin.py:190} INFO - [2024-10-01T20:06:46.541+0700] {override.py:1900} INFO - Created Permission View: can read on DAG Run:tutorial_taskflow_api_virtualenv
[2024-10-01T20:06:46.545+0700] {logging_mixin.py:190} INFO - [2024-10-01T20:06:46.545+0700] {override.py:1900} INFO - Created Permission View: menu access on DAG Run:tutorial_taskflow_api_virtualenv
[2024-10-01T20:06:46.545+0700] {logging_mixin.py:190} INFO - [2024-10-01T20:06:46.545+0700] {dag.py:3239} INFO - Sync 1 DAGs
[2024-10-01T20:06:46.557+0700] {logging_mixin.py:190} INFO - [2024-10-01T20:06:46.557+0700] {dag.py:3262} INFO - Creating ORM DAG for tutorial_taskflow_api_virtualenv
[2024-10-01T20:06:46.557+0700] {logging_mixin.py:190} INFO - [2024-10-01T20:06:46.557+0700] {dag.py:4180} INFO - Setting next_dagrun for tutorial_taskflow_api_virtualenv to None, run_after=None
[2024-10-01T20:06:46.567+0700] {processor.py:208} INFO - Processing /Users/prabowo.kadir/.pyenv/versions/3.8.18/lib/python3.8/site-packages/airflow/example_dags/tutorial_taskflow_api_virtualenv.py took 0.316 seconds
[2024-10-01T20:09:34.929+0700] {processor.py:186} INFO - Started process (PID=52281) to work on /Users/prabowo.kadir/.pyenv/versions/3.8.18/lib/python3.8/site-packages/airflow/example_dags/tutorial_taskflow_api_virtualenv.py
[2024-10-01T20:09:34.931+0700] {processor.py:914} INFO - Processing file /Users/prabowo.kadir/.pyenv/versions/3.8.18/lib/python3.8/site-packages/airflow/example_dags/tutorial_taskflow_api_virtualenv.py for tasks to queue
[2024-10-01T20:09:34.931+0700] {logging_mixin.py:190} INFO - [2024-10-01T20:09:34.931+0700] {dagbag.py:588} INFO - Filling up the DagBag from /Users/prabowo.kadir/.pyenv/versions/3.8.18/lib/python3.8/site-packages/airflow/example_dags/tutorial_taskflow_api_virtualenv.py
[2024-10-01T20:09:34.999+0700] {processor.py:925} INFO - DAG(s) 'tutorial_taskflow_api_virtualenv' retrieved from /Users/prabowo.kadir/.pyenv/versions/3.8.18/lib/python3.8/site-packages/airflow/example_dags/tutorial_taskflow_api_virtualenv.py
[2024-10-01T20:09:35.156+0700] {logging_mixin.py:190} INFO - [2024-10-01T20:09:35.156+0700] {dag.py:3239} INFO - Sync 1 DAGs
[2024-10-01T20:09:35.162+0700] {logging_mixin.py:190} INFO - [2024-10-01T20:09:35.162+0700] {dag.py:4180} INFO - Setting next_dagrun for tutorial_taskflow_api_virtualenv to None, run_after=None
[2024-10-01T20:09:35.180+0700] {processor.py:208} INFO - Processing /Users/prabowo.kadir/.pyenv/versions/3.8.18/lib/python3.8/site-packages/airflow/example_dags/tutorial_taskflow_api_virtualenv.py took 0.253 seconds
[2024-10-01T20:12:05.432+0700] {processor.py:186} INFO - Started process (PID=52551) to work on /Users/prabowo.kadir/.pyenv/versions/3.8.18/lib/python3.8/site-packages/airflow/example_dags/tutorial_taskflow_api_virtualenv.py
[2024-10-01T20:12:05.434+0700] {processor.py:914} INFO - Processing file /Users/prabowo.kadir/.pyenv/versions/3.8.18/lib/python3.8/site-packages/airflow/example_dags/tutorial_taskflow_api_virtualenv.py for tasks to queue
[2024-10-01T20:12:05.434+0700] {logging_mixin.py:190} INFO - [2024-10-01T20:12:05.434+0700] {dagbag.py:588} INFO - Filling up the DagBag from /Users/prabowo.kadir/.pyenv/versions/3.8.18/lib/python3.8/site-packages/airflow/example_dags/tutorial_taskflow_api_virtualenv.py
[2024-10-01T20:12:05.501+0700] {processor.py:925} INFO - DAG(s) 'tutorial_taskflow_api_virtualenv' retrieved from /Users/prabowo.kadir/.pyenv/versions/3.8.18/lib/python3.8/site-packages/airflow/example_dags/tutorial_taskflow_api_virtualenv.py
[2024-10-01T20:12:05.661+0700] {logging_mixin.py:190} INFO - [2024-10-01T20:12:05.661+0700] {dag.py:3239} INFO - Sync 1 DAGs
[2024-10-01T20:12:05.666+0700] {logging_mixin.py:190} INFO - [2024-10-01T20:12:05.665+0700] {dag.py:4180} INFO - Setting next_dagrun for tutorial_taskflow_api_virtualenv to None, run_after=None
[2024-10-01T20:12:05.678+0700] {processor.py:208} INFO - Processing /Users/prabowo.kadir/.pyenv/versions/3.8.18/lib/python3.8/site-packages/airflow/example_dags/tutorial_taskflow_api_virtualenv.py took 0.250 seconds
