[2024-10-01T20:06:58.003+0700] {processor.py:186} INFO - Started process (PID=52108) to work on /Users/prabowo.kadir/.pyenv/versions/3.8.18/lib/python3.8/site-packages/airflow/example_dags/tutorial.py
[2024-10-01T20:06:58.004+0700] {processor.py:914} INFO - Processing file /Users/prabowo.kadir/.pyenv/versions/3.8.18/lib/python3.8/site-packages/airflow/example_dags/tutorial.py for tasks to queue
[2024-10-01T20:06:58.004+0700] {logging_mixin.py:190} INFO - [2024-10-01T20:06:58.004+0700] {dagbag.py:588} INFO - Filling up the DagBag from /Users/prabowo.kadir/.pyenv/versions/3.8.18/lib/python3.8/site-packages/airflow/example_dags/tutorial.py
[2024-10-01T20:06:58.017+0700] {processor.py:925} INFO - DAG(s) 'tutorial' retrieved from /Users/prabowo.kadir/.pyenv/versions/3.8.18/lib/python3.8/site-packages/airflow/example_dags/tutorial.py
[2024-10-01T20:06:58.187+0700] {logging_mixin.py:190} INFO - [2024-10-01T20:06:58.186+0700] {override.py:1900} INFO - Created Permission View: can delete on DAG:tutorial
[2024-10-01T20:06:58.192+0700] {logging_mixin.py:190} INFO - [2024-10-01T20:06:58.192+0700] {override.py:1900} INFO - Created Permission View: can read on DAG:tutorial
[2024-10-01T20:06:58.198+0700] {logging_mixin.py:190} INFO - [2024-10-01T20:06:58.198+0700] {override.py:1900} INFO - Created Permission View: can edit on DAG:tutorial
[2024-10-01T20:06:58.210+0700] {logging_mixin.py:190} INFO - [2024-10-01T20:06:58.210+0700] {override.py:1900} INFO - Created Permission View: can create on DAG Run:tutorial
[2024-10-01T20:06:58.219+0700] {logging_mixin.py:190} INFO - [2024-10-01T20:06:58.219+0700] {override.py:1900} INFO - Created Permission View: can delete on DAG Run:tutorial
[2024-10-01T20:06:58.223+0700] {logging_mixin.py:190} INFO - [2024-10-01T20:06:58.223+0700] {override.py:1900} INFO - Created Permission View: can read on DAG Run:tutorial
[2024-10-01T20:06:58.227+0700] {logging_mixin.py:190} INFO - [2024-10-01T20:06:58.227+0700] {override.py:1900} INFO - Created Permission View: menu access on DAG Run:tutorial
[2024-10-01T20:06:58.227+0700] {logging_mixin.py:190} INFO - [2024-10-01T20:06:58.227+0700] {dag.py:3239} INFO - Sync 1 DAGs
[2024-10-01T20:06:58.240+0700] {logging_mixin.py:190} INFO - [2024-10-01T20:06:58.240+0700] {dag.py:3262} INFO - Creating ORM DAG for tutorial
[2024-10-01T20:06:58.245+0700] {logging_mixin.py:190} INFO - [2024-10-01T20:06:58.244+0700] {dag.py:4180} INFO - Setting next_dagrun for tutorial to 2024-09-30 00:00:00+00:00, run_after=2024-10-01 00:00:00+00:00
[2024-10-01T20:06:58.257+0700] {processor.py:208} INFO - Processing /Users/prabowo.kadir/.pyenv/versions/3.8.18/lib/python3.8/site-packages/airflow/example_dags/tutorial.py took 0.257 seconds
[2024-10-01T20:09:47.577+0700] {processor.py:186} INFO - Started process (PID=52301) to work on /Users/prabowo.kadir/.pyenv/versions/3.8.18/lib/python3.8/site-packages/airflow/example_dags/tutorial.py
[2024-10-01T20:09:47.578+0700] {processor.py:914} INFO - Processing file /Users/prabowo.kadir/.pyenv/versions/3.8.18/lib/python3.8/site-packages/airflow/example_dags/tutorial.py for tasks to queue
[2024-10-01T20:09:47.579+0700] {logging_mixin.py:190} INFO - [2024-10-01T20:09:47.579+0700] {dagbag.py:588} INFO - Filling up the DagBag from /Users/prabowo.kadir/.pyenv/versions/3.8.18/lib/python3.8/site-packages/airflow/example_dags/tutorial.py
[2024-10-01T20:09:47.590+0700] {processor.py:925} INFO - DAG(s) 'tutorial' retrieved from /Users/prabowo.kadir/.pyenv/versions/3.8.18/lib/python3.8/site-packages/airflow/example_dags/tutorial.py
[2024-10-01T20:09:47.675+0700] {logging_mixin.py:190} INFO - [2024-10-01T20:09:47.674+0700] {dag.py:3239} INFO - Sync 1 DAGs
[2024-10-01T20:09:47.685+0700] {logging_mixin.py:190} INFO - [2024-10-01T20:09:47.685+0700] {dag.py:4180} INFO - Setting next_dagrun for tutorial to 2024-09-30 00:00:00+00:00, run_after=2024-10-01 00:00:00+00:00
[2024-10-01T20:09:47.696+0700] {processor.py:208} INFO - Processing /Users/prabowo.kadir/.pyenv/versions/3.8.18/lib/python3.8/site-packages/airflow/example_dags/tutorial.py took 0.122 seconds
[2024-10-01T20:12:16.931+0700] {processor.py:186} INFO - Started process (PID=52562) to work on /Users/prabowo.kadir/.pyenv/versions/3.8.18/lib/python3.8/site-packages/airflow/example_dags/tutorial.py
[2024-10-01T20:12:16.933+0700] {processor.py:914} INFO - Processing file /Users/prabowo.kadir/.pyenv/versions/3.8.18/lib/python3.8/site-packages/airflow/example_dags/tutorial.py for tasks to queue
[2024-10-01T20:12:16.933+0700] {logging_mixin.py:190} INFO - [2024-10-01T20:12:16.933+0700] {dagbag.py:588} INFO - Filling up the DagBag from /Users/prabowo.kadir/.pyenv/versions/3.8.18/lib/python3.8/site-packages/airflow/example_dags/tutorial.py
[2024-10-01T20:12:16.945+0700] {processor.py:925} INFO - DAG(s) 'tutorial' retrieved from /Users/prabowo.kadir/.pyenv/versions/3.8.18/lib/python3.8/site-packages/airflow/example_dags/tutorial.py
[2024-10-01T20:12:17.017+0700] {logging_mixin.py:190} INFO - [2024-10-01T20:12:17.017+0700] {dag.py:3239} INFO - Sync 1 DAGs
[2024-10-01T20:12:17.027+0700] {logging_mixin.py:190} INFO - [2024-10-01T20:12:17.027+0700] {dag.py:4180} INFO - Setting next_dagrun for tutorial to 2024-09-30 00:00:00+00:00, run_after=2024-10-01 00:00:00+00:00
[2024-10-01T20:12:17.037+0700] {processor.py:208} INFO - Processing /Users/prabowo.kadir/.pyenv/versions/3.8.18/lib/python3.8/site-packages/airflow/example_dags/tutorial.py took 0.107 seconds
