[2024-10-03T01:37:12.984+0700] {local_task_job_runner.py:123} INFO - ::group::Pre task execution logs
[2024-10-03T01:37:12.988+0700] {taskinstance.py:2612} INFO - Dependencies all met for dep_context=non-requeueable deps ti=<TaskInstance: example_xcom.push_by_returning scheduled__2021-01-01T00:00:00+00:00 [queued]>
[2024-10-03T01:37:12.990+0700] {taskinstance.py:2612} INFO - Dependencies all met for dep_context=requeueable deps ti=<TaskInstance: example_xcom.push_by_returning scheduled__2021-01-01T00:00:00+00:00 [queued]>
[2024-10-03T01:37:12.990+0700] {taskinstance.py:2865} INFO - Starting attempt 1 of 1
[2024-10-03T01:37:12.994+0700] {taskinstance.py:2888} INFO - Executing <Task(_PythonDecoratedOperator): push_by_returning> on 2021-01-01 00:00:00+00:00
[2024-10-03T01:37:12.997+0700] {standard_task_runner.py:72} INFO - Started process 1297 to run task
[2024-10-03T01:37:13.001+0700] {standard_task_runner.py:104} INFO - Running: ['airflow', 'tasks', 'run', 'example_xcom', 'push_by_returning', 'scheduled__2021-01-01T00:00:00+00:00', '--job-id', '3', '--raw', '--subdir', '/Library/Frameworks/Python.framework/Versions/3.10/lib/python3.10/site-packages/airflow/example_dags/example_xcom.py', '--cfg-path', '/var/folders/7q/shbx84812lsbq1v0bwdf2_5w0000gn/T/tmpj26spsqw']
[2024-10-03T01:37:13.001+0700] {standard_task_runner.py:105} INFO - Job 3: Subtask push_by_returning
[2024-10-03T01:37:13.017+0700] {task_command.py:467} INFO - Running <TaskInstance: example_xcom.push_by_returning scheduled__2021-01-01T00:00:00+00:00 [running]> on host muhammads-macbook-air.local
[2024-10-03T01:37:13.040+0700] {taskinstance.py:3131} INFO - Exporting env vars: AIRFLOW_CTX_DAG_OWNER='airflow' AIRFLOW_CTX_DAG_ID='example_xcom' AIRFLOW_CTX_TASK_ID='push_by_returning' AIRFLOW_CTX_EXECUTION_DATE='2021-01-01T00:00:00+00:00' AIRFLOW_CTX_TRY_NUMBER='1' AIRFLOW_CTX_DAG_RUN_ID='scheduled__2021-01-01T00:00:00+00:00'
[2024-10-03T01:37:13.040+0700] {logging_mixin.py:190} INFO - Task instance is in running state
[2024-10-03T01:37:13.041+0700] {logging_mixin.py:190} INFO -  Previous state of the Task instance: queued
[2024-10-03T01:37:13.041+0700] {logging_mixin.py:190} INFO - Current task name:push_by_returning state:running start_date:2024-10-02 18:37:12.988463+00:00
[2024-10-03T01:37:13.041+0700] {logging_mixin.py:190} INFO - Dag name:example_xcom and current dag run status:running
[2024-10-03T01:37:13.041+0700] {taskinstance.py:731} INFO - ::endgroup::
[2024-10-03T01:37:13.041+0700] {python.py:240} INFO - Done. Returned value was: {'a': 'b'}
[2024-10-03T01:37:13.046+0700] {taskinstance.py:340} INFO - ::group::Post task execution logs
[2024-10-03T01:37:13.046+0700] {taskinstance.py:352} INFO - Marking task as SUCCESS. dag_id=example_xcom, task_id=push_by_returning, run_id=scheduled__2021-01-01T00:00:00+00:00, execution_date=20210101T000000, start_date=20241002T183712, end_date=20241002T183713
[2024-10-03T01:37:13.049+0700] {logging_mixin.py:190} INFO - Task instance in success state
[2024-10-03T01:37:13.049+0700] {logging_mixin.py:190} INFO -  Previous state of the Task instance: running
[2024-10-03T01:37:13.049+0700] {logging_mixin.py:190} INFO - Dag name:example_xcom queued_at:2024-10-02 18:37:10.152741+00:00
[2024-10-03T01:37:13.049+0700] {logging_mixin.py:190} INFO - Task hostname:muhammads-macbook-air.local operator:_PythonDecoratedOperator
[2024-10-03T01:37:13.062+0700] {local_task_job_runner.py:266} INFO - Task exited with return code 0
[2024-10-03T01:37:13.070+0700] {taskinstance.py:3900} INFO - 0 downstream tasks scheduled from follow-on schedule check
[2024-10-03T01:37:13.070+0700] {local_task_job_runner.py:245} INFO - ::endgroup::
