[2024-10-03T01:37:17.017+0700] {local_task_job_runner.py:123} INFO - ::group::Pre task execution logs
[2024-10-03T01:37:17.021+0700] {taskinstance.py:2612} INFO - Dependencies all met for dep_context=non-requeueable deps ti=<TaskInstance: example_xcom.bash_pull scheduled__2021-01-01T00:00:00+00:00 [queued]>
[2024-10-03T01:37:17.023+0700] {taskinstance.py:2612} INFO - Dependencies all met for dep_context=requeueable deps ti=<TaskInstance: example_xcom.bash_pull scheduled__2021-01-01T00:00:00+00:00 [queued]>
[2024-10-03T01:37:17.023+0700] {taskinstance.py:2865} INFO - Starting attempt 1 of 1
[2024-10-03T01:37:17.027+0700] {taskinstance.py:2888} INFO - Executing <Task(BashOperator): bash_pull> on 2021-01-01 00:00:00+00:00
[2024-10-03T01:37:17.031+0700] {standard_task_runner.py:72} INFO - Started process 1306 to run task
[2024-10-03T01:37:17.034+0700] {standard_task_runner.py:104} INFO - Running: ['airflow', 'tasks', 'run', 'example_xcom', 'bash_pull', 'scheduled__2021-01-01T00:00:00+00:00', '--job-id', '5', '--raw', '--subdir', '/Library/Frameworks/Python.framework/Versions/3.10/lib/python3.10/site-packages/airflow/example_dags/example_xcom.py', '--cfg-path', '/var/folders/7q/shbx84812lsbq1v0bwdf2_5w0000gn/T/tmp13jb2a1y']
[2024-10-03T01:37:17.035+0700] {standard_task_runner.py:105} INFO - Job 5: Subtask bash_pull
[2024-10-03T01:37:17.052+0700] {task_command.py:467} INFO - Running <TaskInstance: example_xcom.bash_pull scheduled__2021-01-01T00:00:00+00:00 [running]> on host muhammads-macbook-air.local
[2024-10-03T01:37:17.080+0700] {taskinstance.py:3131} INFO - Exporting env vars: AIRFLOW_CTX_DAG_OWNER='airflow' AIRFLOW_CTX_DAG_ID='example_xcom' AIRFLOW_CTX_TASK_ID='bash_pull' AIRFLOW_CTX_EXECUTION_DATE='2021-01-01T00:00:00+00:00' AIRFLOW_CTX_TRY_NUMBER='1' AIRFLOW_CTX_DAG_RUN_ID='scheduled__2021-01-01T00:00:00+00:00'
[2024-10-03T01:37:17.080+0700] {logging_mixin.py:190} INFO - Task instance is in running state
[2024-10-03T01:37:17.080+0700] {logging_mixin.py:190} INFO -  Previous state of the Task instance: queued
[2024-10-03T01:37:17.081+0700] {logging_mixin.py:190} INFO - Current task name:bash_pull state:running start_date:2024-10-02 18:37:17.021815+00:00
[2024-10-03T01:37:17.081+0700] {logging_mixin.py:190} INFO - Dag name:example_xcom and current dag run status:running
[2024-10-03T01:37:17.081+0700] {taskinstance.py:731} INFO - ::endgroup::
[2024-10-03T01:37:17.081+0700] {subprocess.py:63} INFO - Tmp dir root location: /var/folders/7q/shbx84812lsbq1v0bwdf2_5w0000gn/T
[2024-10-03T01:37:17.082+0700] {subprocess.py:75} INFO - Running command: ['/bin/bash', '-c', 'echo "bash pull demo" && echo "The xcom pushed manually is manually_pushed_value" && echo "The returned_value xcom is value_by_return" && echo "finished"']
[2024-10-03T01:37:17.085+0700] {subprocess.py:86} INFO - Output:
[2024-10-03T01:37:17.087+0700] {subprocess.py:93} INFO - bash pull demo
[2024-10-03T01:37:17.087+0700] {subprocess.py:93} INFO - The xcom pushed manually is manually_pushed_value
[2024-10-03T01:37:17.087+0700] {subprocess.py:93} INFO - The returned_value xcom is value_by_return
[2024-10-03T01:37:17.088+0700] {subprocess.py:93} INFO - finished
[2024-10-03T01:37:17.088+0700] {subprocess.py:97} INFO - Command exited with return code 0
[2024-10-03T01:37:17.091+0700] {taskinstance.py:340} INFO - ::group::Post task execution logs
[2024-10-03T01:37:17.092+0700] {taskinstance.py:352} INFO - Marking task as SUCCESS. dag_id=example_xcom, task_id=bash_pull, run_id=scheduled__2021-01-01T00:00:00+00:00, execution_date=20210101T000000, start_date=20241002T183717, end_date=20241002T183717
[2024-10-03T01:37:17.095+0700] {logging_mixin.py:190} INFO - Task instance in success state
[2024-10-03T01:37:17.095+0700] {logging_mixin.py:190} INFO -  Previous state of the Task instance: running
[2024-10-03T01:37:17.095+0700] {logging_mixin.py:190} INFO - Dag name:example_xcom queued_at:2024-10-02 18:37:10.152741+00:00
[2024-10-03T01:37:17.095+0700] {logging_mixin.py:190} INFO - Task hostname:muhammads-macbook-air.local operator:BashOperator
[2024-10-03T01:37:17.138+0700] {local_task_job_runner.py:266} INFO - Task exited with return code 0
[2024-10-03T01:37:17.144+0700] {taskinstance.py:3900} INFO - 0 downstream tasks scheduled from follow-on schedule check
[2024-10-03T01:37:17.144+0700] {local_task_job_runner.py:245} INFO - ::endgroup::
