[2024-10-03T19:22:41.700+0700] {processor.py:186} INFO - Started process (PID=89869) to work on /Users/prabowo.kadir/.pyenv/versions/3.8.18/lib/python3.8/site-packages/airflow/example_dags/example_trigger_target_dag.py
[2024-10-03T19:22:41.701+0700] {processor.py:914} INFO - Processing file /Users/prabowo.kadir/.pyenv/versions/3.8.18/lib/python3.8/site-packages/airflow/example_dags/example_trigger_target_dag.py for tasks to queue
[2024-10-03T19:22:41.702+0700] {logging_mixin.py:190} INFO - [2024-10-03T19:22:41.701+0700] {dagbag.py:588} INFO - Filling up the DagBag from /Users/prabowo.kadir/.pyenv/versions/3.8.18/lib/python3.8/site-packages/airflow/example_dags/example_trigger_target_dag.py
[2024-10-03T19:22:41.747+0700] {processor.py:925} INFO - DAG(s) 'example_trigger_target_dag' retrieved from /Users/prabowo.kadir/.pyenv/versions/3.8.18/lib/python3.8/site-packages/airflow/example_dags/example_trigger_target_dag.py
[2024-10-03T19:22:41.793+0700] {logging_mixin.py:190} INFO - [2024-10-03T19:22:41.792+0700] {dag.py:3239} INFO - Sync 1 DAGs
[2024-10-03T19:22:41.797+0700] {logging_mixin.py:190} INFO - [2024-10-03T19:22:41.797+0700] {dag.py:4180} INFO - Setting next_dagrun for example_trigger_target_dag to None, run_after=None
[2024-10-03T19:22:41.807+0700] {processor.py:208} INFO - Processing /Users/prabowo.kadir/.pyenv/versions/3.8.18/lib/python3.8/site-packages/airflow/example_dags/example_trigger_target_dag.py took 0.108 seconds
[2024-10-03T19:25:34.616+0700] {processor.py:186} INFO - Started process (PID=90148) to work on /Users/prabowo.kadir/.pyenv/versions/3.8.18/lib/python3.8/site-packages/airflow/example_dags/example_trigger_target_dag.py
[2024-10-03T19:25:34.620+0700] {processor.py:914} INFO - Processing file /Users/prabowo.kadir/.pyenv/versions/3.8.18/lib/python3.8/site-packages/airflow/example_dags/example_trigger_target_dag.py for tasks to queue
[2024-10-03T19:25:34.620+0700] {logging_mixin.py:190} INFO - [2024-10-03T19:25:34.620+0700] {dagbag.py:588} INFO - Filling up the DagBag from /Users/prabowo.kadir/.pyenv/versions/3.8.18/lib/python3.8/site-packages/airflow/example_dags/example_trigger_target_dag.py
[2024-10-03T19:25:34.696+0700] {processor.py:925} INFO - DAG(s) 'example_trigger_target_dag' retrieved from /Users/prabowo.kadir/.pyenv/versions/3.8.18/lib/python3.8/site-packages/airflow/example_dags/example_trigger_target_dag.py
[2024-10-03T19:25:34.747+0700] {logging_mixin.py:190} INFO - [2024-10-03T19:25:34.747+0700] {dag.py:3239} INFO - Sync 1 DAGs
[2024-10-03T19:25:34.752+0700] {logging_mixin.py:190} INFO - [2024-10-03T19:25:34.752+0700] {dag.py:4180} INFO - Setting next_dagrun for example_trigger_target_dag to None, run_after=None
[2024-10-03T19:25:34.762+0700] {processor.py:208} INFO - Processing /Users/prabowo.kadir/.pyenv/versions/3.8.18/lib/python3.8/site-packages/airflow/example_dags/example_trigger_target_dag.py took 0.148 seconds
[2024-10-03T19:27:48.492+0700] {processor.py:186} INFO - Started process (PID=90357) to work on /Users/prabowo.kadir/.pyenv/versions/3.8.18/lib/python3.8/site-packages/airflow/example_dags/example_trigger_target_dag.py
[2024-10-03T19:27:48.494+0700] {processor.py:914} INFO - Processing file /Users/prabowo.kadir/.pyenv/versions/3.8.18/lib/python3.8/site-packages/airflow/example_dags/example_trigger_target_dag.py for tasks to queue
[2024-10-03T19:27:48.494+0700] {logging_mixin.py:190} INFO - [2024-10-03T19:27:48.494+0700] {dagbag.py:588} INFO - Filling up the DagBag from /Users/prabowo.kadir/.pyenv/versions/3.8.18/lib/python3.8/site-packages/airflow/example_dags/example_trigger_target_dag.py
[2024-10-03T19:27:48.554+0700] {processor.py:925} INFO - DAG(s) 'example_trigger_target_dag' retrieved from /Users/prabowo.kadir/.pyenv/versions/3.8.18/lib/python3.8/site-packages/airflow/example_dags/example_trigger_target_dag.py
[2024-10-03T19:27:48.603+0700] {logging_mixin.py:190} INFO - [2024-10-03T19:27:48.603+0700] {dag.py:3239} INFO - Sync 1 DAGs
[2024-10-03T19:27:48.607+0700] {logging_mixin.py:190} INFO - [2024-10-03T19:27:48.607+0700] {dag.py:4180} INFO - Setting next_dagrun for example_trigger_target_dag to None, run_after=None
[2024-10-03T19:27:48.619+0700] {processor.py:208} INFO - Processing /Users/prabowo.kadir/.pyenv/versions/3.8.18/lib/python3.8/site-packages/airflow/example_dags/example_trigger_target_dag.py took 0.130 seconds
