[2024-10-03T19:22:55.361+0700] {processor.py:186} INFO - Started process (PID=89896) to work on /Users/prabowo.kadir/.pyenv/versions/3.8.18/lib/python3.8/site-packages/airflow/example_dags/example_sla_dag.py
[2024-10-03T19:22:55.362+0700] {processor.py:914} INFO - Processing file /Users/prabowo.kadir/.pyenv/versions/3.8.18/lib/python3.8/site-packages/airflow/example_dags/example_sla_dag.py for tasks to queue
[2024-10-03T19:22:55.362+0700] {logging_mixin.py:190} INFO - [2024-10-03T19:22:55.362+0700] {dagbag.py:588} INFO - Filling up the DagBag from /Users/prabowo.kadir/.pyenv/versions/3.8.18/lib/python3.8/site-packages/airflow/example_dags/example_sla_dag.py
[2024-10-03T19:22:55.426+0700] {processor.py:925} INFO - DAG(s) 'example_sla_dag' retrieved from /Users/prabowo.kadir/.pyenv/versions/3.8.18/lib/python3.8/site-packages/airflow/example_dags/example_sla_dag.py
[2024-10-03T19:22:55.473+0700] {logging_mixin.py:190} INFO - [2024-10-03T19:22:55.473+0700] {dag.py:3239} INFO - Sync 1 DAGs
[2024-10-03T19:22:55.489+0700] {logging_mixin.py:190} INFO - [2024-10-03T19:22:55.489+0700] {dag.py:4180} INFO - Setting next_dagrun for example_sla_dag to 2024-10-03 12:20:00+00:00, run_after=2024-10-03 12:22:00+00:00
[2024-10-03T19:22:55.501+0700] {processor.py:208} INFO - Processing /Users/prabowo.kadir/.pyenv/versions/3.8.18/lib/python3.8/site-packages/airflow/example_dags/example_sla_dag.py took 0.141 seconds
[2024-10-03T19:25:54.705+0700] {processor.py:186} INFO - Started process (PID=90185) to work on /Users/prabowo.kadir/.pyenv/versions/3.8.18/lib/python3.8/site-packages/airflow/example_dags/example_sla_dag.py
[2024-10-03T19:25:54.706+0700] {processor.py:914} INFO - Processing file /Users/prabowo.kadir/.pyenv/versions/3.8.18/lib/python3.8/site-packages/airflow/example_dags/example_sla_dag.py for tasks to queue
[2024-10-03T19:25:54.707+0700] {logging_mixin.py:190} INFO - [2024-10-03T19:25:54.707+0700] {dagbag.py:588} INFO - Filling up the DagBag from /Users/prabowo.kadir/.pyenv/versions/3.8.18/lib/python3.8/site-packages/airflow/example_dags/example_sla_dag.py
[2024-10-03T19:25:54.753+0700] {processor.py:925} INFO - DAG(s) 'example_sla_dag' retrieved from /Users/prabowo.kadir/.pyenv/versions/3.8.18/lib/python3.8/site-packages/airflow/example_dags/example_sla_dag.py
[2024-10-03T19:25:54.797+0700] {logging_mixin.py:190} INFO - [2024-10-03T19:25:54.797+0700] {dag.py:3239} INFO - Sync 1 DAGs
[2024-10-03T19:25:54.805+0700] {logging_mixin.py:190} INFO - [2024-10-03T19:25:54.805+0700] {dag.py:4180} INFO - Setting next_dagrun for example_sla_dag to 2024-10-03 12:22:00+00:00, run_after=2024-10-03 12:24:00+00:00
[2024-10-03T19:25:54.853+0700] {processor.py:208} INFO - Processing /Users/prabowo.kadir/.pyenv/versions/3.8.18/lib/python3.8/site-packages/airflow/example_dags/example_sla_dag.py took 0.149 seconds
[2024-10-03T19:28:08.576+0700] {processor.py:186} INFO - Started process (PID=90375) to work on /Users/prabowo.kadir/.pyenv/versions/3.8.18/lib/python3.8/site-packages/airflow/example_dags/example_sla_dag.py
[2024-10-03T19:28:08.578+0700] {processor.py:914} INFO - Processing file /Users/prabowo.kadir/.pyenv/versions/3.8.18/lib/python3.8/site-packages/airflow/example_dags/example_sla_dag.py for tasks to queue
[2024-10-03T19:28:08.578+0700] {logging_mixin.py:190} INFO - [2024-10-03T19:28:08.578+0700] {dagbag.py:588} INFO - Filling up the DagBag from /Users/prabowo.kadir/.pyenv/versions/3.8.18/lib/python3.8/site-packages/airflow/example_dags/example_sla_dag.py
[2024-10-03T19:28:08.644+0700] {processor.py:925} INFO - DAG(s) 'example_sla_dag' retrieved from /Users/prabowo.kadir/.pyenv/versions/3.8.18/lib/python3.8/site-packages/airflow/example_dags/example_sla_dag.py
[2024-10-03T19:28:08.691+0700] {logging_mixin.py:190} INFO - [2024-10-03T19:28:08.691+0700] {dag.py:3239} INFO - Sync 1 DAGs
[2024-10-03T19:28:08.702+0700] {logging_mixin.py:190} INFO - [2024-10-03T19:28:08.702+0700] {dag.py:4180} INFO - Setting next_dagrun for example_sla_dag to 2024-10-03 12:26:00+00:00, run_after=2024-10-03 12:28:00+00:00
[2024-10-03T19:28:08.715+0700] {processor.py:208} INFO - Processing /Users/prabowo.kadir/.pyenv/versions/3.8.18/lib/python3.8/site-packages/airflow/example_dags/example_sla_dag.py took 0.141 seconds
[2024-10-03T19:29:53.011+0700] {processor.py:186} INFO - Started process (PID=90707) to work on /Users/prabowo.kadir/.pyenv/versions/3.8.18/lib/python3.8/site-packages/airflow/example_dags/example_sla_dag.py
[2024-10-03T19:29:53.012+0700] {processor.py:914} INFO - Processing file /Users/prabowo.kadir/.pyenv/versions/3.8.18/lib/python3.8/site-packages/airflow/example_dags/example_sla_dag.py for tasks to queue
[2024-10-03T19:29:53.012+0700] {logging_mixin.py:190} INFO - [2024-10-03T19:29:53.012+0700] {dagbag.py:588} INFO - Filling up the DagBag from /Users/prabowo.kadir/.pyenv/versions/3.8.18/lib/python3.8/site-packages/airflow/example_dags/example_sla_dag.py
[2024-10-03T19:29:53.062+0700] {processor.py:925} INFO - DAG(s) 'example_sla_dag' retrieved from /Users/prabowo.kadir/.pyenv/versions/3.8.18/lib/python3.8/site-packages/airflow/example_dags/example_sla_dag.py
[2024-10-03T19:29:53.110+0700] {logging_mixin.py:190} INFO - [2024-10-03T19:29:53.110+0700] {dag.py:3239} INFO - Sync 1 DAGs
[2024-10-03T19:29:53.123+0700] {logging_mixin.py:190} INFO - [2024-10-03T19:29:53.123+0700] {dag.py:4180} INFO - Setting next_dagrun for example_sla_dag to 2024-10-03 12:26:00+00:00, run_after=2024-10-03 12:28:00+00:00
[2024-10-03T19:29:53.138+0700] {processor.py:208} INFO - Processing /Users/prabowo.kadir/.pyenv/versions/3.8.18/lib/python3.8/site-packages/airflow/example_dags/example_sla_dag.py took 0.129 seconds
[2024-10-03T19:31:54.653+0700] {processor.py:186} INFO - Started process (PID=91073) to work on /Users/prabowo.kadir/.pyenv/versions/3.8.18/lib/python3.8/site-packages/airflow/example_dags/example_sla_dag.py
[2024-10-03T19:31:54.654+0700] {processor.py:914} INFO - Processing file /Users/prabowo.kadir/.pyenv/versions/3.8.18/lib/python3.8/site-packages/airflow/example_dags/example_sla_dag.py for tasks to queue
[2024-10-03T19:31:54.654+0700] {logging_mixin.py:190} INFO - [2024-10-03T19:31:54.654+0700] {dagbag.py:588} INFO - Filling up the DagBag from /Users/prabowo.kadir/.pyenv/versions/3.8.18/lib/python3.8/site-packages/airflow/example_dags/example_sla_dag.py
[2024-10-03T19:31:54.716+0700] {processor.py:925} INFO - DAG(s) 'example_sla_dag' retrieved from /Users/prabowo.kadir/.pyenv/versions/3.8.18/lib/python3.8/site-packages/airflow/example_dags/example_sla_dag.py
[2024-10-03T19:31:54.764+0700] {logging_mixin.py:190} INFO - [2024-10-03T19:31:54.764+0700] {dag.py:3239} INFO - Sync 1 DAGs
[2024-10-03T19:31:54.776+0700] {logging_mixin.py:190} INFO - [2024-10-03T19:31:54.776+0700] {dag.py:4180} INFO - Setting next_dagrun for example_sla_dag to 2024-10-03 12:28:00+00:00, run_after=2024-10-03 12:30:00+00:00
[2024-10-03T19:31:54.788+0700] {processor.py:208} INFO - Processing /Users/prabowo.kadir/.pyenv/versions/3.8.18/lib/python3.8/site-packages/airflow/example_dags/example_sla_dag.py took 0.138 seconds
