[2024-10-03T19:23:06.047+0700] {processor.py:186} INFO - Started process (PID=89916) to work on /Users/prabowo.kadir/.pyenv/versions/3.8.18/lib/python3.8/site-packages/airflow/example_dags/example_setup_teardown.py
[2024-10-03T19:23:06.048+0700] {processor.py:914} INFO - Processing file /Users/prabowo.kadir/.pyenv/versions/3.8.18/lib/python3.8/site-packages/airflow/example_dags/example_setup_teardown.py for tasks to queue
[2024-10-03T19:23:06.048+0700] {logging_mixin.py:190} INFO - [2024-10-03T19:23:06.048+0700] {dagbag.py:588} INFO - Filling up the DagBag from /Users/prabowo.kadir/.pyenv/versions/3.8.18/lib/python3.8/site-packages/airflow/example_dags/example_setup_teardown.py
[2024-10-03T19:23:06.055+0700] {processor.py:925} INFO - DAG(s) 'example_setup_teardown' retrieved from /Users/prabowo.kadir/.pyenv/versions/3.8.18/lib/python3.8/site-packages/airflow/example_dags/example_setup_teardown.py
[2024-10-03T19:23:06.124+0700] {logging_mixin.py:190} INFO - [2024-10-03T19:23:06.124+0700] {dag.py:3239} INFO - Sync 1 DAGs
[2024-10-03T19:23:06.129+0700] {logging_mixin.py:190} INFO - [2024-10-03T19:23:06.129+0700] {dag.py:4180} INFO - Setting next_dagrun for example_setup_teardown to None, run_after=None
[2024-10-03T19:23:06.137+0700] {processor.py:208} INFO - Processing /Users/prabowo.kadir/.pyenv/versions/3.8.18/lib/python3.8/site-packages/airflow/example_dags/example_setup_teardown.py took 0.092 seconds
[2024-10-03T19:26:08.952+0700] {processor.py:186} INFO - Started process (PID=90228) to work on /Users/prabowo.kadir/.pyenv/versions/3.8.18/lib/python3.8/site-packages/airflow/example_dags/example_setup_teardown.py
[2024-10-03T19:26:08.952+0700] {processor.py:914} INFO - Processing file /Users/prabowo.kadir/.pyenv/versions/3.8.18/lib/python3.8/site-packages/airflow/example_dags/example_setup_teardown.py for tasks to queue
[2024-10-03T19:26:08.953+0700] {logging_mixin.py:190} INFO - [2024-10-03T19:26:08.953+0700] {dagbag.py:588} INFO - Filling up the DagBag from /Users/prabowo.kadir/.pyenv/versions/3.8.18/lib/python3.8/site-packages/airflow/example_dags/example_setup_teardown.py
[2024-10-03T19:26:08.959+0700] {processor.py:925} INFO - DAG(s) 'example_setup_teardown' retrieved from /Users/prabowo.kadir/.pyenv/versions/3.8.18/lib/python3.8/site-packages/airflow/example_dags/example_setup_teardown.py
[2024-10-03T19:26:09.025+0700] {logging_mixin.py:190} INFO - [2024-10-03T19:26:09.025+0700] {dag.py:3239} INFO - Sync 1 DAGs
[2024-10-03T19:26:09.030+0700] {logging_mixin.py:190} INFO - [2024-10-03T19:26:09.030+0700] {dag.py:4180} INFO - Setting next_dagrun for example_setup_teardown to None, run_after=None
[2024-10-03T19:26:09.038+0700] {processor.py:208} INFO - Processing /Users/prabowo.kadir/.pyenv/versions/3.8.18/lib/python3.8/site-packages/airflow/example_dags/example_setup_teardown.py took 0.088 seconds
[2024-10-03T19:28:24.048+0700] {processor.py:186} INFO - Started process (PID=90400) to work on /Users/prabowo.kadir/.pyenv/versions/3.8.18/lib/python3.8/site-packages/airflow/example_dags/example_setup_teardown.py
[2024-10-03T19:28:24.050+0700] {processor.py:914} INFO - Processing file /Users/prabowo.kadir/.pyenv/versions/3.8.18/lib/python3.8/site-packages/airflow/example_dags/example_setup_teardown.py for tasks to queue
[2024-10-03T19:28:24.050+0700] {logging_mixin.py:190} INFO - [2024-10-03T19:28:24.050+0700] {dagbag.py:588} INFO - Filling up the DagBag from /Users/prabowo.kadir/.pyenv/versions/3.8.18/lib/python3.8/site-packages/airflow/example_dags/example_setup_teardown.py
[2024-10-03T19:28:24.059+0700] {processor.py:925} INFO - DAG(s) 'example_setup_teardown' retrieved from /Users/prabowo.kadir/.pyenv/versions/3.8.18/lib/python3.8/site-packages/airflow/example_dags/example_setup_teardown.py
[2024-10-03T19:28:24.138+0700] {logging_mixin.py:190} INFO - [2024-10-03T19:28:24.138+0700] {dag.py:3239} INFO - Sync 1 DAGs
[2024-10-03T19:28:24.143+0700] {logging_mixin.py:190} INFO - [2024-10-03T19:28:24.143+0700] {dag.py:4180} INFO - Setting next_dagrun for example_setup_teardown to None, run_after=None
[2024-10-03T19:28:24.157+0700] {processor.py:208} INFO - Processing /Users/prabowo.kadir/.pyenv/versions/3.8.18/lib/python3.8/site-packages/airflow/example_dags/example_setup_teardown.py took 0.111 seconds
[2024-10-03T19:30:04.418+0700] {processor.py:186} INFO - Started process (PID=90762) to work on /Users/prabowo.kadir/.pyenv/versions/3.8.18/lib/python3.8/site-packages/airflow/example_dags/example_setup_teardown.py
[2024-10-03T19:30:04.419+0700] {processor.py:914} INFO - Processing file /Users/prabowo.kadir/.pyenv/versions/3.8.18/lib/python3.8/site-packages/airflow/example_dags/example_setup_teardown.py for tasks to queue
[2024-10-03T19:30:04.419+0700] {logging_mixin.py:190} INFO - [2024-10-03T19:30:04.419+0700] {dagbag.py:588} INFO - Filling up the DagBag from /Users/prabowo.kadir/.pyenv/versions/3.8.18/lib/python3.8/site-packages/airflow/example_dags/example_setup_teardown.py
[2024-10-03T19:30:04.425+0700] {processor.py:925} INFO - DAG(s) 'example_setup_teardown' retrieved from /Users/prabowo.kadir/.pyenv/versions/3.8.18/lib/python3.8/site-packages/airflow/example_dags/example_setup_teardown.py
[2024-10-03T19:30:04.494+0700] {logging_mixin.py:190} INFO - [2024-10-03T19:30:04.494+0700] {dag.py:3239} INFO - Sync 1 DAGs
[2024-10-03T19:30:04.498+0700] {logging_mixin.py:190} INFO - [2024-10-03T19:30:04.498+0700] {dag.py:4180} INFO - Setting next_dagrun for example_setup_teardown to None, run_after=None
[2024-10-03T19:30:04.512+0700] {processor.py:208} INFO - Processing /Users/prabowo.kadir/.pyenv/versions/3.8.18/lib/python3.8/site-packages/airflow/example_dags/example_setup_teardown.py took 0.096 seconds
[2024-10-03T19:32:07.829+0700] {processor.py:186} INFO - Started process (PID=91253) to work on /Users/prabowo.kadir/.pyenv/versions/3.8.18/lib/python3.8/site-packages/airflow/example_dags/example_setup_teardown.py
[2024-10-03T19:32:07.830+0700] {processor.py:914} INFO - Processing file /Users/prabowo.kadir/.pyenv/versions/3.8.18/lib/python3.8/site-packages/airflow/example_dags/example_setup_teardown.py for tasks to queue
[2024-10-03T19:32:07.831+0700] {logging_mixin.py:190} INFO - [2024-10-03T19:32:07.831+0700] {dagbag.py:588} INFO - Filling up the DagBag from /Users/prabowo.kadir/.pyenv/versions/3.8.18/lib/python3.8/site-packages/airflow/example_dags/example_setup_teardown.py
[2024-10-03T19:32:07.837+0700] {processor.py:925} INFO - DAG(s) 'example_setup_teardown' retrieved from /Users/prabowo.kadir/.pyenv/versions/3.8.18/lib/python3.8/site-packages/airflow/example_dags/example_setup_teardown.py
