[2024-10-03T19:22:44.077+0700] {processor.py:186} INFO - Started process (PID=89874) to work on /Users/prabowo.kadir/.pyenv/versions/3.8.18/lib/python3.8/site-packages/airflow/example_dags/example_trigger_controller_dag.py
[2024-10-03T19:22:44.077+0700] {processor.py:914} INFO - Processing file /Users/prabowo.kadir/.pyenv/versions/3.8.18/lib/python3.8/site-packages/airflow/example_dags/example_trigger_controller_dag.py for tasks to queue
[2024-10-03T19:22:44.078+0700] {logging_mixin.py:190} INFO - [2024-10-03T19:22:44.078+0700] {dagbag.py:588} INFO - Filling up the DagBag from /Users/prabowo.kadir/.pyenv/versions/3.8.18/lib/python3.8/site-packages/airflow/example_dags/example_trigger_controller_dag.py
[2024-10-03T19:22:44.090+0700] {processor.py:925} INFO - DAG(s) 'example_trigger_controller_dag' retrieved from /Users/prabowo.kadir/.pyenv/versions/3.8.18/lib/python3.8/site-packages/airflow/example_dags/example_trigger_controller_dag.py
[2024-10-03T19:22:44.162+0700] {logging_mixin.py:190} INFO - [2024-10-03T19:22:44.162+0700] {dag.py:3239} INFO - Sync 1 DAGs
[2024-10-03T19:22:44.169+0700] {logging_mixin.py:190} INFO - [2024-10-03T19:22:44.169+0700] {dag.py:4180} INFO - Setting next_dagrun for example_trigger_controller_dag to 2021-01-01 00:00:00+00:00, run_after=2021-01-01 00:00:00+00:00
[2024-10-03T19:22:44.177+0700] {processor.py:208} INFO - Processing /Users/prabowo.kadir/.pyenv/versions/3.8.18/lib/python3.8/site-packages/airflow/example_dags/example_trigger_controller_dag.py took 0.102 seconds
[2024-10-03T19:25:36.872+0700] {processor.py:186} INFO - Started process (PID=90151) to work on /Users/prabowo.kadir/.pyenv/versions/3.8.18/lib/python3.8/site-packages/airflow/example_dags/example_trigger_controller_dag.py
[2024-10-03T19:25:36.873+0700] {processor.py:914} INFO - Processing file /Users/prabowo.kadir/.pyenv/versions/3.8.18/lib/python3.8/site-packages/airflow/example_dags/example_trigger_controller_dag.py for tasks to queue
[2024-10-03T19:25:36.873+0700] {logging_mixin.py:190} INFO - [2024-10-03T19:25:36.873+0700] {dagbag.py:588} INFO - Filling up the DagBag from /Users/prabowo.kadir/.pyenv/versions/3.8.18/lib/python3.8/site-packages/airflow/example_dags/example_trigger_controller_dag.py
[2024-10-03T19:25:36.883+0700] {processor.py:925} INFO - DAG(s) 'example_trigger_controller_dag' retrieved from /Users/prabowo.kadir/.pyenv/versions/3.8.18/lib/python3.8/site-packages/airflow/example_dags/example_trigger_controller_dag.py
[2024-10-03T19:25:36.947+0700] {logging_mixin.py:190} INFO - [2024-10-03T19:25:36.947+0700] {dag.py:3239} INFO - Sync 1 DAGs
[2024-10-03T19:25:36.954+0700] {logging_mixin.py:190} INFO - [2024-10-03T19:25:36.954+0700] {dag.py:4180} INFO - Setting next_dagrun for example_trigger_controller_dag to 2021-01-01 00:00:00+00:00, run_after=2021-01-01 00:00:00+00:00
[2024-10-03T19:25:36.966+0700] {processor.py:208} INFO - Processing /Users/prabowo.kadir/.pyenv/versions/3.8.18/lib/python3.8/site-packages/airflow/example_dags/example_trigger_controller_dag.py took 0.097 seconds
[2024-10-03T19:27:51.467+0700] {processor.py:186} INFO - Started process (PID=90360) to work on /Users/prabowo.kadir/.pyenv/versions/3.8.18/lib/python3.8/site-packages/airflow/example_dags/example_trigger_controller_dag.py
[2024-10-03T19:27:51.469+0700] {processor.py:914} INFO - Processing file /Users/prabowo.kadir/.pyenv/versions/3.8.18/lib/python3.8/site-packages/airflow/example_dags/example_trigger_controller_dag.py for tasks to queue
[2024-10-03T19:27:51.469+0700] {logging_mixin.py:190} INFO - [2024-10-03T19:27:51.469+0700] {dagbag.py:588} INFO - Filling up the DagBag from /Users/prabowo.kadir/.pyenv/versions/3.8.18/lib/python3.8/site-packages/airflow/example_dags/example_trigger_controller_dag.py
[2024-10-03T19:27:51.484+0700] {processor.py:925} INFO - DAG(s) 'example_trigger_controller_dag' retrieved from /Users/prabowo.kadir/.pyenv/versions/3.8.18/lib/python3.8/site-packages/airflow/example_dags/example_trigger_controller_dag.py
[2024-10-03T19:27:51.550+0700] {logging_mixin.py:190} INFO - [2024-10-03T19:27:51.550+0700] {dag.py:3239} INFO - Sync 1 DAGs
[2024-10-03T19:27:51.557+0700] {logging_mixin.py:190} INFO - [2024-10-03T19:27:51.557+0700] {dag.py:4180} INFO - Setting next_dagrun for example_trigger_controller_dag to 2021-01-01 00:00:00+00:00, run_after=2021-01-01 00:00:00+00:00
[2024-10-03T19:27:51.569+0700] {processor.py:208} INFO - Processing /Users/prabowo.kadir/.pyenv/versions/3.8.18/lib/python3.8/site-packages/airflow/example_dags/example_trigger_controller_dag.py took 0.104 seconds
