[2024-10-03T19:24:05.291+0700] {processor.py:186} INFO - Started process (PID=89978) to work on /Users/prabowo.kadir/.pyenv/versions/3.8.18/lib/python3.8/site-packages/airflow/example_dags/example_datasets.py
[2024-10-03T19:24:05.293+0700] {processor.py:914} INFO - Processing file /Users/prabowo.kadir/.pyenv/versions/3.8.18/lib/python3.8/site-packages/airflow/example_dags/example_datasets.py for tasks to queue
[2024-10-03T19:24:05.294+0700] {logging_mixin.py:190} INFO - [2024-10-03T19:24:05.294+0700] {dagbag.py:588} INFO - Filling up the DagBag from /Users/prabowo.kadir/.pyenv/versions/3.8.18/lib/python3.8/site-packages/airflow/example_dags/example_datasets.py
[2024-10-03T19:24:05.455+0700] {processor.py:925} INFO - DAG(s) 'dataset_produces_2', 'consume_1_and_2_with_dataset_expressions', 'dataset_produces_1', 'dataset_consumes_1_and_2', 'consume_1_or_both_2_and_3_with_dataset_expressions', 'consume_1_or_2_with_dataset_expressions', 'dataset_consumes_1_never_scheduled', 'dataset_consumes_unknown_never_scheduled', 'conditional_dataset_and_time_based_timetable', 'dataset_consumes_1' retrieved from /Users/prabowo.kadir/.pyenv/versions/3.8.18/lib/python3.8/site-packages/airflow/example_dags/example_datasets.py
[2024-10-03T19:24:05.555+0700] {logging_mixin.py:190} INFO - [2024-10-03T19:24:05.555+0700] {dag.py:3239} INFO - Sync 10 DAGs
[2024-10-03T19:24:05.564+0700] {logging_mixin.py:190} INFO - [2024-10-03T19:24:05.564+0700] {dag.py:4180} INFO - Setting next_dagrun for conditional_dataset_and_time_based_timetable to 2024-10-02 01:00:00+00:00, run_after=2024-10-02 01:00:00+00:00
[2024-10-03T19:24:05.565+0700] {logging_mixin.py:190} INFO - [2024-10-03T19:24:05.565+0700] {dag.py:4180} INFO - Setting next_dagrun for consume_1_and_2_with_dataset_expressions to None, run_after=None
[2024-10-03T19:24:05.566+0700] {logging_mixin.py:190} INFO - [2024-10-03T19:24:05.566+0700] {dag.py:4180} INFO - Setting next_dagrun for consume_1_or_2_with_dataset_expressions to None, run_after=None
[2024-10-03T19:24:05.566+0700] {logging_mixin.py:190} INFO - [2024-10-03T19:24:05.566+0700] {dag.py:4180} INFO - Setting next_dagrun for consume_1_or_both_2_and_3_with_dataset_expressions to None, run_after=None
[2024-10-03T19:24:05.566+0700] {logging_mixin.py:190} INFO - [2024-10-03T19:24:05.566+0700] {dag.py:4180} INFO - Setting next_dagrun for dataset_consumes_1 to None, run_after=None
[2024-10-03T19:24:05.567+0700] {logging_mixin.py:190} INFO - [2024-10-03T19:24:05.567+0700] {dag.py:4180} INFO - Setting next_dagrun for dataset_consumes_1_and_2 to None, run_after=None
[2024-10-03T19:24:05.567+0700] {logging_mixin.py:190} INFO - [2024-10-03T19:24:05.567+0700] {dag.py:4180} INFO - Setting next_dagrun for dataset_consumes_1_never_scheduled to None, run_after=None
[2024-10-03T19:24:05.567+0700] {logging_mixin.py:190} INFO - [2024-10-03T19:24:05.567+0700] {dag.py:4180} INFO - Setting next_dagrun for dataset_consumes_unknown_never_scheduled to None, run_after=None
[2024-10-03T19:24:05.568+0700] {logging_mixin.py:190} INFO - [2024-10-03T19:24:05.568+0700] {dag.py:4180} INFO - Setting next_dagrun for dataset_produces_1 to 2024-10-02 00:00:00+00:00, run_after=2024-10-03 00:00:00+00:00
[2024-10-03T19:24:05.568+0700] {logging_mixin.py:190} INFO - [2024-10-03T19:24:05.568+0700] {dag.py:4180} INFO - Setting next_dagrun for dataset_produces_2 to None, run_after=None
[2024-10-03T19:24:05.582+0700] {processor.py:208} INFO - Processing /Users/prabowo.kadir/.pyenv/versions/3.8.18/lib/python3.8/site-packages/airflow/example_dags/example_datasets.py took 0.295 seconds
[2024-10-03T19:27:02.097+0700] {processor.py:186} INFO - Started process (PID=90300) to work on /Users/prabowo.kadir/.pyenv/versions/3.8.18/lib/python3.8/site-packages/airflow/example_dags/example_datasets.py
[2024-10-03T19:27:02.098+0700] {processor.py:914} INFO - Processing file /Users/prabowo.kadir/.pyenv/versions/3.8.18/lib/python3.8/site-packages/airflow/example_dags/example_datasets.py for tasks to queue
[2024-10-03T19:27:02.098+0700] {logging_mixin.py:190} INFO - [2024-10-03T19:27:02.098+0700] {dagbag.py:588} INFO - Filling up the DagBag from /Users/prabowo.kadir/.pyenv/versions/3.8.18/lib/python3.8/site-packages/airflow/example_dags/example_datasets.py
[2024-10-03T19:27:02.173+0700] {processor.py:925} INFO - DAG(s) 'dataset_consumes_unknown_never_scheduled', 'consume_1_or_2_with_dataset_expressions', 'consume_1_and_2_with_dataset_expressions', 'consume_1_or_both_2_and_3_with_dataset_expressions', 'conditional_dataset_and_time_based_timetable', 'dataset_consumes_1_and_2', 'dataset_consumes_1_never_scheduled', 'dataset_consumes_1', 'dataset_produces_1', 'dataset_produces_2' retrieved from /Users/prabowo.kadir/.pyenv/versions/3.8.18/lib/python3.8/site-packages/airflow/example_dags/example_datasets.py
[2024-10-03T19:27:02.253+0700] {logging_mixin.py:190} INFO - [2024-10-03T19:27:02.253+0700] {dag.py:3239} INFO - Sync 10 DAGs
[2024-10-03T19:27:02.261+0700] {logging_mixin.py:190} INFO - [2024-10-03T19:27:02.261+0700] {dag.py:4180} INFO - Setting next_dagrun for conditional_dataset_and_time_based_timetable to 2024-10-02 01:00:00+00:00, run_after=2024-10-02 01:00:00+00:00
[2024-10-03T19:27:02.263+0700] {logging_mixin.py:190} INFO - [2024-10-03T19:27:02.262+0700] {dag.py:4180} INFO - Setting next_dagrun for consume_1_and_2_with_dataset_expressions to None, run_after=None
[2024-10-03T19:27:02.263+0700] {logging_mixin.py:190} INFO - [2024-10-03T19:27:02.263+0700] {dag.py:4180} INFO - Setting next_dagrun for consume_1_or_2_with_dataset_expressions to None, run_after=None
[2024-10-03T19:27:02.263+0700] {logging_mixin.py:190} INFO - [2024-10-03T19:27:02.263+0700] {dag.py:4180} INFO - Setting next_dagrun for consume_1_or_both_2_and_3_with_dataset_expressions to None, run_after=None
[2024-10-03T19:27:02.264+0700] {logging_mixin.py:190} INFO - [2024-10-03T19:27:02.264+0700] {dag.py:4180} INFO - Setting next_dagrun for dataset_consumes_1 to None, run_after=None
[2024-10-03T19:27:02.264+0700] {logging_mixin.py:190} INFO - [2024-10-03T19:27:02.264+0700] {dag.py:4180} INFO - Setting next_dagrun for dataset_consumes_1_and_2 to None, run_after=None
[2024-10-03T19:27:02.264+0700] {logging_mixin.py:190} INFO - [2024-10-03T19:27:02.264+0700] {dag.py:4180} INFO - Setting next_dagrun for dataset_consumes_1_never_scheduled to None, run_after=None
[2024-10-03T19:27:02.265+0700] {logging_mixin.py:190} INFO - [2024-10-03T19:27:02.265+0700] {dag.py:4180} INFO - Setting next_dagrun for dataset_consumes_unknown_never_scheduled to None, run_after=None
[2024-10-03T19:27:02.265+0700] {logging_mixin.py:190} INFO - [2024-10-03T19:27:02.265+0700] {dag.py:4180} INFO - Setting next_dagrun for dataset_produces_1 to 2024-10-02 00:00:00+00:00, run_after=2024-10-03 00:00:00+00:00
[2024-10-03T19:27:02.266+0700] {logging_mixin.py:190} INFO - [2024-10-03T19:27:02.266+0700] {dag.py:4180} INFO - Setting next_dagrun for dataset_produces_2 to None, run_after=None
[2024-10-03T19:27:02.279+0700] {processor.py:208} INFO - Processing /Users/prabowo.kadir/.pyenv/versions/3.8.18/lib/python3.8/site-packages/airflow/example_dags/example_datasets.py took 0.185 seconds
[2024-10-03T19:30:42.524+0700] {processor.py:186} INFO - Started process (PID=90910) to work on /Users/prabowo.kadir/.pyenv/versions/3.8.18/lib/python3.8/site-packages/airflow/example_dags/example_datasets.py
[2024-10-03T19:30:42.525+0700] {processor.py:914} INFO - Processing file /Users/prabowo.kadir/.pyenv/versions/3.8.18/lib/python3.8/site-packages/airflow/example_dags/example_datasets.py for tasks to queue
[2024-10-03T19:30:42.526+0700] {logging_mixin.py:190} INFO - [2024-10-03T19:30:42.526+0700] {dagbag.py:588} INFO - Filling up the DagBag from /Users/prabowo.kadir/.pyenv/versions/3.8.18/lib/python3.8/site-packages/airflow/example_dags/example_datasets.py
[2024-10-03T19:30:42.584+0700] {processor.py:925} INFO - DAG(s) 'dataset_consumes_1', 'conditional_dataset_and_time_based_timetable', 'dataset_consumes_1_and_2', 'consume_1_or_2_with_dataset_expressions', 'dataset_produces_2', 'consume_1_and_2_with_dataset_expressions', 'dataset_consumes_unknown_never_scheduled', 'dataset_produces_1', 'consume_1_or_both_2_and_3_with_dataset_expressions', 'dataset_consumes_1_never_scheduled' retrieved from /Users/prabowo.kadir/.pyenv/versions/3.8.18/lib/python3.8/site-packages/airflow/example_dags/example_datasets.py
[2024-10-03T19:30:42.660+0700] {logging_mixin.py:190} INFO - [2024-10-03T19:30:42.660+0700] {dag.py:3239} INFO - Sync 10 DAGs
[2024-10-03T19:30:42.670+0700] {logging_mixin.py:190} INFO - [2024-10-03T19:30:42.669+0700] {dag.py:4180} INFO - Setting next_dagrun for conditional_dataset_and_time_based_timetable to 2024-10-02 01:00:00+00:00, run_after=2024-10-02 01:00:00+00:00
[2024-10-03T19:30:42.671+0700] {logging_mixin.py:190} INFO - [2024-10-03T19:30:42.671+0700] {dag.py:4180} INFO - Setting next_dagrun for consume_1_and_2_with_dataset_expressions to None, run_after=None
[2024-10-03T19:30:42.671+0700] {logging_mixin.py:190} INFO - [2024-10-03T19:30:42.671+0700] {dag.py:4180} INFO - Setting next_dagrun for consume_1_or_2_with_dataset_expressions to None, run_after=None
[2024-10-03T19:30:42.671+0700] {logging_mixin.py:190} INFO - [2024-10-03T19:30:42.671+0700] {dag.py:4180} INFO - Setting next_dagrun for consume_1_or_both_2_and_3_with_dataset_expressions to None, run_after=None
[2024-10-03T19:30:42.672+0700] {logging_mixin.py:190} INFO - [2024-10-03T19:30:42.672+0700] {dag.py:4180} INFO - Setting next_dagrun for dataset_consumes_1 to None, run_after=None
[2024-10-03T19:30:42.672+0700] {logging_mixin.py:190} INFO - [2024-10-03T19:30:42.672+0700] {dag.py:4180} INFO - Setting next_dagrun for dataset_consumes_1_and_2 to None, run_after=None
[2024-10-03T19:30:42.672+0700] {logging_mixin.py:190} INFO - [2024-10-03T19:30:42.672+0700] {dag.py:4180} INFO - Setting next_dagrun for dataset_consumes_1_never_scheduled to None, run_after=None
[2024-10-03T19:30:42.673+0700] {logging_mixin.py:190} INFO - [2024-10-03T19:30:42.673+0700] {dag.py:4180} INFO - Setting next_dagrun for dataset_consumes_unknown_never_scheduled to None, run_after=None
[2024-10-03T19:30:42.674+0700] {logging_mixin.py:190} INFO - [2024-10-03T19:30:42.673+0700] {dag.py:4180} INFO - Setting next_dagrun for dataset_produces_1 to 2024-10-02 00:00:00+00:00, run_after=2024-10-03 00:00:00+00:00
[2024-10-03T19:30:42.674+0700] {logging_mixin.py:190} INFO - [2024-10-03T19:30:42.674+0700] {dag.py:4180} INFO - Setting next_dagrun for dataset_produces_2 to None, run_after=None
[2024-10-03T19:30:42.691+0700] {processor.py:208} INFO - Processing /Users/prabowo.kadir/.pyenv/versions/3.8.18/lib/python3.8/site-packages/airflow/example_dags/example_datasets.py took 0.170 seconds
