[2024-10-03T19:22:52.762+0700] {processor.py:186} INFO - Started process (PID=89893) to work on /Users/prabowo.kadir/.pyenv/versions/3.8.18/lib/python3.8/site-packages/airflow/example_dags/example_subdag_operator.py
[2024-10-03T19:22:52.763+0700] {processor.py:914} INFO - Processing file /Users/prabowo.kadir/.pyenv/versions/3.8.18/lib/python3.8/site-packages/airflow/example_dags/example_subdag_operator.py for tasks to queue
[2024-10-03T19:22:52.763+0700] {logging_mixin.py:190} INFO - [2024-10-03T19:22:52.763+0700] {dagbag.py:588} INFO - Filling up the DagBag from /Users/prabowo.kadir/.pyenv/versions/3.8.18/lib/python3.8/site-packages/airflow/example_dags/example_subdag_operator.py
[2024-10-03T19:22:52.848+0700] {processor.py:925} INFO - DAG(s) 'example_subdag_operator.section-1', 'example_subdag_operator.section-2', 'example_subdag_operator' retrieved from /Users/prabowo.kadir/.pyenv/versions/3.8.18/lib/python3.8/site-packages/airflow/example_dags/example_subdag_operator.py
[2024-10-03T19:22:52.859+0700] {logging_mixin.py:190} INFO - [2024-10-03T19:22:52.859+0700] {workday.py:41} WARNING - Could not import pandas. Holidays will not be considered.
[2024-10-03T19:22:52.874+0700] {logging_mixin.py:190} INFO - [2024-10-03T19:22:52.874+0700] {dag.py:3239} INFO - Sync 3 DAGs
[2024-10-03T19:22:52.881+0700] {logging_mixin.py:190} INFO - [2024-10-03T19:22:52.881+0700] {dag.py:4180} INFO - Setting next_dagrun for example_subdag_operator to 2022-01-01 00:00:00+00:00, run_after=2022-01-01 00:00:00+00:00
[2024-10-03T19:22:52.883+0700] {logging_mixin.py:190} INFO - [2024-10-03T19:22:52.882+0700] {dag.py:4180} INFO - Setting next_dagrun for example_subdag_operator.section-1 to None, run_after=None
[2024-10-03T19:22:52.883+0700] {logging_mixin.py:190} INFO - [2024-10-03T19:22:52.883+0700] {dag.py:4180} INFO - Setting next_dagrun for example_subdag_operator.section-2 to None, run_after=None
[2024-10-03T19:22:52.886+0700] {logging_mixin.py:190} INFO - [2024-10-03T19:22:52.886+0700] {dag.py:3239} INFO - Sync 2 DAGs
[2024-10-03T19:22:52.887+0700] {logging_mixin.py:190} INFO - [2024-10-03T19:22:52.887+0700] {dag.py:4180} INFO - Setting next_dagrun for example_subdag_operator.section-1 to None, run_after=None
[2024-10-03T19:22:52.887+0700] {logging_mixin.py:190} INFO - [2024-10-03T19:22:52.887+0700] {dag.py:4180} INFO - Setting next_dagrun for example_subdag_operator.section-2 to None, run_after=None
[2024-10-03T19:22:52.893+0700] {processor.py:208} INFO - Processing /Users/prabowo.kadir/.pyenv/versions/3.8.18/lib/python3.8/site-packages/airflow/example_dags/example_subdag_operator.py took 0.133 seconds
[2024-10-03T19:25:52.188+0700] {processor.py:186} INFO - Started process (PID=90183) to work on /Users/prabowo.kadir/.pyenv/versions/3.8.18/lib/python3.8/site-packages/airflow/example_dags/example_subdag_operator.py
[2024-10-03T19:25:52.190+0700] {processor.py:914} INFO - Processing file /Users/prabowo.kadir/.pyenv/versions/3.8.18/lib/python3.8/site-packages/airflow/example_dags/example_subdag_operator.py for tasks to queue
[2024-10-03T19:25:52.190+0700] {logging_mixin.py:190} INFO - [2024-10-03T19:25:52.190+0700] {dagbag.py:588} INFO - Filling up the DagBag from /Users/prabowo.kadir/.pyenv/versions/3.8.18/lib/python3.8/site-packages/airflow/example_dags/example_subdag_operator.py
[2024-10-03T19:25:52.262+0700] {processor.py:925} INFO - DAG(s) 'example_subdag_operator.section-1', 'example_subdag_operator.section-2', 'example_subdag_operator' retrieved from /Users/prabowo.kadir/.pyenv/versions/3.8.18/lib/python3.8/site-packages/airflow/example_dags/example_subdag_operator.py
[2024-10-03T19:25:52.272+0700] {logging_mixin.py:190} INFO - [2024-10-03T19:25:52.272+0700] {workday.py:41} WARNING - Could not import pandas. Holidays will not be considered.
[2024-10-03T19:25:52.291+0700] {logging_mixin.py:190} INFO - [2024-10-03T19:25:52.290+0700] {dag.py:3239} INFO - Sync 3 DAGs
[2024-10-03T19:25:52.298+0700] {logging_mixin.py:190} INFO - [2024-10-03T19:25:52.298+0700] {dag.py:4180} INFO - Setting next_dagrun for example_subdag_operator to 2022-01-01 00:00:00+00:00, run_after=2022-01-01 00:00:00+00:00
[2024-10-03T19:25:52.299+0700] {logging_mixin.py:190} INFO - [2024-10-03T19:25:52.299+0700] {dag.py:4180} INFO - Setting next_dagrun for example_subdag_operator.section-1 to None, run_after=None
[2024-10-03T19:25:52.300+0700] {logging_mixin.py:190} INFO - [2024-10-03T19:25:52.300+0700] {dag.py:4180} INFO - Setting next_dagrun for example_subdag_operator.section-2 to None, run_after=None
[2024-10-03T19:25:52.303+0700] {logging_mixin.py:190} INFO - [2024-10-03T19:25:52.302+0700] {dag.py:3239} INFO - Sync 2 DAGs
[2024-10-03T19:25:52.304+0700] {logging_mixin.py:190} INFO - [2024-10-03T19:25:52.304+0700] {dag.py:4180} INFO - Setting next_dagrun for example_subdag_operator.section-1 to None, run_after=None
[2024-10-03T19:25:52.304+0700] {logging_mixin.py:190} INFO - [2024-10-03T19:25:52.304+0700] {dag.py:4180} INFO - Setting next_dagrun for example_subdag_operator.section-2 to None, run_after=None
[2024-10-03T19:25:52.309+0700] {processor.py:208} INFO - Processing /Users/prabowo.kadir/.pyenv/versions/3.8.18/lib/python3.8/site-packages/airflow/example_dags/example_subdag_operator.py took 0.123 seconds
[2024-10-03T19:28:05.593+0700] {processor.py:186} INFO - Started process (PID=90372) to work on /Users/prabowo.kadir/.pyenv/versions/3.8.18/lib/python3.8/site-packages/airflow/example_dags/example_subdag_operator.py
[2024-10-03T19:28:05.595+0700] {processor.py:914} INFO - Processing file /Users/prabowo.kadir/.pyenv/versions/3.8.18/lib/python3.8/site-packages/airflow/example_dags/example_subdag_operator.py for tasks to queue
[2024-10-03T19:28:05.596+0700] {logging_mixin.py:190} INFO - [2024-10-03T19:28:05.596+0700] {dagbag.py:588} INFO - Filling up the DagBag from /Users/prabowo.kadir/.pyenv/versions/3.8.18/lib/python3.8/site-packages/airflow/example_dags/example_subdag_operator.py
[2024-10-03T19:28:05.775+0700] {processor.py:925} INFO - DAG(s) 'example_subdag_operator.section-1', 'example_subdag_operator.section-2', 'example_subdag_operator' retrieved from /Users/prabowo.kadir/.pyenv/versions/3.8.18/lib/python3.8/site-packages/airflow/example_dags/example_subdag_operator.py
[2024-10-03T19:28:05.785+0700] {logging_mixin.py:190} INFO - [2024-10-03T19:28:05.785+0700] {workday.py:41} WARNING - Could not import pandas. Holidays will not be considered.
[2024-10-03T19:28:05.802+0700] {logging_mixin.py:190} INFO - [2024-10-03T19:28:05.802+0700] {dag.py:3239} INFO - Sync 3 DAGs
[2024-10-03T19:28:05.810+0700] {logging_mixin.py:190} INFO - [2024-10-03T19:28:05.810+0700] {dag.py:4180} INFO - Setting next_dagrun for example_subdag_operator to 2022-01-01 00:00:00+00:00, run_after=2022-01-01 00:00:00+00:00
[2024-10-03T19:28:05.811+0700] {logging_mixin.py:190} INFO - [2024-10-03T19:28:05.811+0700] {dag.py:4180} INFO - Setting next_dagrun for example_subdag_operator.section-1 to None, run_after=None
[2024-10-03T19:28:05.812+0700] {logging_mixin.py:190} INFO - [2024-10-03T19:28:05.812+0700] {dag.py:4180} INFO - Setting next_dagrun for example_subdag_operator.section-2 to None, run_after=None
[2024-10-03T19:28:05.815+0700] {logging_mixin.py:190} INFO - [2024-10-03T19:28:05.815+0700] {dag.py:3239} INFO - Sync 2 DAGs
[2024-10-03T19:28:05.817+0700] {logging_mixin.py:190} INFO - [2024-10-03T19:28:05.817+0700] {dag.py:4180} INFO - Setting next_dagrun for example_subdag_operator.section-1 to None, run_after=None
[2024-10-03T19:28:05.817+0700] {logging_mixin.py:190} INFO - [2024-10-03T19:28:05.817+0700] {dag.py:4180} INFO - Setting next_dagrun for example_subdag_operator.section-2 to None, run_after=None
[2024-10-03T19:28:05.824+0700] {processor.py:208} INFO - Processing /Users/prabowo.kadir/.pyenv/versions/3.8.18/lib/python3.8/site-packages/airflow/example_dags/example_subdag_operator.py took 0.235 seconds
[2024-10-03T19:29:50.632+0700] {processor.py:186} INFO - Started process (PID=90696) to work on /Users/prabowo.kadir/.pyenv/versions/3.8.18/lib/python3.8/site-packages/airflow/example_dags/example_subdag_operator.py
[2024-10-03T19:29:50.633+0700] {processor.py:914} INFO - Processing file /Users/prabowo.kadir/.pyenv/versions/3.8.18/lib/python3.8/site-packages/airflow/example_dags/example_subdag_operator.py for tasks to queue
[2024-10-03T19:29:50.634+0700] {logging_mixin.py:190} INFO - [2024-10-03T19:29:50.634+0700] {dagbag.py:588} INFO - Filling up the DagBag from /Users/prabowo.kadir/.pyenv/versions/3.8.18/lib/python3.8/site-packages/airflow/example_dags/example_subdag_operator.py
[2024-10-03T19:29:50.709+0700] {processor.py:925} INFO - DAG(s) 'example_subdag_operator.section-1', 'example_subdag_operator.section-2', 'example_subdag_operator' retrieved from /Users/prabowo.kadir/.pyenv/versions/3.8.18/lib/python3.8/site-packages/airflow/example_dags/example_subdag_operator.py
[2024-10-03T19:29:50.717+0700] {logging_mixin.py:190} INFO - [2024-10-03T19:29:50.717+0700] {workday.py:41} WARNING - Could not import pandas. Holidays will not be considered.
[2024-10-03T19:29:50.730+0700] {logging_mixin.py:190} INFO - [2024-10-03T19:29:50.730+0700] {dag.py:3239} INFO - Sync 3 DAGs
[2024-10-03T19:29:50.737+0700] {logging_mixin.py:190} INFO - [2024-10-03T19:29:50.737+0700] {dag.py:4180} INFO - Setting next_dagrun for example_subdag_operator to 2022-01-01 00:00:00+00:00, run_after=2022-01-01 00:00:00+00:00
[2024-10-03T19:29:50.738+0700] {logging_mixin.py:190} INFO - [2024-10-03T19:29:50.738+0700] {dag.py:4180} INFO - Setting next_dagrun for example_subdag_operator.section-1 to None, run_after=None
[2024-10-03T19:29:50.739+0700] {logging_mixin.py:190} INFO - [2024-10-03T19:29:50.739+0700] {dag.py:4180} INFO - Setting next_dagrun for example_subdag_operator.section-2 to None, run_after=None
[2024-10-03T19:29:50.741+0700] {logging_mixin.py:190} INFO - [2024-10-03T19:29:50.741+0700] {dag.py:3239} INFO - Sync 2 DAGs
[2024-10-03T19:29:50.743+0700] {logging_mixin.py:190} INFO - [2024-10-03T19:29:50.743+0700] {dag.py:4180} INFO - Setting next_dagrun for example_subdag_operator.section-1 to None, run_after=None
[2024-10-03T19:29:50.743+0700] {logging_mixin.py:190} INFO - [2024-10-03T19:29:50.743+0700] {dag.py:4180} INFO - Setting next_dagrun for example_subdag_operator.section-2 to None, run_after=None
[2024-10-03T19:29:50.748+0700] {processor.py:208} INFO - Processing /Users/prabowo.kadir/.pyenv/versions/3.8.18/lib/python3.8/site-packages/airflow/example_dags/example_subdag_operator.py took 0.118 seconds
[2024-10-03T19:31:51.383+0700] {processor.py:186} INFO - Started process (PID=91066) to work on /Users/prabowo.kadir/.pyenv/versions/3.8.18/lib/python3.8/site-packages/airflow/example_dags/example_subdag_operator.py
[2024-10-03T19:31:51.384+0700] {processor.py:914} INFO - Processing file /Users/prabowo.kadir/.pyenv/versions/3.8.18/lib/python3.8/site-packages/airflow/example_dags/example_subdag_operator.py for tasks to queue
[2024-10-03T19:31:51.385+0700] {logging_mixin.py:190} INFO - [2024-10-03T19:31:51.385+0700] {dagbag.py:588} INFO - Filling up the DagBag from /Users/prabowo.kadir/.pyenv/versions/3.8.18/lib/python3.8/site-packages/airflow/example_dags/example_subdag_operator.py
[2024-10-03T19:31:51.484+0700] {processor.py:925} INFO - DAG(s) 'example_subdag_operator.section-1', 'example_subdag_operator.section-2', 'example_subdag_operator' retrieved from /Users/prabowo.kadir/.pyenv/versions/3.8.18/lib/python3.8/site-packages/airflow/example_dags/example_subdag_operator.py
[2024-10-03T19:31:51.496+0700] {logging_mixin.py:190} INFO - [2024-10-03T19:31:51.496+0700] {workday.py:41} WARNING - Could not import pandas. Holidays will not be considered.
[2024-10-03T19:31:51.512+0700] {logging_mixin.py:190} INFO - [2024-10-03T19:31:51.512+0700] {dag.py:3239} INFO - Sync 3 DAGs
[2024-10-03T19:31:51.519+0700] {logging_mixin.py:190} INFO - [2024-10-03T19:31:51.519+0700] {dag.py:4180} INFO - Setting next_dagrun for example_subdag_operator to 2022-01-01 00:00:00+00:00, run_after=2022-01-01 00:00:00+00:00
[2024-10-03T19:31:51.521+0700] {logging_mixin.py:190} INFO - [2024-10-03T19:31:51.521+0700] {dag.py:4180} INFO - Setting next_dagrun for example_subdag_operator.section-1 to None, run_after=None
[2024-10-03T19:31:51.521+0700] {logging_mixin.py:190} INFO - [2024-10-03T19:31:51.521+0700] {dag.py:4180} INFO - Setting next_dagrun for example_subdag_operator.section-2 to None, run_after=None
[2024-10-03T19:31:51.524+0700] {logging_mixin.py:190} INFO - [2024-10-03T19:31:51.524+0700] {dag.py:3239} INFO - Sync 2 DAGs
[2024-10-03T19:31:51.525+0700] {logging_mixin.py:190} INFO - [2024-10-03T19:31:51.525+0700] {dag.py:4180} INFO - Setting next_dagrun for example_subdag_operator.section-1 to None, run_after=None
[2024-10-03T19:31:51.525+0700] {logging_mixin.py:190} INFO - [2024-10-03T19:31:51.525+0700] {dag.py:4180} INFO - Setting next_dagrun for example_subdag_operator.section-2 to None, run_after=None
[2024-10-03T19:31:51.531+0700] {processor.py:208} INFO - Processing /Users/prabowo.kadir/.pyenv/versions/3.8.18/lib/python3.8/site-packages/airflow/example_dags/example_subdag_operator.py took 0.152 seconds
