[2024-10-03T19:22:59.493+0700] {processor.py:186} INFO - Started process (PID=89903) to work on /Users/prabowo.kadir/.pyenv/versions/3.8.18/lib/python3.8/site-packages/airflow/example_dags/example_short_circuit_operator.py
[2024-10-03T19:22:59.494+0700] {processor.py:914} INFO - Processing file /Users/prabowo.kadir/.pyenv/versions/3.8.18/lib/python3.8/site-packages/airflow/example_dags/example_short_circuit_operator.py for tasks to queue
[2024-10-03T19:22:59.494+0700] {logging_mixin.py:190} INFO - [2024-10-03T19:22:59.494+0700] {dagbag.py:588} INFO - Filling up the DagBag from /Users/prabowo.kadir/.pyenv/versions/3.8.18/lib/python3.8/site-packages/airflow/example_dags/example_short_circuit_operator.py
[2024-10-03T19:22:59.536+0700] {processor.py:925} INFO - DAG(s) 'example_short_circuit_operator' retrieved from /Users/prabowo.kadir/.pyenv/versions/3.8.18/lib/python3.8/site-packages/airflow/example_dags/example_short_circuit_operator.py
[2024-10-03T19:22:59.584+0700] {logging_mixin.py:190} INFO - [2024-10-03T19:22:59.583+0700] {dag.py:3239} INFO - Sync 1 DAGs
[2024-10-03T19:22:59.588+0700] {logging_mixin.py:190} INFO - [2024-10-03T19:22:59.588+0700] {dag.py:4180} INFO - Setting next_dagrun for example_short_circuit_operator to None, run_after=None
[2024-10-03T19:22:59.597+0700] {processor.py:208} INFO - Processing /Users/prabowo.kadir/.pyenv/versions/3.8.18/lib/python3.8/site-packages/airflow/example_dags/example_short_circuit_operator.py took 0.106 seconds
[2024-10-03T19:26:00.694+0700] {processor.py:186} INFO - Started process (PID=90196) to work on /Users/prabowo.kadir/.pyenv/versions/3.8.18/lib/python3.8/site-packages/airflow/example_dags/example_short_circuit_operator.py
[2024-10-03T19:26:00.697+0700] {processor.py:914} INFO - Processing file /Users/prabowo.kadir/.pyenv/versions/3.8.18/lib/python3.8/site-packages/airflow/example_dags/example_short_circuit_operator.py for tasks to queue
[2024-10-03T19:26:00.697+0700] {logging_mixin.py:190} INFO - [2024-10-03T19:26:00.697+0700] {dagbag.py:588} INFO - Filling up the DagBag from /Users/prabowo.kadir/.pyenv/versions/3.8.18/lib/python3.8/site-packages/airflow/example_dags/example_short_circuit_operator.py
[2024-10-03T19:26:00.750+0700] {processor.py:925} INFO - DAG(s) 'example_short_circuit_operator' retrieved from /Users/prabowo.kadir/.pyenv/versions/3.8.18/lib/python3.8/site-packages/airflow/example_dags/example_short_circuit_operator.py
[2024-10-03T19:26:00.818+0700] {logging_mixin.py:190} INFO - [2024-10-03T19:26:00.818+0700] {dag.py:3239} INFO - Sync 1 DAGs
[2024-10-03T19:26:00.823+0700] {logging_mixin.py:190} INFO - [2024-10-03T19:26:00.823+0700] {dag.py:4180} INFO - Setting next_dagrun for example_short_circuit_operator to None, run_after=None
[2024-10-03T19:26:00.840+0700] {processor.py:208} INFO - Processing /Users/prabowo.kadir/.pyenv/versions/3.8.18/lib/python3.8/site-packages/airflow/example_dags/example_short_circuit_operator.py took 0.148 seconds
[2024-10-03T19:28:14.863+0700] {processor.py:186} INFO - Started process (PID=90380) to work on /Users/prabowo.kadir/.pyenv/versions/3.8.18/lib/python3.8/site-packages/airflow/example_dags/example_short_circuit_operator.py
[2024-10-03T19:28:14.866+0700] {processor.py:914} INFO - Processing file /Users/prabowo.kadir/.pyenv/versions/3.8.18/lib/python3.8/site-packages/airflow/example_dags/example_short_circuit_operator.py for tasks to queue
[2024-10-03T19:28:14.867+0700] {logging_mixin.py:190} INFO - [2024-10-03T19:28:14.867+0700] {dagbag.py:588} INFO - Filling up the DagBag from /Users/prabowo.kadir/.pyenv/versions/3.8.18/lib/python3.8/site-packages/airflow/example_dags/example_short_circuit_operator.py
[2024-10-03T19:28:14.916+0700] {processor.py:925} INFO - DAG(s) 'example_short_circuit_operator' retrieved from /Users/prabowo.kadir/.pyenv/versions/3.8.18/lib/python3.8/site-packages/airflow/example_dags/example_short_circuit_operator.py
[2024-10-03T19:28:14.976+0700] {logging_mixin.py:190} INFO - [2024-10-03T19:28:14.976+0700] {dag.py:3239} INFO - Sync 1 DAGs
[2024-10-03T19:28:14.980+0700] {logging_mixin.py:190} INFO - [2024-10-03T19:28:14.980+0700] {dag.py:4180} INFO - Setting next_dagrun for example_short_circuit_operator to None, run_after=None
[2024-10-03T19:28:15.002+0700] {processor.py:208} INFO - Processing /Users/prabowo.kadir/.pyenv/versions/3.8.18/lib/python3.8/site-packages/airflow/example_dags/example_short_circuit_operator.py took 0.141 seconds
[2024-10-03T19:29:58.111+0700] {processor.py:186} INFO - Started process (PID=90737) to work on /Users/prabowo.kadir/.pyenv/versions/3.8.18/lib/python3.8/site-packages/airflow/example_dags/example_short_circuit_operator.py
[2024-10-03T19:29:58.113+0700] {processor.py:914} INFO - Processing file /Users/prabowo.kadir/.pyenv/versions/3.8.18/lib/python3.8/site-packages/airflow/example_dags/example_short_circuit_operator.py for tasks to queue
[2024-10-03T19:29:58.113+0700] {logging_mixin.py:190} INFO - [2024-10-03T19:29:58.113+0700] {dagbag.py:588} INFO - Filling up the DagBag from /Users/prabowo.kadir/.pyenv/versions/3.8.18/lib/python3.8/site-packages/airflow/example_dags/example_short_circuit_operator.py
[2024-10-03T19:29:58.156+0700] {processor.py:925} INFO - DAG(s) 'example_short_circuit_operator' retrieved from /Users/prabowo.kadir/.pyenv/versions/3.8.18/lib/python3.8/site-packages/airflow/example_dags/example_short_circuit_operator.py
[2024-10-03T19:29:58.203+0700] {logging_mixin.py:190} INFO - [2024-10-03T19:29:58.202+0700] {dag.py:3239} INFO - Sync 1 DAGs
[2024-10-03T19:29:58.207+0700] {logging_mixin.py:190} INFO - [2024-10-03T19:29:58.207+0700] {dag.py:4180} INFO - Setting next_dagrun for example_short_circuit_operator to None, run_after=None
[2024-10-03T19:29:58.215+0700] {processor.py:208} INFO - Processing /Users/prabowo.kadir/.pyenv/versions/3.8.18/lib/python3.8/site-packages/airflow/example_dags/example_short_circuit_operator.py took 0.107 seconds
[2024-10-03T19:31:59.985+0700] {processor.py:186} INFO - Started process (PID=91237) to work on /Users/prabowo.kadir/.pyenv/versions/3.8.18/lib/python3.8/site-packages/airflow/example_dags/example_short_circuit_operator.py
[2024-10-03T19:31:59.986+0700] {processor.py:914} INFO - Processing file /Users/prabowo.kadir/.pyenv/versions/3.8.18/lib/python3.8/site-packages/airflow/example_dags/example_short_circuit_operator.py for tasks to queue
[2024-10-03T19:31:59.986+0700] {logging_mixin.py:190} INFO - [2024-10-03T19:31:59.986+0700] {dagbag.py:588} INFO - Filling up the DagBag from /Users/prabowo.kadir/.pyenv/versions/3.8.18/lib/python3.8/site-packages/airflow/example_dags/example_short_circuit_operator.py
[2024-10-03T19:32:00.036+0700] {processor.py:925} INFO - DAG(s) 'example_short_circuit_operator' retrieved from /Users/prabowo.kadir/.pyenv/versions/3.8.18/lib/python3.8/site-packages/airflow/example_dags/example_short_circuit_operator.py
[2024-10-03T19:32:00.088+0700] {logging_mixin.py:190} INFO - [2024-10-03T19:32:00.088+0700] {dag.py:3239} INFO - Sync 1 DAGs
[2024-10-03T19:32:00.092+0700] {logging_mixin.py:190} INFO - [2024-10-03T19:32:00.092+0700] {dag.py:4180} INFO - Setting next_dagrun for example_short_circuit_operator to None, run_after=None
[2024-10-03T19:32:00.107+0700] {processor.py:208} INFO - Processing /Users/prabowo.kadir/.pyenv/versions/3.8.18/lib/python3.8/site-packages/airflow/example_dags/example_short_circuit_operator.py took 0.124 seconds
