[2024-10-03T19:22:56.997+0700] {processor.py:186} INFO - Started process (PID=89898) to work on /Users/prabowo.kadir/.pyenv/versions/3.8.18/lib/python3.8/site-packages/airflow/example_dags/example_skip_dag.py
[2024-10-03T19:22:56.997+0700] {processor.py:914} INFO - Processing file /Users/prabowo.kadir/.pyenv/versions/3.8.18/lib/python3.8/site-packages/airflow/example_dags/example_skip_dag.py for tasks to queue
[2024-10-03T19:22:56.998+0700] {logging_mixin.py:190} INFO - [2024-10-03T19:22:56.998+0700] {dagbag.py:588} INFO - Filling up the DagBag from /Users/prabowo.kadir/.pyenv/versions/3.8.18/lib/python3.8/site-packages/airflow/example_dags/example_skip_dag.py
[2024-10-03T19:22:57.004+0700] {processor.py:925} INFO - DAG(s) 'example_skip_dag' retrieved from /Users/prabowo.kadir/.pyenv/versions/3.8.18/lib/python3.8/site-packages/airflow/example_dags/example_skip_dag.py
[2024-10-03T19:22:57.075+0700] {logging_mixin.py:190} INFO - [2024-10-03T19:22:57.074+0700] {dag.py:3239} INFO - Sync 1 DAGs
[2024-10-03T19:22:57.083+0700] {logging_mixin.py:190} INFO - [2024-10-03T19:22:57.083+0700] {dag.py:4180} INFO - Setting next_dagrun for example_skip_dag to 2024-10-02 00:00:00+00:00, run_after=2024-10-03 00:00:00+00:00
[2024-10-03T19:22:57.093+0700] {processor.py:208} INFO - Processing /Users/prabowo.kadir/.pyenv/versions/3.8.18/lib/python3.8/site-packages/airflow/example_dags/example_skip_dag.py took 0.098 seconds
[2024-10-03T19:25:57.474+0700] {processor.py:186} INFO - Started process (PID=90188) to work on /Users/prabowo.kadir/.pyenv/versions/3.8.18/lib/python3.8/site-packages/airflow/example_dags/example_skip_dag.py
[2024-10-03T19:25:57.476+0700] {processor.py:914} INFO - Processing file /Users/prabowo.kadir/.pyenv/versions/3.8.18/lib/python3.8/site-packages/airflow/example_dags/example_skip_dag.py for tasks to queue
[2024-10-03T19:25:57.476+0700] {logging_mixin.py:190} INFO - [2024-10-03T19:25:57.476+0700] {dagbag.py:588} INFO - Filling up the DagBag from /Users/prabowo.kadir/.pyenv/versions/3.8.18/lib/python3.8/site-packages/airflow/example_dags/example_skip_dag.py
[2024-10-03T19:25:57.490+0700] {processor.py:925} INFO - DAG(s) 'example_skip_dag' retrieved from /Users/prabowo.kadir/.pyenv/versions/3.8.18/lib/python3.8/site-packages/airflow/example_dags/example_skip_dag.py
[2024-10-03T19:25:57.561+0700] {logging_mixin.py:190} INFO - [2024-10-03T19:25:57.560+0700] {dag.py:3239} INFO - Sync 1 DAGs
[2024-10-03T19:25:57.568+0700] {logging_mixin.py:190} INFO - [2024-10-03T19:25:57.568+0700] {dag.py:4180} INFO - Setting next_dagrun for example_skip_dag to 2024-10-02 00:00:00+00:00, run_after=2024-10-03 00:00:00+00:00
[2024-10-03T19:25:57.595+0700] {processor.py:208} INFO - Processing /Users/prabowo.kadir/.pyenv/versions/3.8.18/lib/python3.8/site-packages/airflow/example_dags/example_skip_dag.py took 0.124 seconds
[2024-10-03T19:28:10.926+0700] {processor.py:186} INFO - Started process (PID=90378) to work on /Users/prabowo.kadir/.pyenv/versions/3.8.18/lib/python3.8/site-packages/airflow/example_dags/example_skip_dag.py
[2024-10-03T19:28:10.930+0700] {processor.py:914} INFO - Processing file /Users/prabowo.kadir/.pyenv/versions/3.8.18/lib/python3.8/site-packages/airflow/example_dags/example_skip_dag.py for tasks to queue
[2024-10-03T19:28:10.930+0700] {logging_mixin.py:190} INFO - [2024-10-03T19:28:10.930+0700] {dagbag.py:588} INFO - Filling up the DagBag from /Users/prabowo.kadir/.pyenv/versions/3.8.18/lib/python3.8/site-packages/airflow/example_dags/example_skip_dag.py
[2024-10-03T19:28:10.943+0700] {processor.py:925} INFO - DAG(s) 'example_skip_dag' retrieved from /Users/prabowo.kadir/.pyenv/versions/3.8.18/lib/python3.8/site-packages/airflow/example_dags/example_skip_dag.py
[2024-10-03T19:28:11.027+0700] {logging_mixin.py:190} INFO - [2024-10-03T19:28:11.026+0700] {dag.py:3239} INFO - Sync 1 DAGs
[2024-10-03T19:28:11.034+0700] {logging_mixin.py:190} INFO - [2024-10-03T19:28:11.034+0700] {dag.py:4180} INFO - Setting next_dagrun for example_skip_dag to 2024-10-02 00:00:00+00:00, run_after=2024-10-03 00:00:00+00:00
[2024-10-03T19:28:11.049+0700] {processor.py:208} INFO - Processing /Users/prabowo.kadir/.pyenv/versions/3.8.18/lib/python3.8/site-packages/airflow/example_dags/example_skip_dag.py took 0.125 seconds
