[2024-10-03T19:24:10.396+0700] {processor.py:186} INFO - Started process (PID=89986) to work on /Users/prabowo.kadir/.pyenv/versions/3.8.18/lib/python3.8/site-packages/airflow/example_dags/example_dataset_alias.py
[2024-10-03T19:24:10.396+0700] {processor.py:914} INFO - Processing file /Users/prabowo.kadir/.pyenv/versions/3.8.18/lib/python3.8/site-packages/airflow/example_dags/example_dataset_alias.py for tasks to queue
[2024-10-03T19:24:10.397+0700] {logging_mixin.py:190} INFO - [2024-10-03T19:24:10.397+0700] {dagbag.py:588} INFO - Filling up the DagBag from /Users/prabowo.kadir/.pyenv/versions/3.8.18/lib/python3.8/site-packages/airflow/example_dags/example_dataset_alias.py
[2024-10-03T19:24:10.545+0700] {processor.py:925} INFO - DAG(s) 'dataset_alias_example_alias_consumer', 'dataset_alias_example_alias_producer', 'dataset_s3_bucket_producer', 'dataset_s3_bucket_consumer' retrieved from /Users/prabowo.kadir/.pyenv/versions/3.8.18/lib/python3.8/site-packages/airflow/example_dags/example_dataset_alias.py
[2024-10-03T19:24:10.581+0700] {logging_mixin.py:190} INFO - [2024-10-03T19:24:10.580+0700] {dag.py:3239} INFO - Sync 4 DAGs
[2024-10-03T19:24:10.589+0700] {logging_mixin.py:190} INFO - [2024-10-03T19:24:10.589+0700] {dag.py:4180} INFO - Setting next_dagrun for dataset_alias_example_alias_consumer to None, run_after=None
[2024-10-03T19:24:10.590+0700] {logging_mixin.py:190} INFO - [2024-10-03T19:24:10.590+0700] {dag.py:4180} INFO - Setting next_dagrun for dataset_alias_example_alias_producer to None, run_after=None
[2024-10-03T19:24:10.590+0700] {logging_mixin.py:190} INFO - [2024-10-03T19:24:10.590+0700] {dag.py:4180} INFO - Setting next_dagrun for dataset_s3_bucket_consumer to None, run_after=None
[2024-10-03T19:24:10.590+0700] {logging_mixin.py:190} INFO - [2024-10-03T19:24:10.590+0700] {dag.py:4180} INFO - Setting next_dagrun for dataset_s3_bucket_producer to None, run_after=None
[2024-10-03T19:24:10.601+0700] {processor.py:208} INFO - Processing /Users/prabowo.kadir/.pyenv/versions/3.8.18/lib/python3.8/site-packages/airflow/example_dags/example_dataset_alias.py took 0.207 seconds
[2024-10-03T19:27:07.125+0700] {processor.py:186} INFO - Started process (PID=90306) to work on /Users/prabowo.kadir/.pyenv/versions/3.8.18/lib/python3.8/site-packages/airflow/example_dags/example_dataset_alias.py
[2024-10-03T19:27:07.126+0700] {processor.py:914} INFO - Processing file /Users/prabowo.kadir/.pyenv/versions/3.8.18/lib/python3.8/site-packages/airflow/example_dags/example_dataset_alias.py for tasks to queue
[2024-10-03T19:27:07.127+0700] {logging_mixin.py:190} INFO - [2024-10-03T19:27:07.127+0700] {dagbag.py:588} INFO - Filling up the DagBag from /Users/prabowo.kadir/.pyenv/versions/3.8.18/lib/python3.8/site-packages/airflow/example_dags/example_dataset_alias.py
[2024-10-03T19:27:07.292+0700] {processor.py:925} INFO - DAG(s) 'dataset_alias_example_alias_consumer', 'dataset_s3_bucket_producer', 'dataset_s3_bucket_consumer', 'dataset_alias_example_alias_producer' retrieved from /Users/prabowo.kadir/.pyenv/versions/3.8.18/lib/python3.8/site-packages/airflow/example_dags/example_dataset_alias.py
[2024-10-03T19:27:07.304+0700] {logging_mixin.py:190} INFO - [2024-10-03T19:27:07.304+0700] {dag.py:3239} INFO - Sync 4 DAGs
[2024-10-03T19:27:07.312+0700] {logging_mixin.py:190} INFO - [2024-10-03T19:27:07.312+0700] {dag.py:4180} INFO - Setting next_dagrun for dataset_alias_example_alias_consumer to None, run_after=None
[2024-10-03T19:27:07.313+0700] {logging_mixin.py:190} INFO - [2024-10-03T19:27:07.313+0700] {dag.py:4180} INFO - Setting next_dagrun for dataset_alias_example_alias_producer to None, run_after=None
[2024-10-03T19:27:07.313+0700] {logging_mixin.py:190} INFO - [2024-10-03T19:27:07.313+0700] {dag.py:4180} INFO - Setting next_dagrun for dataset_s3_bucket_consumer to None, run_after=None
[2024-10-03T19:27:07.314+0700] {logging_mixin.py:190} INFO - [2024-10-03T19:27:07.314+0700] {dag.py:4180} INFO - Setting next_dagrun for dataset_s3_bucket_producer to None, run_after=None
[2024-10-03T19:27:07.324+0700] {processor.py:208} INFO - Processing /Users/prabowo.kadir/.pyenv/versions/3.8.18/lib/python3.8/site-packages/airflow/example_dags/example_dataset_alias.py took 0.201 seconds
[2024-10-03T19:30:47.696+0700] {processor.py:186} INFO - Started process (PID=90921) to work on /Users/prabowo.kadir/.pyenv/versions/3.8.18/lib/python3.8/site-packages/airflow/example_dags/example_dataset_alias.py
[2024-10-03T19:30:47.697+0700] {processor.py:914} INFO - Processing file /Users/prabowo.kadir/.pyenv/versions/3.8.18/lib/python3.8/site-packages/airflow/example_dags/example_dataset_alias.py for tasks to queue
[2024-10-03T19:30:47.697+0700] {logging_mixin.py:190} INFO - [2024-10-03T19:30:47.697+0700] {dagbag.py:588} INFO - Filling up the DagBag from /Users/prabowo.kadir/.pyenv/versions/3.8.18/lib/python3.8/site-packages/airflow/example_dags/example_dataset_alias.py
[2024-10-03T19:30:47.842+0700] {processor.py:925} INFO - DAG(s) 'dataset_alias_example_alias_consumer', 'dataset_s3_bucket_producer', 'dataset_alias_example_alias_producer', 'dataset_s3_bucket_consumer' retrieved from /Users/prabowo.kadir/.pyenv/versions/3.8.18/lib/python3.8/site-packages/airflow/example_dags/example_dataset_alias.py
[2024-10-03T19:30:47.854+0700] {logging_mixin.py:190} INFO - [2024-10-03T19:30:47.854+0700] {dag.py:3239} INFO - Sync 4 DAGs
[2024-10-03T19:30:47.862+0700] {logging_mixin.py:190} INFO - [2024-10-03T19:30:47.862+0700] {dag.py:4180} INFO - Setting next_dagrun for dataset_alias_example_alias_consumer to None, run_after=None
[2024-10-03T19:30:47.863+0700] {logging_mixin.py:190} INFO - [2024-10-03T19:30:47.863+0700] {dag.py:4180} INFO - Setting next_dagrun for dataset_alias_example_alias_producer to None, run_after=None
[2024-10-03T19:30:47.863+0700] {logging_mixin.py:190} INFO - [2024-10-03T19:30:47.863+0700] {dag.py:4180} INFO - Setting next_dagrun for dataset_s3_bucket_consumer to None, run_after=None
[2024-10-03T19:30:47.864+0700] {logging_mixin.py:190} INFO - [2024-10-03T19:30:47.864+0700] {dag.py:4180} INFO - Setting next_dagrun for dataset_s3_bucket_producer to None, run_after=None
[2024-10-03T19:30:47.873+0700] {processor.py:208} INFO - Processing /Users/prabowo.kadir/.pyenv/versions/3.8.18/lib/python3.8/site-packages/airflow/example_dags/example_dataset_alias.py took 0.180 seconds
