[2024-10-03T19:22:39.318+0700] {processor.py:186} INFO - Started process (PID=89864) to work on /Users/prabowo.kadir/.pyenv/versions/3.8.18/lib/python3.8/site-packages/airflow/example_dags/example_workday_timetable.py
[2024-10-03T19:22:39.319+0700] {processor.py:914} INFO - Processing file /Users/prabowo.kadir/.pyenv/versions/3.8.18/lib/python3.8/site-packages/airflow/example_dags/example_workday_timetable.py for tasks to queue
[2024-10-03T19:22:39.320+0700] {logging_mixin.py:190} INFO - [2024-10-03T19:22:39.319+0700] {dagbag.py:588} INFO - Filling up the DagBag from /Users/prabowo.kadir/.pyenv/versions/3.8.18/lib/python3.8/site-packages/airflow/example_dags/example_workday_timetable.py
[2024-10-03T19:22:39.322+0700] {logging_mixin.py:190} INFO - [2024-10-03T19:22:39.322+0700] {workday.py:41} WARNING - Could not import pandas. Holidays will not be considered.
[2024-10-03T19:22:39.326+0700] {processor.py:925} INFO - DAG(s) 'example_workday_timetable' retrieved from /Users/prabowo.kadir/.pyenv/versions/3.8.18/lib/python3.8/site-packages/airflow/example_dags/example_workday_timetable.py
[2024-10-03T19:22:39.390+0700] {logging_mixin.py:190} INFO - [2024-10-03T19:22:39.390+0700] {workday.py:41} WARNING - Could not import pandas. Holidays will not be considered.
[2024-10-03T19:22:39.408+0700] {logging_mixin.py:190} INFO - [2024-10-03T19:22:39.408+0700] {dag.py:3239} INFO - Sync 1 DAGs
[2024-10-03T19:22:39.426+0700] {logging_mixin.py:190} INFO - [2024-10-03T19:22:39.426+0700] {dag.py:4180} INFO - Setting next_dagrun for example_workday_timetable to 2021-01-01 00:00:00+00:00, run_after=2021-01-02 00:00:00+00:00
[2024-10-03T19:22:39.439+0700] {processor.py:208} INFO - Processing /Users/prabowo.kadir/.pyenv/versions/3.8.18/lib/python3.8/site-packages/airflow/example_dags/example_workday_timetable.py took 0.122 seconds
[2024-10-03T19:25:31.666+0700] {processor.py:186} INFO - Started process (PID=90146) to work on /Users/prabowo.kadir/.pyenv/versions/3.8.18/lib/python3.8/site-packages/airflow/example_dags/example_workday_timetable.py
[2024-10-03T19:25:31.668+0700] {processor.py:914} INFO - Processing file /Users/prabowo.kadir/.pyenv/versions/3.8.18/lib/python3.8/site-packages/airflow/example_dags/example_workday_timetable.py for tasks to queue
[2024-10-03T19:25:31.668+0700] {logging_mixin.py:190} INFO - [2024-10-03T19:25:31.668+0700] {dagbag.py:588} INFO - Filling up the DagBag from /Users/prabowo.kadir/.pyenv/versions/3.8.18/lib/python3.8/site-packages/airflow/example_dags/example_workday_timetable.py
[2024-10-03T19:25:31.671+0700] {logging_mixin.py:190} INFO - [2024-10-03T19:25:31.671+0700] {workday.py:41} WARNING - Could not import pandas. Holidays will not be considered.
[2024-10-03T19:25:31.676+0700] {processor.py:925} INFO - DAG(s) 'example_workday_timetable' retrieved from /Users/prabowo.kadir/.pyenv/versions/3.8.18/lib/python3.8/site-packages/airflow/example_dags/example_workday_timetable.py
[2024-10-03T19:25:31.745+0700] {logging_mixin.py:190} INFO - [2024-10-03T19:25:31.744+0700] {workday.py:41} WARNING - Could not import pandas. Holidays will not be considered.
[2024-10-03T19:25:31.764+0700] {logging_mixin.py:190} INFO - [2024-10-03T19:25:31.764+0700] {dag.py:3239} INFO - Sync 1 DAGs
[2024-10-03T19:25:31.772+0700] {logging_mixin.py:190} INFO - [2024-10-03T19:25:31.772+0700] {dag.py:4180} INFO - Setting next_dagrun for example_workday_timetable to 2021-01-01 00:00:00+00:00, run_after=2021-01-02 00:00:00+00:00
[2024-10-03T19:25:31.781+0700] {processor.py:208} INFO - Processing /Users/prabowo.kadir/.pyenv/versions/3.8.18/lib/python3.8/site-packages/airflow/example_dags/example_workday_timetable.py took 0.117 seconds
[2024-10-03T19:27:46.405+0700] {processor.py:186} INFO - Started process (PID=90355) to work on /Users/prabowo.kadir/.pyenv/versions/3.8.18/lib/python3.8/site-packages/airflow/example_dags/example_workday_timetable.py
[2024-10-03T19:27:46.408+0700] {processor.py:914} INFO - Processing file /Users/prabowo.kadir/.pyenv/versions/3.8.18/lib/python3.8/site-packages/airflow/example_dags/example_workday_timetable.py for tasks to queue
[2024-10-03T19:27:46.409+0700] {logging_mixin.py:190} INFO - [2024-10-03T19:27:46.409+0700] {dagbag.py:588} INFO - Filling up the DagBag from /Users/prabowo.kadir/.pyenv/versions/3.8.18/lib/python3.8/site-packages/airflow/example_dags/example_workday_timetable.py
[2024-10-03T19:27:46.413+0700] {logging_mixin.py:190} INFO - [2024-10-03T19:27:46.413+0700] {workday.py:41} WARNING - Could not import pandas. Holidays will not be considered.
[2024-10-03T19:27:46.418+0700] {processor.py:925} INFO - DAG(s) 'example_workday_timetable' retrieved from /Users/prabowo.kadir/.pyenv/versions/3.8.18/lib/python3.8/site-packages/airflow/example_dags/example_workday_timetable.py
[2024-10-03T19:27:46.483+0700] {logging_mixin.py:190} INFO - [2024-10-03T19:27:46.482+0700] {workday.py:41} WARNING - Could not import pandas. Holidays will not be considered.
[2024-10-03T19:27:46.504+0700] {logging_mixin.py:190} INFO - [2024-10-03T19:27:46.504+0700] {dag.py:3239} INFO - Sync 1 DAGs
[2024-10-03T19:27:46.512+0700] {logging_mixin.py:190} INFO - [2024-10-03T19:27:46.512+0700] {dag.py:4180} INFO - Setting next_dagrun for example_workday_timetable to 2021-01-01 00:00:00+00:00, run_after=2021-01-02 00:00:00+00:00
[2024-10-03T19:27:46.520+0700] {processor.py:208} INFO - Processing /Users/prabowo.kadir/.pyenv/versions/3.8.18/lib/python3.8/site-packages/airflow/example_dags/example_workday_timetable.py took 0.126 seconds
[2024-10-03T19:29:37.700+0700] {processor.py:186} INFO - Started process (PID=90623) to work on /Users/prabowo.kadir/.pyenv/versions/3.8.18/lib/python3.8/site-packages/airflow/example_dags/example_workday_timetable.py
[2024-10-03T19:29:37.701+0700] {processor.py:914} INFO - Processing file /Users/prabowo.kadir/.pyenv/versions/3.8.18/lib/python3.8/site-packages/airflow/example_dags/example_workday_timetable.py for tasks to queue
[2024-10-03T19:29:37.701+0700] {logging_mixin.py:190} INFO - [2024-10-03T19:29:37.701+0700] {dagbag.py:588} INFO - Filling up the DagBag from /Users/prabowo.kadir/.pyenv/versions/3.8.18/lib/python3.8/site-packages/airflow/example_dags/example_workday_timetable.py
[2024-10-03T19:29:37.705+0700] {logging_mixin.py:190} INFO - [2024-10-03T19:29:37.705+0700] {workday.py:41} WARNING - Could not import pandas. Holidays will not be considered.
[2024-10-03T19:29:37.708+0700] {processor.py:925} INFO - DAG(s) 'example_workday_timetable' retrieved from /Users/prabowo.kadir/.pyenv/versions/3.8.18/lib/python3.8/site-packages/airflow/example_dags/example_workday_timetable.py
[2024-10-03T19:29:37.774+0700] {logging_mixin.py:190} INFO - [2024-10-03T19:29:37.773+0700] {workday.py:41} WARNING - Could not import pandas. Holidays will not be considered.
[2024-10-03T19:29:37.787+0700] {logging_mixin.py:190} INFO - [2024-10-03T19:29:37.787+0700] {dag.py:3239} INFO - Sync 1 DAGs
[2024-10-03T19:29:37.795+0700] {logging_mixin.py:190} INFO - [2024-10-03T19:29:37.795+0700] {dag.py:4180} INFO - Setting next_dagrun for example_workday_timetable to 2021-01-01 00:00:00+00:00, run_after=2021-01-02 00:00:00+00:00
[2024-10-03T19:29:37.802+0700] {processor.py:208} INFO - Processing /Users/prabowo.kadir/.pyenv/versions/3.8.18/lib/python3.8/site-packages/airflow/example_dags/example_workday_timetable.py took 0.104 seconds
[2024-10-03T19:31:31.948+0700] {processor.py:186} INFO - Started process (PID=91004) to work on /Users/prabowo.kadir/.pyenv/versions/3.8.18/lib/python3.8/site-packages/airflow/example_dags/example_workday_timetable.py
[2024-10-03T19:31:31.949+0700] {processor.py:914} INFO - Processing file /Users/prabowo.kadir/.pyenv/versions/3.8.18/lib/python3.8/site-packages/airflow/example_dags/example_workday_timetable.py for tasks to queue
[2024-10-03T19:31:31.950+0700] {logging_mixin.py:190} INFO - [2024-10-03T19:31:31.950+0700] {dagbag.py:588} INFO - Filling up the DagBag from /Users/prabowo.kadir/.pyenv/versions/3.8.18/lib/python3.8/site-packages/airflow/example_dags/example_workday_timetable.py
[2024-10-03T19:31:31.954+0700] {logging_mixin.py:190} INFO - [2024-10-03T19:31:31.954+0700] {workday.py:41} WARNING - Could not import pandas. Holidays will not be considered.
[2024-10-03T19:31:31.959+0700] {processor.py:925} INFO - DAG(s) 'example_workday_timetable' retrieved from /Users/prabowo.kadir/.pyenv/versions/3.8.18/lib/python3.8/site-packages/airflow/example_dags/example_workday_timetable.py
[2024-10-03T19:31:32.042+0700] {logging_mixin.py:190} INFO - [2024-10-03T19:31:32.042+0700] {workday.py:41} WARNING - Could not import pandas. Holidays will not be considered.
[2024-10-03T19:31:32.062+0700] {logging_mixin.py:190} INFO - [2024-10-03T19:31:32.062+0700] {dag.py:3239} INFO - Sync 1 DAGs
[2024-10-03T19:31:32.071+0700] {logging_mixin.py:190} INFO - [2024-10-03T19:31:32.071+0700] {dag.py:4180} INFO - Setting next_dagrun for example_workday_timetable to 2021-01-01 00:00:00+00:00, run_after=2021-01-02 00:00:00+00:00
[2024-10-03T19:31:32.086+0700] {processor.py:208} INFO - Processing /Users/prabowo.kadir/.pyenv/versions/3.8.18/lib/python3.8/site-packages/airflow/example_dags/example_workday_timetable.py took 0.141 seconds
