[2024-10-03T19:23:01.930+0700] {processor.py:186} INFO - Started process (PID=89906) to work on /Users/prabowo.kadir/.pyenv/versions/3.8.18/lib/python3.8/site-packages/airflow/example_dags/example_short_circuit_decorator.py
[2024-10-03T19:23:01.930+0700] {processor.py:914} INFO - Processing file /Users/prabowo.kadir/.pyenv/versions/3.8.18/lib/python3.8/site-packages/airflow/example_dags/example_short_circuit_decorator.py for tasks to queue
[2024-10-03T19:23:01.931+0700] {logging_mixin.py:190} INFO - [2024-10-03T19:23:01.931+0700] {dagbag.py:588} INFO - Filling up the DagBag from /Users/prabowo.kadir/.pyenv/versions/3.8.18/lib/python3.8/site-packages/airflow/example_dags/example_short_circuit_decorator.py
[2024-10-03T19:23:01.983+0700] {processor.py:925} INFO - DAG(s) 'example_short_circuit_decorator' retrieved from /Users/prabowo.kadir/.pyenv/versions/3.8.18/lib/python3.8/site-packages/airflow/example_dags/example_short_circuit_decorator.py
[2024-10-03T19:23:02.031+0700] {logging_mixin.py:190} INFO - [2024-10-03T19:23:02.031+0700] {dag.py:3239} INFO - Sync 1 DAGs
[2024-10-03T19:23:02.035+0700] {logging_mixin.py:190} INFO - [2024-10-03T19:23:02.035+0700] {dag.py:4180} INFO - Setting next_dagrun for example_short_circuit_decorator to None, run_after=None
[2024-10-03T19:23:02.045+0700] {processor.py:208} INFO - Processing /Users/prabowo.kadir/.pyenv/versions/3.8.18/lib/python3.8/site-packages/airflow/example_dags/example_short_circuit_decorator.py took 0.118 seconds
[2024-10-03T19:26:03.481+0700] {processor.py:186} INFO - Started process (PID=90212) to work on /Users/prabowo.kadir/.pyenv/versions/3.8.18/lib/python3.8/site-packages/airflow/example_dags/example_short_circuit_decorator.py
[2024-10-03T19:26:03.482+0700] {processor.py:914} INFO - Processing file /Users/prabowo.kadir/.pyenv/versions/3.8.18/lib/python3.8/site-packages/airflow/example_dags/example_short_circuit_decorator.py for tasks to queue
[2024-10-03T19:26:03.482+0700] {logging_mixin.py:190} INFO - [2024-10-03T19:26:03.482+0700] {dagbag.py:588} INFO - Filling up the DagBag from /Users/prabowo.kadir/.pyenv/versions/3.8.18/lib/python3.8/site-packages/airflow/example_dags/example_short_circuit_decorator.py
[2024-10-03T19:26:03.532+0700] {processor.py:925} INFO - DAG(s) 'example_short_circuit_decorator' retrieved from /Users/prabowo.kadir/.pyenv/versions/3.8.18/lib/python3.8/site-packages/airflow/example_dags/example_short_circuit_decorator.py
[2024-10-03T19:26:03.579+0700] {logging_mixin.py:190} INFO - [2024-10-03T19:26:03.579+0700] {dag.py:3239} INFO - Sync 1 DAGs
[2024-10-03T19:26:03.584+0700] {logging_mixin.py:190} INFO - [2024-10-03T19:26:03.584+0700] {dag.py:4180} INFO - Setting next_dagrun for example_short_circuit_decorator to None, run_after=None
[2024-10-03T19:26:03.647+0700] {processor.py:208} INFO - Processing /Users/prabowo.kadir/.pyenv/versions/3.8.18/lib/python3.8/site-packages/airflow/example_dags/example_short_circuit_decorator.py took 0.167 seconds
[2024-10-03T19:28:17.829+0700] {processor.py:186} INFO - Started process (PID=90392) to work on /Users/prabowo.kadir/.pyenv/versions/3.8.18/lib/python3.8/site-packages/airflow/example_dags/example_short_circuit_decorator.py
[2024-10-03T19:28:17.830+0700] {processor.py:914} INFO - Processing file /Users/prabowo.kadir/.pyenv/versions/3.8.18/lib/python3.8/site-packages/airflow/example_dags/example_short_circuit_decorator.py for tasks to queue
[2024-10-03T19:28:17.831+0700] {logging_mixin.py:190} INFO - [2024-10-03T19:28:17.830+0700] {dagbag.py:588} INFO - Filling up the DagBag from /Users/prabowo.kadir/.pyenv/versions/3.8.18/lib/python3.8/site-packages/airflow/example_dags/example_short_circuit_decorator.py
[2024-10-03T19:28:17.891+0700] {processor.py:925} INFO - DAG(s) 'example_short_circuit_decorator' retrieved from /Users/prabowo.kadir/.pyenv/versions/3.8.18/lib/python3.8/site-packages/airflow/example_dags/example_short_circuit_decorator.py
[2024-10-03T19:28:17.944+0700] {logging_mixin.py:190} INFO - [2024-10-03T19:28:17.944+0700] {dag.py:3239} INFO - Sync 1 DAGs
[2024-10-03T19:28:17.949+0700] {logging_mixin.py:190} INFO - [2024-10-03T19:28:17.949+0700] {dag.py:4180} INFO - Setting next_dagrun for example_short_circuit_decorator to None, run_after=None
[2024-10-03T19:28:17.962+0700] {processor.py:208} INFO - Processing /Users/prabowo.kadir/.pyenv/versions/3.8.18/lib/python3.8/site-packages/airflow/example_dags/example_short_circuit_decorator.py took 0.135 seconds
[2024-10-03T19:30:00.535+0700] {processor.py:186} INFO - Started process (PID=90751) to work on /Users/prabowo.kadir/.pyenv/versions/3.8.18/lib/python3.8/site-packages/airflow/example_dags/example_short_circuit_decorator.py
[2024-10-03T19:30:00.536+0700] {processor.py:914} INFO - Processing file /Users/prabowo.kadir/.pyenv/versions/3.8.18/lib/python3.8/site-packages/airflow/example_dags/example_short_circuit_decorator.py for tasks to queue
[2024-10-03T19:30:00.536+0700] {logging_mixin.py:190} INFO - [2024-10-03T19:30:00.536+0700] {dagbag.py:588} INFO - Filling up the DagBag from /Users/prabowo.kadir/.pyenv/versions/3.8.18/lib/python3.8/site-packages/airflow/example_dags/example_short_circuit_decorator.py
[2024-10-03T19:30:00.583+0700] {processor.py:925} INFO - DAG(s) 'example_short_circuit_decorator' retrieved from /Users/prabowo.kadir/.pyenv/versions/3.8.18/lib/python3.8/site-packages/airflow/example_dags/example_short_circuit_decorator.py
[2024-10-03T19:30:00.631+0700] {logging_mixin.py:190} INFO - [2024-10-03T19:30:00.631+0700] {dag.py:3239} INFO - Sync 1 DAGs
[2024-10-03T19:30:00.636+0700] {logging_mixin.py:190} INFO - [2024-10-03T19:30:00.636+0700] {dag.py:4180} INFO - Setting next_dagrun for example_short_circuit_decorator to None, run_after=None
[2024-10-03T19:30:00.649+0700] {processor.py:208} INFO - Processing /Users/prabowo.kadir/.pyenv/versions/3.8.18/lib/python3.8/site-packages/airflow/example_dags/example_short_circuit_decorator.py took 0.116 seconds
[2024-10-03T19:32:02.591+0700] {processor.py:186} INFO - Started process (PID=91245) to work on /Users/prabowo.kadir/.pyenv/versions/3.8.18/lib/python3.8/site-packages/airflow/example_dags/example_short_circuit_decorator.py
[2024-10-03T19:32:02.592+0700] {processor.py:914} INFO - Processing file /Users/prabowo.kadir/.pyenv/versions/3.8.18/lib/python3.8/site-packages/airflow/example_dags/example_short_circuit_decorator.py for tasks to queue
[2024-10-03T19:32:02.593+0700] {logging_mixin.py:190} INFO - [2024-10-03T19:32:02.593+0700] {dagbag.py:588} INFO - Filling up the DagBag from /Users/prabowo.kadir/.pyenv/versions/3.8.18/lib/python3.8/site-packages/airflow/example_dags/example_short_circuit_decorator.py
[2024-10-03T19:32:02.687+0700] {processor.py:925} INFO - DAG(s) 'example_short_circuit_decorator' retrieved from /Users/prabowo.kadir/.pyenv/versions/3.8.18/lib/python3.8/site-packages/airflow/example_dags/example_short_circuit_decorator.py
[2024-10-03T19:32:02.740+0700] {logging_mixin.py:190} INFO - [2024-10-03T19:32:02.740+0700] {dag.py:3239} INFO - Sync 1 DAGs
[2024-10-03T19:32:02.745+0700] {logging_mixin.py:190} INFO - [2024-10-03T19:32:02.745+0700] {dag.py:4180} INFO - Setting next_dagrun for example_short_circuit_decorator to None, run_after=None
[2024-10-03T19:32:02.755+0700] {processor.py:208} INFO - Processing /Users/prabowo.kadir/.pyenv/versions/3.8.18/lib/python3.8/site-packages/airflow/example_dags/example_short_circuit_decorator.py took 0.166 seconds
