[2024-10-03T19:23:29.345+0700] {processor.py:186} INFO - Started process (PID=89949) to work on /Users/prabowo.kadir/.pyenv/versions/3.8.18/lib/python3.8/site-packages/airflow/example_dags/example_outlet_event_extra.py
[2024-10-03T19:23:29.346+0700] {processor.py:914} INFO - Processing file /Users/prabowo.kadir/.pyenv/versions/3.8.18/lib/python3.8/site-packages/airflow/example_dags/example_outlet_event_extra.py for tasks to queue
[2024-10-03T19:23:29.346+0700] {logging_mixin.py:190} INFO - [2024-10-03T19:23:29.346+0700] {dagbag.py:588} INFO - Filling up the DagBag from /Users/prabowo.kadir/.pyenv/versions/3.8.18/lib/python3.8/site-packages/airflow/example_dags/example_outlet_event_extra.py
[2024-10-03T19:23:29.553+0700] {processor.py:925} INFO - DAG(s) 'dataset_with_extra_from_classic_operator', 'dataset_with_extra_by_yield', 'dataset_with_extra_by_context' retrieved from /Users/prabowo.kadir/.pyenv/versions/3.8.18/lib/python3.8/site-packages/airflow/example_dags/example_outlet_event_extra.py
[2024-10-03T19:23:29.611+0700] {logging_mixin.py:190} INFO - [2024-10-03T19:23:29.611+0700] {dag.py:3239} INFO - Sync 3 DAGs
[2024-10-03T19:23:29.619+0700] {logging_mixin.py:190} INFO - [2024-10-03T19:23:29.619+0700] {dag.py:4180} INFO - Setting next_dagrun for dataset_with_extra_by_context to 2024-10-02 00:00:00+00:00, run_after=2024-10-03 00:00:00+00:00
[2024-10-03T19:23:29.621+0700] {logging_mixin.py:190} INFO - [2024-10-03T19:23:29.621+0700] {dag.py:4180} INFO - Setting next_dagrun for dataset_with_extra_by_yield to 2024-10-02 00:00:00+00:00, run_after=2024-10-03 00:00:00+00:00
[2024-10-03T19:23:29.622+0700] {logging_mixin.py:190} INFO - [2024-10-03T19:23:29.622+0700] {dag.py:4180} INFO - Setting next_dagrun for dataset_with_extra_from_classic_operator to 2024-10-02 00:00:00+00:00, run_after=2024-10-03 00:00:00+00:00
[2024-10-03T19:23:29.640+0700] {processor.py:208} INFO - Processing /Users/prabowo.kadir/.pyenv/versions/3.8.18/lib/python3.8/site-packages/airflow/example_dags/example_outlet_event_extra.py took 0.300 seconds
[2024-10-03T19:26:31.373+0700] {processor.py:186} INFO - Started process (PID=90265) to work on /Users/prabowo.kadir/.pyenv/versions/3.8.18/lib/python3.8/site-packages/airflow/example_dags/example_outlet_event_extra.py
[2024-10-03T19:26:31.374+0700] {processor.py:914} INFO - Processing file /Users/prabowo.kadir/.pyenv/versions/3.8.18/lib/python3.8/site-packages/airflow/example_dags/example_outlet_event_extra.py for tasks to queue
[2024-10-03T19:26:31.375+0700] {logging_mixin.py:190} INFO - [2024-10-03T19:26:31.375+0700] {dagbag.py:588} INFO - Filling up the DagBag from /Users/prabowo.kadir/.pyenv/versions/3.8.18/lib/python3.8/site-packages/airflow/example_dags/example_outlet_event_extra.py
[2024-10-03T19:26:31.491+0700] {processor.py:925} INFO - DAG(s) 'dataset_with_extra_by_context', 'dataset_with_extra_by_yield', 'dataset_with_extra_from_classic_operator' retrieved from /Users/prabowo.kadir/.pyenv/versions/3.8.18/lib/python3.8/site-packages/airflow/example_dags/example_outlet_event_extra.py
[2024-10-03T19:26:31.538+0700] {logging_mixin.py:190} INFO - [2024-10-03T19:26:31.537+0700] {dag.py:3239} INFO - Sync 3 DAGs
[2024-10-03T19:26:31.545+0700] {logging_mixin.py:190} INFO - [2024-10-03T19:26:31.545+0700] {dag.py:4180} INFO - Setting next_dagrun for dataset_with_extra_by_context to 2024-10-02 00:00:00+00:00, run_after=2024-10-03 00:00:00+00:00
[2024-10-03T19:26:31.547+0700] {logging_mixin.py:190} INFO - [2024-10-03T19:26:31.547+0700] {dag.py:4180} INFO - Setting next_dagrun for dataset_with_extra_by_yield to 2024-10-02 00:00:00+00:00, run_after=2024-10-03 00:00:00+00:00
[2024-10-03T19:26:31.548+0700] {logging_mixin.py:190} INFO - [2024-10-03T19:26:31.548+0700] {dag.py:4180} INFO - Setting next_dagrun for dataset_with_extra_from_classic_operator to 2024-10-02 00:00:00+00:00, run_after=2024-10-03 00:00:00+00:00
[2024-10-03T19:26:31.557+0700] {processor.py:208} INFO - Processing /Users/prabowo.kadir/.pyenv/versions/3.8.18/lib/python3.8/site-packages/airflow/example_dags/example_outlet_event_extra.py took 0.189 seconds
[2024-10-03T19:28:44.146+0700] {processor.py:186} INFO - Started process (PID=90451) to work on /Users/prabowo.kadir/.pyenv/versions/3.8.18/lib/python3.8/site-packages/airflow/example_dags/example_outlet_event_extra.py
[2024-10-03T19:28:44.147+0700] {processor.py:914} INFO - Processing file /Users/prabowo.kadir/.pyenv/versions/3.8.18/lib/python3.8/site-packages/airflow/example_dags/example_outlet_event_extra.py for tasks to queue
[2024-10-03T19:28:44.148+0700] {logging_mixin.py:190} INFO - [2024-10-03T19:28:44.148+0700] {dagbag.py:588} INFO - Filling up the DagBag from /Users/prabowo.kadir/.pyenv/versions/3.8.18/lib/python3.8/site-packages/airflow/example_dags/example_outlet_event_extra.py
[2024-10-03T19:28:44.282+0700] {processor.py:925} INFO - DAG(s) 'dataset_with_extra_from_classic_operator', 'dataset_with_extra_by_yield', 'dataset_with_extra_by_context' retrieved from /Users/prabowo.kadir/.pyenv/versions/3.8.18/lib/python3.8/site-packages/airflow/example_dags/example_outlet_event_extra.py
[2024-10-03T19:28:44.329+0700] {logging_mixin.py:190} INFO - [2024-10-03T19:28:44.328+0700] {dag.py:3239} INFO - Sync 3 DAGs
[2024-10-03T19:28:44.337+0700] {logging_mixin.py:190} INFO - [2024-10-03T19:28:44.337+0700] {dag.py:4180} INFO - Setting next_dagrun for dataset_with_extra_by_context to 2024-10-02 00:00:00+00:00, run_after=2024-10-03 00:00:00+00:00
[2024-10-03T19:28:44.338+0700] {logging_mixin.py:190} INFO - [2024-10-03T19:28:44.338+0700] {dag.py:4180} INFO - Setting next_dagrun for dataset_with_extra_by_yield to 2024-10-02 00:00:00+00:00, run_after=2024-10-03 00:00:00+00:00
[2024-10-03T19:28:44.339+0700] {logging_mixin.py:190} INFO - [2024-10-03T19:28:44.339+0700] {dag.py:4180} INFO - Setting next_dagrun for dataset_with_extra_from_classic_operator to 2024-10-02 00:00:00+00:00, run_after=2024-10-03 00:00:00+00:00
[2024-10-03T19:28:44.349+0700] {processor.py:208} INFO - Processing /Users/prabowo.kadir/.pyenv/versions/3.8.18/lib/python3.8/site-packages/airflow/example_dags/example_outlet_event_extra.py took 0.204 seconds
