[2024-10-03T19:23:39.681+0700] {processor.py:186} INFO - Started process (PID=89957) to work on /Users/prabowo.kadir/.pyenv/versions/3.8.18/lib/python3.8/site-packages/airflow/example_dags/example_latest_only_with_trigger.py
[2024-10-03T19:23:39.682+0700] {processor.py:914} INFO - Processing file /Users/prabowo.kadir/.pyenv/versions/3.8.18/lib/python3.8/site-packages/airflow/example_dags/example_latest_only_with_trigger.py for tasks to queue
[2024-10-03T19:23:39.683+0700] {logging_mixin.py:190} INFO - [2024-10-03T19:23:39.683+0700] {dagbag.py:588} INFO - Filling up the DagBag from /Users/prabowo.kadir/.pyenv/versions/3.8.18/lib/python3.8/site-packages/airflow/example_dags/example_latest_only_with_trigger.py
[2024-10-03T19:23:39.695+0700] {processor.py:925} INFO - DAG(s) 'latest_only_with_trigger' retrieved from /Users/prabowo.kadir/.pyenv/versions/3.8.18/lib/python3.8/site-packages/airflow/example_dags/example_latest_only_with_trigger.py
[2024-10-03T19:23:39.782+0700] {logging_mixin.py:190} INFO - [2024-10-03T19:23:39.782+0700] {dag.py:3239} INFO - Sync 1 DAGs
[2024-10-03T19:23:39.791+0700] {logging_mixin.py:190} INFO - [2024-10-03T19:23:39.791+0700] {dag.py:4180} INFO - Setting next_dagrun for latest_only_with_trigger to 2024-10-03 08:00:00+00:00, run_after=2024-10-03 12:00:00+00:00
[2024-10-03T19:23:39.801+0700] {processor.py:208} INFO - Processing /Users/prabowo.kadir/.pyenv/versions/3.8.18/lib/python3.8/site-packages/airflow/example_dags/example_latest_only_with_trigger.py took 0.126 seconds
[2024-10-03T19:26:39.829+0700] {processor.py:186} INFO - Started process (PID=90273) to work on /Users/prabowo.kadir/.pyenv/versions/3.8.18/lib/python3.8/site-packages/airflow/example_dags/example_latest_only_with_trigger.py
[2024-10-03T19:26:39.830+0700] {processor.py:914} INFO - Processing file /Users/prabowo.kadir/.pyenv/versions/3.8.18/lib/python3.8/site-packages/airflow/example_dags/example_latest_only_with_trigger.py for tasks to queue
[2024-10-03T19:26:39.831+0700] {logging_mixin.py:190} INFO - [2024-10-03T19:26:39.831+0700] {dagbag.py:588} INFO - Filling up the DagBag from /Users/prabowo.kadir/.pyenv/versions/3.8.18/lib/python3.8/site-packages/airflow/example_dags/example_latest_only_with_trigger.py
[2024-10-03T19:26:39.838+0700] {processor.py:925} INFO - DAG(s) 'latest_only_with_trigger' retrieved from /Users/prabowo.kadir/.pyenv/versions/3.8.18/lib/python3.8/site-packages/airflow/example_dags/example_latest_only_with_trigger.py
[2024-10-03T19:26:39.909+0700] {logging_mixin.py:190} INFO - [2024-10-03T19:26:39.909+0700] {dag.py:3239} INFO - Sync 1 DAGs
[2024-10-03T19:26:39.918+0700] {logging_mixin.py:190} INFO - [2024-10-03T19:26:39.918+0700] {dag.py:4180} INFO - Setting next_dagrun for latest_only_with_trigger to 2024-10-03 08:00:00+00:00, run_after=2024-10-03 12:00:00+00:00
[2024-10-03T19:26:39.932+0700] {processor.py:208} INFO - Processing /Users/prabowo.kadir/.pyenv/versions/3.8.18/lib/python3.8/site-packages/airflow/example_dags/example_latest_only_with_trigger.py took 0.106 seconds
[2024-10-03T19:28:50.491+0700] {processor.py:186} INFO - Started process (PID=90476) to work on /Users/prabowo.kadir/.pyenv/versions/3.8.18/lib/python3.8/site-packages/airflow/example_dags/example_latest_only_with_trigger.py
[2024-10-03T19:28:50.492+0700] {processor.py:914} INFO - Processing file /Users/prabowo.kadir/.pyenv/versions/3.8.18/lib/python3.8/site-packages/airflow/example_dags/example_latest_only_with_trigger.py for tasks to queue
[2024-10-03T19:28:50.492+0700] {logging_mixin.py:190} INFO - [2024-10-03T19:28:50.492+0700] {dagbag.py:588} INFO - Filling up the DagBag from /Users/prabowo.kadir/.pyenv/versions/3.8.18/lib/python3.8/site-packages/airflow/example_dags/example_latest_only_with_trigger.py
[2024-10-03T19:28:50.498+0700] {processor.py:925} INFO - DAG(s) 'latest_only_with_trigger' retrieved from /Users/prabowo.kadir/.pyenv/versions/3.8.18/lib/python3.8/site-packages/airflow/example_dags/example_latest_only_with_trigger.py
[2024-10-03T19:28:50.564+0700] {logging_mixin.py:190} INFO - [2024-10-03T19:28:50.564+0700] {dag.py:3239} INFO - Sync 1 DAGs
[2024-10-03T19:28:50.572+0700] {logging_mixin.py:190} INFO - [2024-10-03T19:28:50.572+0700] {dag.py:4180} INFO - Setting next_dagrun for latest_only_with_trigger to 2024-10-03 08:00:00+00:00, run_after=2024-10-03 12:00:00+00:00
[2024-10-03T19:28:50.581+0700] {processor.py:208} INFO - Processing /Users/prabowo.kadir/.pyenv/versions/3.8.18/lib/python3.8/site-packages/airflow/example_dags/example_latest_only_with_trigger.py took 0.092 seconds
