[2024-10-03T19:23:33.023+0700] {processor.py:186} INFO - Started process (PID=89952) to work on /Users/prabowo.kadir/.pyenv/versions/3.8.18/lib/python3.8/site-packages/airflow/example_dags/example_nested_branch_dag.py
[2024-10-03T19:23:33.024+0700] {processor.py:914} INFO - Processing file /Users/prabowo.kadir/.pyenv/versions/3.8.18/lib/python3.8/site-packages/airflow/example_dags/example_nested_branch_dag.py for tasks to queue
[2024-10-03T19:23:33.024+0700] {logging_mixin.py:190} INFO - [2024-10-03T19:23:33.024+0700] {dagbag.py:588} INFO - Filling up the DagBag from /Users/prabowo.kadir/.pyenv/versions/3.8.18/lib/python3.8/site-packages/airflow/example_dags/example_nested_branch_dag.py
[2024-10-03T19:23:33.095+0700] {processor.py:925} INFO - DAG(s) 'example_nested_branch_dag' retrieved from /Users/prabowo.kadir/.pyenv/versions/3.8.18/lib/python3.8/site-packages/airflow/example_dags/example_nested_branch_dag.py
[2024-10-03T19:23:33.143+0700] {logging_mixin.py:190} INFO - [2024-10-03T19:23:33.142+0700] {dag.py:3239} INFO - Sync 1 DAGs
[2024-10-03T19:23:33.150+0700] {logging_mixin.py:190} INFO - [2024-10-03T19:23:33.150+0700] {dag.py:4180} INFO - Setting next_dagrun for example_nested_branch_dag to 2024-10-02 00:00:00+00:00, run_after=2024-10-03 00:00:00+00:00
[2024-10-03T19:23:33.159+0700] {processor.py:208} INFO - Processing /Users/prabowo.kadir/.pyenv/versions/3.8.18/lib/python3.8/site-packages/airflow/example_dags/example_nested_branch_dag.py took 0.138 seconds
[2024-10-03T19:26:34.804+0700] {processor.py:186} INFO - Started process (PID=90267) to work on /Users/prabowo.kadir/.pyenv/versions/3.8.18/lib/python3.8/site-packages/airflow/example_dags/example_nested_branch_dag.py
[2024-10-03T19:26:34.805+0700] {processor.py:914} INFO - Processing file /Users/prabowo.kadir/.pyenv/versions/3.8.18/lib/python3.8/site-packages/airflow/example_dags/example_nested_branch_dag.py for tasks to queue
[2024-10-03T19:26:34.805+0700] {logging_mixin.py:190} INFO - [2024-10-03T19:26:34.805+0700] {dagbag.py:588} INFO - Filling up the DagBag from /Users/prabowo.kadir/.pyenv/versions/3.8.18/lib/python3.8/site-packages/airflow/example_dags/example_nested_branch_dag.py
[2024-10-03T19:26:34.873+0700] {processor.py:925} INFO - DAG(s) 'example_nested_branch_dag' retrieved from /Users/prabowo.kadir/.pyenv/versions/3.8.18/lib/python3.8/site-packages/airflow/example_dags/example_nested_branch_dag.py
[2024-10-03T19:26:34.923+0700] {logging_mixin.py:190} INFO - [2024-10-03T19:26:34.922+0700] {dag.py:3239} INFO - Sync 1 DAGs
[2024-10-03T19:26:34.932+0700] {logging_mixin.py:190} INFO - [2024-10-03T19:26:34.932+0700] {dag.py:4180} INFO - Setting next_dagrun for example_nested_branch_dag to 2024-10-02 00:00:00+00:00, run_after=2024-10-03 00:00:00+00:00
[2024-10-03T19:26:34.945+0700] {processor.py:208} INFO - Processing /Users/prabowo.kadir/.pyenv/versions/3.8.18/lib/python3.8/site-packages/airflow/example_dags/example_nested_branch_dag.py took 0.144 seconds
[2024-10-03T19:28:45.717+0700] {processor.py:186} INFO - Started process (PID=90454) to work on /Users/prabowo.kadir/.pyenv/versions/3.8.18/lib/python3.8/site-packages/airflow/example_dags/example_nested_branch_dag.py
[2024-10-03T19:28:45.718+0700] {processor.py:914} INFO - Processing file /Users/prabowo.kadir/.pyenv/versions/3.8.18/lib/python3.8/site-packages/airflow/example_dags/example_nested_branch_dag.py for tasks to queue
[2024-10-03T19:28:45.719+0700] {logging_mixin.py:190} INFO - [2024-10-03T19:28:45.719+0700] {dagbag.py:588} INFO - Filling up the DagBag from /Users/prabowo.kadir/.pyenv/versions/3.8.18/lib/python3.8/site-packages/airflow/example_dags/example_nested_branch_dag.py
[2024-10-03T19:28:45.767+0700] {processor.py:925} INFO - DAG(s) 'example_nested_branch_dag' retrieved from /Users/prabowo.kadir/.pyenv/versions/3.8.18/lib/python3.8/site-packages/airflow/example_dags/example_nested_branch_dag.py
[2024-10-03T19:28:45.811+0700] {logging_mixin.py:190} INFO - [2024-10-03T19:28:45.810+0700] {dag.py:3239} INFO - Sync 1 DAGs
[2024-10-03T19:28:45.818+0700] {logging_mixin.py:190} INFO - [2024-10-03T19:28:45.817+0700] {dag.py:4180} INFO - Setting next_dagrun for example_nested_branch_dag to 2024-10-02 00:00:00+00:00, run_after=2024-10-03 00:00:00+00:00
[2024-10-03T19:28:45.827+0700] {processor.py:208} INFO - Processing /Users/prabowo.kadir/.pyenv/versions/3.8.18/lib/python3.8/site-packages/airflow/example_dags/example_nested_branch_dag.py took 0.112 seconds
