[2024-10-03T19:22:37.581+0700] {processor.py:186} INFO - Started process (PID=89857) to work on /Users/prabowo.kadir/.pyenv/versions/3.8.18/lib/python3.8/site-packages/airflow/example_dags/example_xcom.py
[2024-10-03T19:22:37.582+0700] {processor.py:914} INFO - Processing file /Users/prabowo.kadir/.pyenv/versions/3.8.18/lib/python3.8/site-packages/airflow/example_dags/example_xcom.py for tasks to queue
[2024-10-03T19:22:37.582+0700] {logging_mixin.py:190} INFO - [2024-10-03T19:22:37.582+0700] {dagbag.py:588} INFO - Filling up the DagBag from /Users/prabowo.kadir/.pyenv/versions/3.8.18/lib/python3.8/site-packages/airflow/example_dags/example_xcom.py
[2024-10-03T19:22:37.635+0700] {processor.py:925} INFO - DAG(s) 'example_xcom' retrieved from /Users/prabowo.kadir/.pyenv/versions/3.8.18/lib/python3.8/site-packages/airflow/example_dags/example_xcom.py
[2024-10-03T19:22:37.685+0700] {logging_mixin.py:190} INFO - [2024-10-03T19:22:37.685+0700] {dag.py:3239} INFO - Sync 1 DAGs
[2024-10-03T19:22:37.692+0700] {logging_mixin.py:190} INFO - [2024-10-03T19:22:37.692+0700] {dag.py:4180} INFO - Setting next_dagrun for example_xcom to 2021-01-01 00:00:00+00:00, run_after=2021-01-01 00:00:00+00:00
[2024-10-03T19:22:37.703+0700] {processor.py:208} INFO - Processing /Users/prabowo.kadir/.pyenv/versions/3.8.18/lib/python3.8/site-packages/airflow/example_dags/example_xcom.py took 0.124 seconds
[2024-10-03T19:25:28.762+0700] {processor.py:186} INFO - Started process (PID=90143) to work on /Users/prabowo.kadir/.pyenv/versions/3.8.18/lib/python3.8/site-packages/airflow/example_dags/example_xcom.py
[2024-10-03T19:25:28.763+0700] {processor.py:914} INFO - Processing file /Users/prabowo.kadir/.pyenv/versions/3.8.18/lib/python3.8/site-packages/airflow/example_dags/example_xcom.py for tasks to queue
[2024-10-03T19:25:28.764+0700] {logging_mixin.py:190} INFO - [2024-10-03T19:25:28.764+0700] {dagbag.py:588} INFO - Filling up the DagBag from /Users/prabowo.kadir/.pyenv/versions/3.8.18/lib/python3.8/site-packages/airflow/example_dags/example_xcom.py
[2024-10-03T19:25:28.836+0700] {processor.py:925} INFO - DAG(s) 'example_xcom' retrieved from /Users/prabowo.kadir/.pyenv/versions/3.8.18/lib/python3.8/site-packages/airflow/example_dags/example_xcom.py
[2024-10-03T19:25:28.890+0700] {logging_mixin.py:190} INFO - [2024-10-03T19:25:28.890+0700] {dag.py:3239} INFO - Sync 1 DAGs
[2024-10-03T19:25:28.897+0700] {logging_mixin.py:190} INFO - [2024-10-03T19:25:28.897+0700] {dag.py:4180} INFO - Setting next_dagrun for example_xcom to 2021-01-01 00:00:00+00:00, run_after=2021-01-01 00:00:00+00:00
[2024-10-03T19:25:28.914+0700] {processor.py:208} INFO - Processing /Users/prabowo.kadir/.pyenv/versions/3.8.18/lib/python3.8/site-packages/airflow/example_dags/example_xcom.py took 0.155 seconds
[2024-10-03T19:27:44.510+0700] {processor.py:186} INFO - Started process (PID=90352) to work on /Users/prabowo.kadir/.pyenv/versions/3.8.18/lib/python3.8/site-packages/airflow/example_dags/example_xcom.py
[2024-10-03T19:27:44.516+0700] {processor.py:914} INFO - Processing file /Users/prabowo.kadir/.pyenv/versions/3.8.18/lib/python3.8/site-packages/airflow/example_dags/example_xcom.py for tasks to queue
[2024-10-03T19:27:44.516+0700] {logging_mixin.py:190} INFO - [2024-10-03T19:27:44.516+0700] {dagbag.py:588} INFO - Filling up the DagBag from /Users/prabowo.kadir/.pyenv/versions/3.8.18/lib/python3.8/site-packages/airflow/example_dags/example_xcom.py
[2024-10-03T19:27:44.576+0700] {processor.py:925} INFO - DAG(s) 'example_xcom' retrieved from /Users/prabowo.kadir/.pyenv/versions/3.8.18/lib/python3.8/site-packages/airflow/example_dags/example_xcom.py
[2024-10-03T19:27:44.621+0700] {logging_mixin.py:190} INFO - [2024-10-03T19:27:44.621+0700] {dag.py:3239} INFO - Sync 1 DAGs
[2024-10-03T19:27:44.627+0700] {logging_mixin.py:190} INFO - [2024-10-03T19:27:44.627+0700] {dag.py:4180} INFO - Setting next_dagrun for example_xcom to 2021-01-01 00:00:00+00:00, run_after=2021-01-01 00:00:00+00:00
[2024-10-03T19:27:44.639+0700] {processor.py:208} INFO - Processing /Users/prabowo.kadir/.pyenv/versions/3.8.18/lib/python3.8/site-packages/airflow/example_dags/example_xcom.py took 0.131 seconds
[2024-10-03T19:29:35.115+0700] {processor.py:186} INFO - Started process (PID=90609) to work on /Users/prabowo.kadir/.pyenv/versions/3.8.18/lib/python3.8/site-packages/airflow/example_dags/example_xcom.py
[2024-10-03T19:29:35.116+0700] {processor.py:914} INFO - Processing file /Users/prabowo.kadir/.pyenv/versions/3.8.18/lib/python3.8/site-packages/airflow/example_dags/example_xcom.py for tasks to queue
[2024-10-03T19:29:35.117+0700] {logging_mixin.py:190} INFO - [2024-10-03T19:29:35.117+0700] {dagbag.py:588} INFO - Filling up the DagBag from /Users/prabowo.kadir/.pyenv/versions/3.8.18/lib/python3.8/site-packages/airflow/example_dags/example_xcom.py
[2024-10-03T19:29:35.162+0700] {processor.py:925} INFO - DAG(s) 'example_xcom' retrieved from /Users/prabowo.kadir/.pyenv/versions/3.8.18/lib/python3.8/site-packages/airflow/example_dags/example_xcom.py
[2024-10-03T19:29:35.209+0700] {logging_mixin.py:190} INFO - [2024-10-03T19:29:35.209+0700] {dag.py:3239} INFO - Sync 1 DAGs
[2024-10-03T19:29:35.215+0700] {logging_mixin.py:190} INFO - [2024-10-03T19:29:35.215+0700] {dag.py:4180} INFO - Setting next_dagrun for example_xcom to 2021-01-01 00:00:00+00:00, run_after=2021-01-01 00:00:00+00:00
[2024-10-03T19:29:35.224+0700] {processor.py:208} INFO - Processing /Users/prabowo.kadir/.pyenv/versions/3.8.18/lib/python3.8/site-packages/airflow/example_dags/example_xcom.py took 0.111 seconds
