[2024-10-03T19:24:07.508+0700] {processor.py:186} INFO - Started process (PID=89983) to work on /Users/prabowo.kadir/.pyenv/versions/3.8.18/lib/python3.8/site-packages/airflow/example_dags/example_dataset_alias_with_no_taskflow.py
[2024-10-03T19:24:07.508+0700] {processor.py:914} INFO - Processing file /Users/prabowo.kadir/.pyenv/versions/3.8.18/lib/python3.8/site-packages/airflow/example_dags/example_dataset_alias_with_no_taskflow.py for tasks to queue
[2024-10-03T19:24:07.509+0700] {logging_mixin.py:190} INFO - [2024-10-03T19:24:07.509+0700] {dagbag.py:588} INFO - Filling up the DagBag from /Users/prabowo.kadir/.pyenv/versions/3.8.18/lib/python3.8/site-packages/airflow/example_dags/example_dataset_alias_with_no_taskflow.py
[2024-10-03T19:24:07.639+0700] {processor.py:925} INFO - DAG(s) 'dataset_s3_bucket_producer_with_no_taskflow', 'dataset_alias_example_alias_consumer_with_no_taskflow', 'dataset_s3_bucket_consumer_with_no_taskflow', 'dataset_alias_example_alias_producer_with_no_taskflow' retrieved from /Users/prabowo.kadir/.pyenv/versions/3.8.18/lib/python3.8/site-packages/airflow/example_dags/example_dataset_alias_with_no_taskflow.py
[2024-10-03T19:24:07.659+0700] {logging_mixin.py:190} INFO - [2024-10-03T19:24:07.658+0700] {dag.py:3239} INFO - Sync 4 DAGs
[2024-10-03T19:24:07.666+0700] {logging_mixin.py:190} INFO - [2024-10-03T19:24:07.666+0700] {dag.py:4180} INFO - Setting next_dagrun for dataset_alias_example_alias_consumer_with_no_taskflow to None, run_after=None
[2024-10-03T19:24:07.666+0700] {logging_mixin.py:190} INFO - [2024-10-03T19:24:07.666+0700] {dag.py:4180} INFO - Setting next_dagrun for dataset_alias_example_alias_producer_with_no_taskflow to None, run_after=None
[2024-10-03T19:24:07.667+0700] {logging_mixin.py:190} INFO - [2024-10-03T19:24:07.667+0700] {dag.py:4180} INFO - Setting next_dagrun for dataset_s3_bucket_consumer_with_no_taskflow to None, run_after=None
[2024-10-03T19:24:07.667+0700] {logging_mixin.py:190} INFO - [2024-10-03T19:24:07.667+0700] {dag.py:4180} INFO - Setting next_dagrun for dataset_s3_bucket_producer_with_no_taskflow to None, run_after=None
[2024-10-03T19:24:07.678+0700] {processor.py:208} INFO - Processing /Users/prabowo.kadir/.pyenv/versions/3.8.18/lib/python3.8/site-packages/airflow/example_dags/example_dataset_alias_with_no_taskflow.py took 0.172 seconds
[2024-10-03T19:27:04.720+0700] {processor.py:186} INFO - Started process (PID=90303) to work on /Users/prabowo.kadir/.pyenv/versions/3.8.18/lib/python3.8/site-packages/airflow/example_dags/example_dataset_alias_with_no_taskflow.py
[2024-10-03T19:27:04.721+0700] {processor.py:914} INFO - Processing file /Users/prabowo.kadir/.pyenv/versions/3.8.18/lib/python3.8/site-packages/airflow/example_dags/example_dataset_alias_with_no_taskflow.py for tasks to queue
[2024-10-03T19:27:04.722+0700] {logging_mixin.py:190} INFO - [2024-10-03T19:27:04.721+0700] {dagbag.py:588} INFO - Filling up the DagBag from /Users/prabowo.kadir/.pyenv/versions/3.8.18/lib/python3.8/site-packages/airflow/example_dags/example_dataset_alias_with_no_taskflow.py
[2024-10-03T19:27:04.849+0700] {processor.py:925} INFO - DAG(s) 'dataset_alias_example_alias_consumer_with_no_taskflow', 'dataset_s3_bucket_producer_with_no_taskflow', 'dataset_s3_bucket_consumer_with_no_taskflow', 'dataset_alias_example_alias_producer_with_no_taskflow' retrieved from /Users/prabowo.kadir/.pyenv/versions/3.8.18/lib/python3.8/site-packages/airflow/example_dags/example_dataset_alias_with_no_taskflow.py
[2024-10-03T19:27:04.862+0700] {logging_mixin.py:190} INFO - [2024-10-03T19:27:04.861+0700] {dag.py:3239} INFO - Sync 4 DAGs
[2024-10-03T19:27:04.868+0700] {logging_mixin.py:190} INFO - [2024-10-03T19:27:04.868+0700] {dag.py:4180} INFO - Setting next_dagrun for dataset_alias_example_alias_consumer_with_no_taskflow to None, run_after=None
[2024-10-03T19:27:04.869+0700] {logging_mixin.py:190} INFO - [2024-10-03T19:27:04.869+0700] {dag.py:4180} INFO - Setting next_dagrun for dataset_alias_example_alias_producer_with_no_taskflow to None, run_after=None
[2024-10-03T19:27:04.869+0700] {logging_mixin.py:190} INFO - [2024-10-03T19:27:04.869+0700] {dag.py:4180} INFO - Setting next_dagrun for dataset_s3_bucket_consumer_with_no_taskflow to None, run_after=None
[2024-10-03T19:27:04.870+0700] {logging_mixin.py:190} INFO - [2024-10-03T19:27:04.870+0700] {dag.py:4180} INFO - Setting next_dagrun for dataset_s3_bucket_producer_with_no_taskflow to None, run_after=None
[2024-10-03T19:27:04.880+0700] {processor.py:208} INFO - Processing /Users/prabowo.kadir/.pyenv/versions/3.8.18/lib/python3.8/site-packages/airflow/example_dags/example_dataset_alias_with_no_taskflow.py took 0.162 seconds
[2024-10-03T19:30:44.899+0700] {processor.py:186} INFO - Started process (PID=90912) to work on /Users/prabowo.kadir/.pyenv/versions/3.8.18/lib/python3.8/site-packages/airflow/example_dags/example_dataset_alias_with_no_taskflow.py
[2024-10-03T19:30:44.901+0700] {processor.py:914} INFO - Processing file /Users/prabowo.kadir/.pyenv/versions/3.8.18/lib/python3.8/site-packages/airflow/example_dags/example_dataset_alias_with_no_taskflow.py for tasks to queue
[2024-10-03T19:30:44.901+0700] {logging_mixin.py:190} INFO - [2024-10-03T19:30:44.901+0700] {dagbag.py:588} INFO - Filling up the DagBag from /Users/prabowo.kadir/.pyenv/versions/3.8.18/lib/python3.8/site-packages/airflow/example_dags/example_dataset_alias_with_no_taskflow.py
[2024-10-03T19:30:45.044+0700] {processor.py:925} INFO - DAG(s) 'dataset_alias_example_alias_consumer_with_no_taskflow', 'dataset_s3_bucket_producer_with_no_taskflow', 'dataset_alias_example_alias_producer_with_no_taskflow', 'dataset_s3_bucket_consumer_with_no_taskflow' retrieved from /Users/prabowo.kadir/.pyenv/versions/3.8.18/lib/python3.8/site-packages/airflow/example_dags/example_dataset_alias_with_no_taskflow.py
[2024-10-03T19:30:45.061+0700] {logging_mixin.py:190} INFO - [2024-10-03T19:30:45.061+0700] {dag.py:3239} INFO - Sync 4 DAGs
[2024-10-03T19:30:45.068+0700] {logging_mixin.py:190} INFO - [2024-10-03T19:30:45.068+0700] {dag.py:4180} INFO - Setting next_dagrun for dataset_alias_example_alias_consumer_with_no_taskflow to None, run_after=None
[2024-10-03T19:30:45.069+0700] {logging_mixin.py:190} INFO - [2024-10-03T19:30:45.069+0700] {dag.py:4180} INFO - Setting next_dagrun for dataset_alias_example_alias_producer_with_no_taskflow to None, run_after=None
[2024-10-03T19:30:45.069+0700] {logging_mixin.py:190} INFO - [2024-10-03T19:30:45.069+0700] {dag.py:4180} INFO - Setting next_dagrun for dataset_s3_bucket_consumer_with_no_taskflow to None, run_after=None
[2024-10-03T19:30:45.070+0700] {logging_mixin.py:190} INFO - [2024-10-03T19:30:45.070+0700] {dag.py:4180} INFO - Setting next_dagrun for dataset_s3_bucket_producer_with_no_taskflow to None, run_after=None
[2024-10-03T19:30:45.080+0700] {processor.py:208} INFO - Processing /Users/prabowo.kadir/.pyenv/versions/3.8.18/lib/python3.8/site-packages/airflow/example_dags/example_dataset_alias_with_no_taskflow.py took 0.183 seconds
