[2024-10-03T19:23:48.593+0700] {processor.py:186} INFO - Started process (PID=89965) to work on /Users/prabowo.kadir/.pyenv/versions/3.8.18/lib/python3.8/site-packages/airflow/example_dags/example_inlet_event_extra.py
[2024-10-03T19:23:48.594+0700] {processor.py:914} INFO - Processing file /Users/prabowo.kadir/.pyenv/versions/3.8.18/lib/python3.8/site-packages/airflow/example_dags/example_inlet_event_extra.py for tasks to queue
[2024-10-03T19:23:48.594+0700] {logging_mixin.py:190} INFO - [2024-10-03T19:23:48.594+0700] {dagbag.py:588} INFO - Filling up the DagBag from /Users/prabowo.kadir/.pyenv/versions/3.8.18/lib/python3.8/site-packages/airflow/example_dags/example_inlet_event_extra.py
[2024-10-03T19:23:48.714+0700] {processor.py:925} INFO - DAG(s) 'read_dataset_event', 'read_dataset_event_from_classic' retrieved from /Users/prabowo.kadir/.pyenv/versions/3.8.18/lib/python3.8/site-packages/airflow/example_dags/example_inlet_event_extra.py
[2024-10-03T19:23:48.761+0700] {logging_mixin.py:190} INFO - [2024-10-03T19:23:48.761+0700] {dag.py:3239} INFO - Sync 2 DAGs
[2024-10-03T19:23:48.769+0700] {logging_mixin.py:190} INFO - [2024-10-03T19:23:48.768+0700] {dag.py:4180} INFO - Setting next_dagrun for read_dataset_event to 2024-10-02 00:00:00+00:00, run_after=2024-10-03 00:00:00+00:00
[2024-10-03T19:23:48.771+0700] {logging_mixin.py:190} INFO - [2024-10-03T19:23:48.771+0700] {dag.py:4180} INFO - Setting next_dagrun for read_dataset_event_from_classic to 2024-10-02 00:00:00+00:00, run_after=2024-10-03 00:00:00+00:00
[2024-10-03T19:23:48.780+0700] {processor.py:208} INFO - Processing /Users/prabowo.kadir/.pyenv/versions/3.8.18/lib/python3.8/site-packages/airflow/example_dags/example_inlet_event_extra.py took 0.189 seconds
[2024-10-03T19:26:48.931+0700] {processor.py:186} INFO - Started process (PID=90283) to work on /Users/prabowo.kadir/.pyenv/versions/3.8.18/lib/python3.8/site-packages/airflow/example_dags/example_inlet_event_extra.py
[2024-10-03T19:26:48.933+0700] {processor.py:914} INFO - Processing file /Users/prabowo.kadir/.pyenv/versions/3.8.18/lib/python3.8/site-packages/airflow/example_dags/example_inlet_event_extra.py for tasks to queue
[2024-10-03T19:26:48.933+0700] {logging_mixin.py:190} INFO - [2024-10-03T19:26:48.933+0700] {dagbag.py:588} INFO - Filling up the DagBag from /Users/prabowo.kadir/.pyenv/versions/3.8.18/lib/python3.8/site-packages/airflow/example_dags/example_inlet_event_extra.py
[2024-10-03T19:26:49.043+0700] {processor.py:925} INFO - DAG(s) 'read_dataset_event', 'read_dataset_event_from_classic' retrieved from /Users/prabowo.kadir/.pyenv/versions/3.8.18/lib/python3.8/site-packages/airflow/example_dags/example_inlet_event_extra.py
[2024-10-03T19:26:49.092+0700] {logging_mixin.py:190} INFO - [2024-10-03T19:26:49.092+0700] {dag.py:3239} INFO - Sync 2 DAGs
[2024-10-03T19:26:49.099+0700] {logging_mixin.py:190} INFO - [2024-10-03T19:26:49.099+0700] {dag.py:4180} INFO - Setting next_dagrun for read_dataset_event to 2024-10-02 00:00:00+00:00, run_after=2024-10-03 00:00:00+00:00
[2024-10-03T19:26:49.101+0700] {logging_mixin.py:190} INFO - [2024-10-03T19:26:49.101+0700] {dag.py:4180} INFO - Setting next_dagrun for read_dataset_event_from_classic to 2024-10-02 00:00:00+00:00, run_after=2024-10-03 00:00:00+00:00
[2024-10-03T19:26:49.110+0700] {processor.py:208} INFO - Processing /Users/prabowo.kadir/.pyenv/versions/3.8.18/lib/python3.8/site-packages/airflow/example_dags/example_inlet_event_extra.py took 0.182 seconds
[2024-10-03T19:30:28.292+0700] {processor.py:186} INFO - Started process (PID=90884) to work on /Users/prabowo.kadir/.pyenv/versions/3.8.18/lib/python3.8/site-packages/airflow/example_dags/example_inlet_event_extra.py
[2024-10-03T19:30:28.293+0700] {processor.py:914} INFO - Processing file /Users/prabowo.kadir/.pyenv/versions/3.8.18/lib/python3.8/site-packages/airflow/example_dags/example_inlet_event_extra.py for tasks to queue
[2024-10-03T19:30:28.293+0700] {logging_mixin.py:190} INFO - [2024-10-03T19:30:28.293+0700] {dagbag.py:588} INFO - Filling up the DagBag from /Users/prabowo.kadir/.pyenv/versions/3.8.18/lib/python3.8/site-packages/airflow/example_dags/example_inlet_event_extra.py
[2024-10-03T19:30:28.416+0700] {processor.py:925} INFO - DAG(s) 'read_dataset_event', 'read_dataset_event_from_classic' retrieved from /Users/prabowo.kadir/.pyenv/versions/3.8.18/lib/python3.8/site-packages/airflow/example_dags/example_inlet_event_extra.py
[2024-10-03T19:30:28.478+0700] {logging_mixin.py:190} INFO - [2024-10-03T19:30:28.478+0700] {dag.py:3239} INFO - Sync 2 DAGs
[2024-10-03T19:30:28.486+0700] {logging_mixin.py:190} INFO - [2024-10-03T19:30:28.486+0700] {dag.py:4180} INFO - Setting next_dagrun for read_dataset_event to 2024-10-02 00:00:00+00:00, run_after=2024-10-03 00:00:00+00:00
[2024-10-03T19:30:28.489+0700] {logging_mixin.py:190} INFO - [2024-10-03T19:30:28.489+0700] {dag.py:4180} INFO - Setting next_dagrun for read_dataset_event_from_classic to 2024-10-02 00:00:00+00:00, run_after=2024-10-03 00:00:00+00:00
[2024-10-03T19:30:28.504+0700] {processor.py:208} INFO - Processing /Users/prabowo.kadir/.pyenv/versions/3.8.18/lib/python3.8/site-packages/airflow/example_dags/example_inlet_event_extra.py took 0.214 seconds
