[2024-10-01T20:11:33.688+0700] {local_task_job_runner.py:123} INFO - ::group::Pre task execution logs
[2024-10-01T20:11:33.694+0700] {taskinstance.py:2612} INFO - Dependencies all met for dep_context=non-requeueable deps ti=<TaskInstance: dataset_consumes_1.consuming_1 manual__2024-10-01T13:11:29.626829+00:00 [queued]>
[2024-10-01T20:11:33.697+0700] {taskinstance.py:2612} INFO - Dependencies all met for dep_context=requeueable deps ti=<TaskInstance: dataset_consumes_1.consuming_1 manual__2024-10-01T13:11:29.626829+00:00 [queued]>
[2024-10-01T20:11:33.697+0700] {taskinstance.py:2865} INFO - Starting attempt 1 of 1
[2024-10-01T20:11:33.704+0700] {taskinstance.py:2888} INFO - Executing <Task(BashOperator): consuming_1> on 2024-10-01 13:11:29.626829+00:00
[2024-10-01T20:11:33.706+0700] {standard_task_runner.py:72} INFO - Started process 52472 to run task
[2024-10-01T20:11:33.710+0700] {standard_task_runner.py:104} INFO - Running: ['airflow', 'tasks', 'run', 'dataset_consumes_1', 'consuming_1', 'manual__2024-10-01T13:11:29.626829+00:00', '--job-id', '2', '--raw', '--subdir', '/Users/prabowo.kadir/.pyenv/versions/3.8.18/lib/python3.8/site-packages/airflow/example_dags/example_datasets.py', '--cfg-path', '/var/folders/lk/klrmp2bd20d72c73tx69tm840000gs/T/tmphmkkp_p4']
[2024-10-01T20:11:33.712+0700] {standard_task_runner.py:105} INFO - Job 2: Subtask consuming_1
[2024-10-01T20:11:33.798+0700] {task_command.py:467} INFO - Running <TaskInstance: dataset_consumes_1.consuming_1 manual__2024-10-01T13:11:29.626829+00:00 [running]> on host lapid02719
[2024-10-01T20:11:33.845+0700] {taskinstance.py:3131} INFO - Exporting env vars: AIRFLOW_CTX_DAG_OWNER='airflow' AIRFLOW_CTX_DAG_ID='dataset_consumes_1' AIRFLOW_CTX_TASK_ID='consuming_1' AIRFLOW_CTX_EXECUTION_DATE='2024-10-01T13:11:29.626829+00:00' AIRFLOW_CTX_TRY_NUMBER='1' AIRFLOW_CTX_DAG_RUN_ID='manual__2024-10-01T13:11:29.626829+00:00'
[2024-10-01T20:11:33.848+0700] {logging_mixin.py:190} INFO - Task instance is in running state
[2024-10-01T20:11:33.849+0700] {logging_mixin.py:190} INFO -  Previous state of the Task instance: queued
[2024-10-01T20:11:33.849+0700] {logging_mixin.py:190} INFO - Current task name:consuming_1 state:running start_date:2024-10-01 13:11:33.695139+00:00
[2024-10-01T20:11:33.853+0700] {logging_mixin.py:190} INFO - Dag name:dataset_consumes_1 and current dag run status:running
[2024-10-01T20:11:33.854+0700] {taskinstance.py:731} INFO - ::endgroup::
[2024-10-01T20:11:33.856+0700] {subprocess.py:63} INFO - Tmp dir root location: /var/folders/lk/klrmp2bd20d72c73tx69tm840000gs/T
[2024-10-01T20:11:33.858+0700] {subprocess.py:75} INFO - Running command: ['/bin/bash', '-c', 'sleep 5']
[2024-10-01T20:11:33.864+0700] {subprocess.py:86} INFO - Output:
[2024-10-01T20:11:38.926+0700] {subprocess.py:97} INFO - Command exited with return code 0
[2024-10-01T20:11:38.961+0700] {taskinstance.py:340} INFO - ::group::Post task execution logs
[2024-10-01T20:11:38.972+0700] {taskinstance.py:352} INFO - Marking task as SUCCESS. dag_id=dataset_consumes_1, task_id=consuming_1, run_id=manual__2024-10-01T13:11:29.626829+00:00, execution_date=20241001T131129, start_date=20241001T131133, end_date=20241001T131138
[2024-10-01T20:11:38.987+0700] {logging_mixin.py:190} INFO - Task instance in success state
[2024-10-01T20:11:38.988+0700] {logging_mixin.py:190} INFO -  Previous state of the Task instance: running
[2024-10-01T20:11:38.989+0700] {logging_mixin.py:190} INFO - Dag name:dataset_consumes_1 queued_at:2024-10-01 13:11:29.659726+00:00
[2024-10-01T20:11:38.990+0700] {logging_mixin.py:190} INFO - Task hostname:lapid02719 operator:BashOperator
[2024-10-01T20:11:39.029+0700] {local_task_job_runner.py:266} INFO - Task exited with return code 0
[2024-10-01T20:11:39.038+0700] {taskinstance.py:3900} INFO - 0 downstream tasks scheduled from follow-on schedule check
[2024-10-01T20:11:39.038+0700] {local_task_job_runner.py:245} INFO - ::endgroup::
