[2024-10-03T19:22:13.959+0700] {processor.py:186} INFO - Started process (PID=89816) to work on /Users/prabowo.kadir/.pyenv/versions/3.8.18/lib/python3.8/site-packages/airflow/example_dags/plugins/listener_plugin.py
[2024-10-03T19:22:13.960+0700] {processor.py:914} INFO - Processing file /Users/prabowo.kadir/.pyenv/versions/3.8.18/lib/python3.8/site-packages/airflow/example_dags/plugins/listener_plugin.py for tasks to queue
[2024-10-03T19:22:13.960+0700] {logging_mixin.py:190} INFO - [2024-10-03T19:22:13.960+0700] {dagbag.py:588} INFO - Filling up the DagBag from /Users/prabowo.kadir/.pyenv/versions/3.8.18/lib/python3.8/site-packages/airflow/example_dags/plugins/listener_plugin.py
[2024-10-03T19:22:13.962+0700] {processor.py:927} WARNING - No viable dags retrieved from /Users/prabowo.kadir/.pyenv/versions/3.8.18/lib/python3.8/site-packages/airflow/example_dags/plugins/listener_plugin.py
[2024-10-03T19:22:14.032+0700] {processor.py:208} INFO - Processing /Users/prabowo.kadir/.pyenv/versions/3.8.18/lib/python3.8/site-packages/airflow/example_dags/plugins/listener_plugin.py took 0.075 seconds
[2024-10-03T19:24:59.346+0700] {processor.py:186} INFO - Started process (PID=90094) to work on /Users/prabowo.kadir/.pyenv/versions/3.8.18/lib/python3.8/site-packages/airflow/example_dags/plugins/listener_plugin.py
[2024-10-03T19:24:59.348+0700] {processor.py:914} INFO - Processing file /Users/prabowo.kadir/.pyenv/versions/3.8.18/lib/python3.8/site-packages/airflow/example_dags/plugins/listener_plugin.py for tasks to queue
[2024-10-03T19:24:59.349+0700] {logging_mixin.py:190} INFO - [2024-10-03T19:24:59.348+0700] {dagbag.py:588} INFO - Filling up the DagBag from /Users/prabowo.kadir/.pyenv/versions/3.8.18/lib/python3.8/site-packages/airflow/example_dags/plugins/listener_plugin.py
[2024-10-03T19:24:59.356+0700] {processor.py:927} WARNING - No viable dags retrieved from /Users/prabowo.kadir/.pyenv/versions/3.8.18/lib/python3.8/site-packages/airflow/example_dags/plugins/listener_plugin.py
[2024-10-03T19:24:59.424+0700] {processor.py:208} INFO - Processing /Users/prabowo.kadir/.pyenv/versions/3.8.18/lib/python3.8/site-packages/airflow/example_dags/plugins/listener_plugin.py took 0.081 seconds
[2024-10-03T19:27:16.724+0700] {processor.py:186} INFO - Started process (PID=90329) to work on /Users/prabowo.kadir/.pyenv/versions/3.8.18/lib/python3.8/site-packages/airflow/example_dags/plugins/listener_plugin.py
[2024-10-03T19:27:16.725+0700] {processor.py:914} INFO - Processing file /Users/prabowo.kadir/.pyenv/versions/3.8.18/lib/python3.8/site-packages/airflow/example_dags/plugins/listener_plugin.py for tasks to queue
[2024-10-03T19:27:16.726+0700] {logging_mixin.py:190} INFO - [2024-10-03T19:27:16.726+0700] {dagbag.py:588} INFO - Filling up the DagBag from /Users/prabowo.kadir/.pyenv/versions/3.8.18/lib/python3.8/site-packages/airflow/example_dags/plugins/listener_plugin.py
[2024-10-03T19:27:16.727+0700] {processor.py:927} WARNING - No viable dags retrieved from /Users/prabowo.kadir/.pyenv/versions/3.8.18/lib/python3.8/site-packages/airflow/example_dags/plugins/listener_plugin.py
[2024-10-03T19:27:16.788+0700] {processor.py:208} INFO - Processing /Users/prabowo.kadir/.pyenv/versions/3.8.18/lib/python3.8/site-packages/airflow/example_dags/plugins/listener_plugin.py took 0.065 seconds
[2024-10-03T19:29:16.076+0700] {processor.py:186} INFO - Started process (PID=90562) to work on /Users/prabowo.kadir/.pyenv/versions/3.8.18/lib/python3.8/site-packages/airflow/example_dags/plugins/listener_plugin.py
[2024-10-03T19:29:16.077+0700] {processor.py:914} INFO - Processing file /Users/prabowo.kadir/.pyenv/versions/3.8.18/lib/python3.8/site-packages/airflow/example_dags/plugins/listener_plugin.py for tasks to queue
[2024-10-03T19:29:16.077+0700] {logging_mixin.py:190} INFO - [2024-10-03T19:29:16.077+0700] {dagbag.py:588} INFO - Filling up the DagBag from /Users/prabowo.kadir/.pyenv/versions/3.8.18/lib/python3.8/site-packages/airflow/example_dags/plugins/listener_plugin.py
[2024-10-03T19:29:16.080+0700] {processor.py:927} WARNING - No viable dags retrieved from /Users/prabowo.kadir/.pyenv/versions/3.8.18/lib/python3.8/site-packages/airflow/example_dags/plugins/listener_plugin.py
[2024-10-03T19:29:16.141+0700] {processor.py:208} INFO - Processing /Users/prabowo.kadir/.pyenv/versions/3.8.18/lib/python3.8/site-packages/airflow/example_dags/plugins/listener_plugin.py took 0.067 seconds
[2024-10-03T19:30:57.486+0700] {processor.py:186} INFO - Started process (PID=90937) to work on /Users/prabowo.kadir/.pyenv/versions/3.8.18/lib/python3.8/site-packages/airflow/example_dags/plugins/listener_plugin.py
[2024-10-03T19:30:57.487+0700] {processor.py:914} INFO - Processing file /Users/prabowo.kadir/.pyenv/versions/3.8.18/lib/python3.8/site-packages/airflow/example_dags/plugins/listener_plugin.py for tasks to queue
[2024-10-03T19:30:57.488+0700] {logging_mixin.py:190} INFO - [2024-10-03T19:30:57.488+0700] {dagbag.py:588} INFO - Filling up the DagBag from /Users/prabowo.kadir/.pyenv/versions/3.8.18/lib/python3.8/site-packages/airflow/example_dags/plugins/listener_plugin.py
[2024-10-03T19:30:57.501+0700] {processor.py:927} WARNING - No viable dags retrieved from /Users/prabowo.kadir/.pyenv/versions/3.8.18/lib/python3.8/site-packages/airflow/example_dags/plugins/listener_plugin.py
[2024-10-03T19:30:57.578+0700] {processor.py:208} INFO - Processing /Users/prabowo.kadir/.pyenv/versions/3.8.18/lib/python3.8/site-packages/airflow/example_dags/plugins/listener_plugin.py took 0.099 seconds
