[2024-10-03T19:22:11.428+0700] {processor.py:186} INFO - Started process (PID=89808) to work on /Users/prabowo.kadir/.pyenv/versions/3.8.18/lib/python3.8/site-packages/airflow/example_dags/plugins/workday.py
[2024-10-03T19:22:11.428+0700] {processor.py:914} INFO - Processing file /Users/prabowo.kadir/.pyenv/versions/3.8.18/lib/python3.8/site-packages/airflow/example_dags/plugins/workday.py for tasks to queue
[2024-10-03T19:22:11.429+0700] {logging_mixin.py:190} INFO - [2024-10-03T19:22:11.429+0700] {dagbag.py:588} INFO - Filling up the DagBag from /Users/prabowo.kadir/.pyenv/versions/3.8.18/lib/python3.8/site-packages/airflow/example_dags/plugins/workday.py
[2024-10-03T19:22:11.430+0700] {logging_mixin.py:190} INFO - [2024-10-03T19:22:11.430+0700] {workday.py:41} WARNING - Could not import pandas. Holidays will not be considered.
[2024-10-03T19:22:11.430+0700] {processor.py:927} WARNING - No viable dags retrieved from /Users/prabowo.kadir/.pyenv/versions/3.8.18/lib/python3.8/site-packages/airflow/example_dags/plugins/workday.py
[2024-10-03T19:22:11.491+0700] {processor.py:208} INFO - Processing /Users/prabowo.kadir/.pyenv/versions/3.8.18/lib/python3.8/site-packages/airflow/example_dags/plugins/workday.py took 0.065 seconds
[2024-10-03T19:24:56.666+0700] {processor.py:186} INFO - Started process (PID=90061) to work on /Users/prabowo.kadir/.pyenv/versions/3.8.18/lib/python3.8/site-packages/airflow/example_dags/plugins/workday.py
[2024-10-03T19:24:56.673+0700] {processor.py:914} INFO - Processing file /Users/prabowo.kadir/.pyenv/versions/3.8.18/lib/python3.8/site-packages/airflow/example_dags/plugins/workday.py for tasks to queue
[2024-10-03T19:24:56.673+0700] {logging_mixin.py:190} INFO - [2024-10-03T19:24:56.673+0700] {dagbag.py:588} INFO - Filling up the DagBag from /Users/prabowo.kadir/.pyenv/versions/3.8.18/lib/python3.8/site-packages/airflow/example_dags/plugins/workday.py
[2024-10-03T19:24:56.675+0700] {logging_mixin.py:190} INFO - [2024-10-03T19:24:56.675+0700] {workday.py:41} WARNING - Could not import pandas. Holidays will not be considered.
[2024-10-03T19:24:56.675+0700] {processor.py:927} WARNING - No viable dags retrieved from /Users/prabowo.kadir/.pyenv/versions/3.8.18/lib/python3.8/site-packages/airflow/example_dags/plugins/workday.py
[2024-10-03T19:24:56.757+0700] {processor.py:208} INFO - Processing /Users/prabowo.kadir/.pyenv/versions/3.8.18/lib/python3.8/site-packages/airflow/example_dags/plugins/workday.py took 0.097 seconds
[2024-10-03T19:27:15.309+0700] {processor.py:186} INFO - Started process (PID=90327) to work on /Users/prabowo.kadir/.pyenv/versions/3.8.18/lib/python3.8/site-packages/airflow/example_dags/plugins/workday.py
[2024-10-03T19:27:15.310+0700] {processor.py:914} INFO - Processing file /Users/prabowo.kadir/.pyenv/versions/3.8.18/lib/python3.8/site-packages/airflow/example_dags/plugins/workday.py for tasks to queue
[2024-10-03T19:27:15.311+0700] {logging_mixin.py:190} INFO - [2024-10-03T19:27:15.311+0700] {dagbag.py:588} INFO - Filling up the DagBag from /Users/prabowo.kadir/.pyenv/versions/3.8.18/lib/python3.8/site-packages/airflow/example_dags/plugins/workday.py
[2024-10-03T19:27:15.312+0700] {logging_mixin.py:190} INFO - [2024-10-03T19:27:15.312+0700] {workday.py:41} WARNING - Could not import pandas. Holidays will not be considered.
[2024-10-03T19:27:15.312+0700] {processor.py:927} WARNING - No viable dags retrieved from /Users/prabowo.kadir/.pyenv/versions/3.8.18/lib/python3.8/site-packages/airflow/example_dags/plugins/workday.py
[2024-10-03T19:27:15.373+0700] {processor.py:208} INFO - Processing /Users/prabowo.kadir/.pyenv/versions/3.8.18/lib/python3.8/site-packages/airflow/example_dags/plugins/workday.py took 0.066 seconds
[2024-10-03T19:29:14.399+0700] {processor.py:186} INFO - Started process (PID=90559) to work on /Users/prabowo.kadir/.pyenv/versions/3.8.18/lib/python3.8/site-packages/airflow/example_dags/plugins/workday.py
[2024-10-03T19:29:14.400+0700] {processor.py:914} INFO - Processing file /Users/prabowo.kadir/.pyenv/versions/3.8.18/lib/python3.8/site-packages/airflow/example_dags/plugins/workday.py for tasks to queue
[2024-10-03T19:29:14.400+0700] {logging_mixin.py:190} INFO - [2024-10-03T19:29:14.400+0700] {dagbag.py:588} INFO - Filling up the DagBag from /Users/prabowo.kadir/.pyenv/versions/3.8.18/lib/python3.8/site-packages/airflow/example_dags/plugins/workday.py
[2024-10-03T19:29:14.402+0700] {logging_mixin.py:190} INFO - [2024-10-03T19:29:14.402+0700] {workday.py:41} WARNING - Could not import pandas. Holidays will not be considered.
[2024-10-03T19:29:14.402+0700] {processor.py:927} WARNING - No viable dags retrieved from /Users/prabowo.kadir/.pyenv/versions/3.8.18/lib/python3.8/site-packages/airflow/example_dags/plugins/workday.py
[2024-10-03T19:29:14.465+0700] {processor.py:208} INFO - Processing /Users/prabowo.kadir/.pyenv/versions/3.8.18/lib/python3.8/site-packages/airflow/example_dags/plugins/workday.py took 0.068 seconds
[2024-10-03T19:30:54.778+0700] {processor.py:186} INFO - Started process (PID=90932) to work on /Users/prabowo.kadir/.pyenv/versions/3.8.18/lib/python3.8/site-packages/airflow/example_dags/plugins/workday.py
[2024-10-03T19:30:54.780+0700] {processor.py:914} INFO - Processing file /Users/prabowo.kadir/.pyenv/versions/3.8.18/lib/python3.8/site-packages/airflow/example_dags/plugins/workday.py for tasks to queue
[2024-10-03T19:30:54.780+0700] {logging_mixin.py:190} INFO - [2024-10-03T19:30:54.780+0700] {dagbag.py:588} INFO - Filling up the DagBag from /Users/prabowo.kadir/.pyenv/versions/3.8.18/lib/python3.8/site-packages/airflow/example_dags/plugins/workday.py
[2024-10-03T19:30:54.782+0700] {logging_mixin.py:190} INFO - [2024-10-03T19:30:54.781+0700] {workday.py:41} WARNING - Could not import pandas. Holidays will not be considered.
[2024-10-03T19:30:54.782+0700] {processor.py:927} WARNING - No viable dags retrieved from /Users/prabowo.kadir/.pyenv/versions/3.8.18/lib/python3.8/site-packages/airflow/example_dags/plugins/workday.py
[2024-10-03T19:30:54.847+0700] {processor.py:208} INFO - Processing /Users/prabowo.kadir/.pyenv/versions/3.8.18/lib/python3.8/site-packages/airflow/example_dags/plugins/workday.py took 0.072 seconds
